[1.038s] DEBUG:colcon:Command line arguments: ['/usr/bin/colcon', 'build']
[1.038s] DEBUG:colcon:Parsed command line arguments: Namespace(log_base=None, log_level=None, verb_name='build', build_base='build', install_base='install', merge_install=False, symlink_install=False, test_result_base=None, continue_on_error=False, executor='parallel', parallel_workers=4, event_handlers=None, ignore_user_meta=False, metas=['./colcon.meta'], base_paths=['.'], packages_ignore=None, packages_ignore_regex=None, paths=None, packages_up_to=None, packages_up_to_regex=None, packages_above=None, packages_above_and_dependencies=None, packages_above_depth=None, packages_select_by_dep=None, packages_skip_by_dep=None, packages_skip_up_to=None, packages_select_build_failed=False, packages_skip_build_finished=False, packages_select_test_failures=False, packages_skip_test_passed=False, packages_select=None, packages_skip=None, packages_select_regex=None, packages_skip_regex=None, packages_start=None, packages_end=None, allow_overriding=[], cmake_args=None, cmake_target=None, cmake_target_skip_unavailable=False, cmake_clean_cache=False, cmake_clean_first=False, cmake_force_configure=False, ament_cmake_args=None, catkin_cmake_args=None, catkin_skip_building_tests=False, verb_parser=<colcon_defaults.argument_parser.defaults.DefaultArgumentsDecorator object at 0x7fb6357ce080>, verb_extension=<colcon_core.verb.build.BuildVerb object at 0x7fb635ccfac0>, main=<bound method BuildVerb.main of <colcon_core.verb.build.BuildVerb object at 0x7fb635ccfac0>>)
[1.095s] Level 1:colcon.colcon_core.package_discovery:discover_packages(colcon_meta) check parameters
[1.095s] Level 1:colcon.colcon_core.package_discovery:discover_packages(recursive) check parameters
[1.095s] Level 1:colcon.colcon_core.package_discovery:discover_packages(ignore) check parameters
[1.095s] Level 1:colcon.colcon_core.package_discovery:discover_packages(path) check parameters
[1.095s] Level 1:colcon.colcon_core.package_discovery:discover_packages(colcon_meta) discover
[1.095s] Level 1:colcon.colcon_core.package_discovery:discover_packages(recursive) discover
[1.095s] INFO:colcon.colcon_core.package_discovery:Crawling recursively for packages in '/home/group_c/tas2-software'
[1.095s] Level 1:colcon.colcon_core.package_identification:_identify(.) by extensions ['ignore', 'ignore_ament_install']
[1.095s] Level 1:colcon.colcon_core.package_identification:_identify(.) by extension 'ignore'
[1.095s] Level 1:colcon.colcon_core.package_identification:_identify(.) by extension 'ignore_ament_install'
[1.095s] Level 1:colcon.colcon_core.package_identification:_identify(.) by extensions ['colcon_pkg']
[1.095s] Level 1:colcon.colcon_core.package_identification:_identify(.) by extension 'colcon_pkg'
[1.095s] Level 1:colcon.colcon_core.package_identification:_identify(.) by extensions ['colcon_meta']
[1.095s] Level 1:colcon.colcon_core.package_identification:_identify(.) by extension 'colcon_meta'
[1.095s] Level 1:colcon.colcon_core.package_identification:_identify(.) by extensions ['ros']
[1.095s] Level 1:colcon.colcon_core.package_identification:_identify(.) by extension 'ros'
[1.109s] Level 1:colcon.colcon_core.package_identification:_identify(.) by extensions ['cmake', 'python']
[1.109s] Level 1:colcon.colcon_core.package_identification:_identify(.) by extension 'cmake'
[1.109s] Level 1:colcon.colcon_core.package_identification:_identify(.) by extension 'python'
[1.109s] Level 1:colcon.colcon_core.package_identification:_identify(.) by extensions ['python_setup_py']
[1.109s] Level 1:colcon.colcon_core.package_identification:_identify(.) by extension 'python_setup_py'
[1.109s] Level 1:colcon.colcon_core.package_identification:_identify(build) by extensions ['ignore', 'ignore_ament_install']
[1.109s] Level 1:colcon.colcon_core.package_identification:_identify(build) by extension 'ignore'
[1.109s] Level 1:colcon.colcon_core.package_identification:_identify(build) ignored
[1.110s] Level 1:colcon.colcon_core.package_identification:_identify(hardware) by extensions ['ignore', 'ignore_ament_install']
[1.110s] Level 1:colcon.colcon_core.package_identification:_identify(hardware) by extension 'ignore'
[1.110s] Level 1:colcon.colcon_core.package_identification:_identify(hardware) by extension 'ignore_ament_install'
[1.110s] Level 1:colcon.colcon_core.package_identification:_identify(hardware) by extensions ['colcon_pkg']
[1.110s] Level 1:colcon.colcon_core.package_identification:_identify(hardware) by extension 'colcon_pkg'
[1.110s] Level 1:colcon.colcon_core.package_identification:_identify(hardware) by extensions ['colcon_meta']
[1.110s] Level 1:colcon.colcon_core.package_identification:_identify(hardware) by extension 'colcon_meta'
[1.110s] Level 1:colcon.colcon_core.package_identification:_identify(hardware) by extensions ['ros']
[1.110s] Level 1:colcon.colcon_core.package_identification:_identify(hardware) by extension 'ros'
[1.110s] Level 1:colcon.colcon_core.package_identification:_identify(hardware) by extensions ['cmake', 'python']
[1.110s] Level 1:colcon.colcon_core.package_identification:_identify(hardware) by extension 'cmake'
[1.110s] Level 1:colcon.colcon_core.package_identification:_identify(hardware) by extension 'python'
[1.110s] Level 1:colcon.colcon_core.package_identification:_identify(hardware) by extensions ['python_setup_py']
[1.110s] Level 1:colcon.colcon_core.package_identification:_identify(hardware) by extension 'python_setup_py'
[1.110s] Level 1:colcon.colcon_core.package_identification:_identify(hardware/Aruino_TestHardware) by extensions ['ignore', 'ignore_ament_install']
[1.110s] Level 1:colcon.colcon_core.package_identification:_identify(hardware/Aruino_TestHardware) by extension 'ignore'
[1.110s] Level 1:colcon.colcon_core.package_identification:_identify(hardware/Aruino_TestHardware) by extension 'ignore_ament_install'
[1.110s] Level 1:colcon.colcon_core.package_identification:_identify(hardware/Aruino_TestHardware) by extensions ['colcon_pkg']
[1.110s] Level 1:colcon.colcon_core.package_identification:_identify(hardware/Aruino_TestHardware) by extension 'colcon_pkg'
[1.111s] Level 1:colcon.colcon_core.package_identification:_identify(hardware/Aruino_TestHardware) by extensions ['colcon_meta']
[1.111s] Level 1:colcon.colcon_core.package_identification:_identify(hardware/Aruino_TestHardware) by extension 'colcon_meta'
[1.111s] Level 1:colcon.colcon_core.package_identification:_identify(hardware/Aruino_TestHardware) by extensions ['ros']
[1.111s] Level 1:colcon.colcon_core.package_identification:_identify(hardware/Aruino_TestHardware) by extension 'ros'
[1.111s] Level 1:colcon.colcon_core.package_identification:_identify(hardware/Aruino_TestHardware) by extensions ['cmake', 'python']
[1.111s] Level 1:colcon.colcon_core.package_identification:_identify(hardware/Aruino_TestHardware) by extension 'cmake'
[1.111s] Level 1:colcon.colcon_core.package_identification:_identify(hardware/Aruino_TestHardware) by extension 'python'
[1.111s] Level 1:colcon.colcon_core.package_identification:_identify(hardware/Aruino_TestHardware) by extensions ['python_setup_py']
[1.111s] Level 1:colcon.colcon_core.package_identification:_identify(hardware/Aruino_TestHardware) by extension 'python_setup_py'
[1.111s] Level 1:colcon.colcon_core.package_identification:_identify(hardware/ESP_TASCar) by extensions ['ignore', 'ignore_ament_install']
[1.111s] Level 1:colcon.colcon_core.package_identification:_identify(hardware/ESP_TASCar) by extension 'ignore'
[1.111s] Level 1:colcon.colcon_core.package_identification:_identify(hardware/ESP_TASCar) by extension 'ignore_ament_install'
[1.111s] Level 1:colcon.colcon_core.package_identification:_identify(hardware/ESP_TASCar) by extensions ['colcon_pkg']
[1.111s] Level 1:colcon.colcon_core.package_identification:_identify(hardware/ESP_TASCar) by extension 'colcon_pkg'
[1.111s] Level 1:colcon.colcon_core.package_identification:_identify(hardware/ESP_TASCar) by extensions ['colcon_meta']
[1.111s] Level 1:colcon.colcon_core.package_identification:_identify(hardware/ESP_TASCar) by extension 'colcon_meta'
[1.111s] Level 1:colcon.colcon_core.package_identification:_identify(hardware/ESP_TASCar) by extensions ['ros']
[1.111s] Level 1:colcon.colcon_core.package_identification:_identify(hardware/ESP_TASCar) by extension 'ros'
[1.111s] Level 1:colcon.colcon_core.package_identification:_identify(hardware/ESP_TASCar) by extensions ['cmake', 'python']
[1.111s] Level 1:colcon.colcon_core.package_identification:_identify(hardware/ESP_TASCar) by extension 'cmake'
[1.111s] Level 1:colcon.colcon_core.package_identification:_identify(hardware/ESP_TASCar) by extension 'python'
[1.111s] Level 1:colcon.colcon_core.package_identification:_identify(hardware/ESP_TASCar) by extensions ['python_setup_py']
[1.111s] Level 1:colcon.colcon_core.package_identification:_identify(hardware/ESP_TASCar) by extension 'python_setup_py'
[1.112s] Level 1:colcon.colcon_core.package_identification:_identify(img) by extensions ['ignore', 'ignore_ament_install']
[1.112s] Level 1:colcon.colcon_core.package_identification:_identify(img) by extension 'ignore'
[1.112s] Level 1:colcon.colcon_core.package_identification:_identify(img) by extension 'ignore_ament_install'
[1.112s] Level 1:colcon.colcon_core.package_identification:_identify(img) by extensions ['colcon_pkg']
[1.112s] Level 1:colcon.colcon_core.package_identification:_identify(img) by extension 'colcon_pkg'
[1.112s] Level 1:colcon.colcon_core.package_identification:_identify(img) by extensions ['colcon_meta']
[1.112s] Level 1:colcon.colcon_core.package_identification:_identify(img) by extension 'colcon_meta'
[1.112s] Level 1:colcon.colcon_core.package_identification:_identify(img) by extensions ['ros']
[1.112s] Level 1:colcon.colcon_core.package_identification:_identify(img) by extension 'ros'
[1.112s] Level 1:colcon.colcon_core.package_identification:_identify(img) by extensions ['cmake', 'python']
[1.112s] Level 1:colcon.colcon_core.package_identification:_identify(img) by extension 'cmake'
[1.112s] Level 1:colcon.colcon_core.package_identification:_identify(img) by extension 'python'
[1.112s] Level 1:colcon.colcon_core.package_identification:_identify(img) by extensions ['python_setup_py']
[1.112s] Level 1:colcon.colcon_core.package_identification:_identify(img) by extension 'python_setup_py'
[1.112s] Level 1:colcon.colcon_core.package_identification:_identify(install) by extensions ['ignore', 'ignore_ament_install']
[1.112s] Level 1:colcon.colcon_core.package_identification:_identify(install) by extension 'ignore'
[1.113s] Level 1:colcon.colcon_core.package_identification:_identify(install) ignored
[1.113s] Level 1:colcon.colcon_core.package_identification:_identify(log) by extensions ['ignore', 'ignore_ament_install']
[1.113s] Level 1:colcon.colcon_core.package_identification:_identify(log) by extension 'ignore'
[1.113s] Level 1:colcon.colcon_core.package_identification:_identify(log) ignored
[1.113s] Level 1:colcon.colcon_core.package_identification:_identify(src) by extensions ['ignore', 'ignore_ament_install']
[1.113s] Level 1:colcon.colcon_core.package_identification:_identify(src) by extension 'ignore'
[1.113s] Level 1:colcon.colcon_core.package_identification:_identify(src) by extension 'ignore_ament_install'
[1.113s] Level 1:colcon.colcon_core.package_identification:_identify(src) by extensions ['colcon_pkg']
[1.113s] Level 1:colcon.colcon_core.package_identification:_identify(src) by extension 'colcon_pkg'
[1.113s] Level 1:colcon.colcon_core.package_identification:_identify(src) by extensions ['colcon_meta']
[1.114s] Level 1:colcon.colcon_core.package_identification:_identify(src) by extension 'colcon_meta'
[1.114s] Level 1:colcon.colcon_core.package_identification:_identify(src) by extensions ['ros']
[1.114s] Level 1:colcon.colcon_core.package_identification:_identify(src) by extension 'ros'
[1.114s] Level 1:colcon.colcon_core.package_identification:_identify(src) by extensions ['cmake', 'python']
[1.114s] Level 1:colcon.colcon_core.package_identification:_identify(src) by extension 'cmake'
[1.114s] Level 1:colcon.colcon_core.package_identification:_identify(src) by extension 'python'
[1.114s] Level 1:colcon.colcon_core.package_identification:_identify(src) by extensions ['python_setup_py']
[1.114s] Level 1:colcon.colcon_core.package_identification:_identify(src) by extension 'python_setup_py'
[1.114s] Level 1:colcon.colcon_core.package_identification:_identify(src/csm) by extensions ['ignore', 'ignore_ament_install']
[1.114s] Level 1:colcon.colcon_core.package_identification:_identify(src/csm) by extension 'ignore'
[1.114s] Level 1:colcon.colcon_core.package_identification:_identify(src/csm) by extension 'ignore_ament_install'
[1.114s] Level 1:colcon.colcon_core.package_identification:_identify(src/csm) by extensions ['colcon_pkg']
[1.114s] Level 1:colcon.colcon_core.package_identification:_identify(src/csm) by extension 'colcon_pkg'
[1.114s] Level 1:colcon.colcon_core.package_identification:_identify(src/csm) by extensions ['colcon_meta']
[1.114s] Level 1:colcon.colcon_core.package_identification:_identify(src/csm) by extension 'colcon_meta'
[1.114s] Level 1:colcon.colcon_core.package_identification:_identify(src/csm) by extensions ['ros']
[1.114s] Level 1:colcon.colcon_core.package_identification:_identify(src/csm) by extension 'ros'
[1.117s] DEBUG:colcon.colcon_core.package_identification:Package 'src/csm' with type 'ros.ament_cmake' and name 'csm'
[1.117s] Level 1:colcon.colcon_core.package_identification:_identify(src/object_tracker) by extensions ['ignore', 'ignore_ament_install']
[1.117s] Level 1:colcon.colcon_core.package_identification:_identify(src/object_tracker) by extension 'ignore'
[1.117s] Level 1:colcon.colcon_core.package_identification:_identify(src/object_tracker) by extension 'ignore_ament_install'
[1.117s] Level 1:colcon.colcon_core.package_identification:_identify(src/object_tracker) by extensions ['colcon_pkg']
[1.117s] Level 1:colcon.colcon_core.package_identification:_identify(src/object_tracker) by extension 'colcon_pkg'
[1.117s] Level 1:colcon.colcon_core.package_identification:_identify(src/object_tracker) by extensions ['colcon_meta']
[1.118s] Level 1:colcon.colcon_core.package_identification:_identify(src/object_tracker) by extension 'colcon_meta'
[1.118s] Level 1:colcon.colcon_core.package_identification:_identify(src/object_tracker) by extensions ['ros']
[1.118s] Level 1:colcon.colcon_core.package_identification:_identify(src/object_tracker) by extension 'ros'
[1.118s] DEBUG:colcon.colcon_core.package_identification:Package 'src/object_tracker' with type 'ros.ament_python' and name 'object_tracker'
[1.119s] Level 1:colcon.colcon_core.package_identification:_identify(src/ros2_laser_scan_matcher) by extensions ['ignore', 'ignore_ament_install']
[1.119s] Level 1:colcon.colcon_core.package_identification:_identify(src/ros2_laser_scan_matcher) by extension 'ignore'
[1.119s] Level 1:colcon.colcon_core.package_identification:_identify(src/ros2_laser_scan_matcher) by extension 'ignore_ament_install'
[1.119s] Level 1:colcon.colcon_core.package_identification:_identify(src/ros2_laser_scan_matcher) by extensions ['colcon_pkg']
[1.119s] Level 1:colcon.colcon_core.package_identification:_identify(src/ros2_laser_scan_matcher) by extension 'colcon_pkg'
[1.119s] Level 1:colcon.colcon_core.package_identification:_identify(src/ros2_laser_scan_matcher) by extensions ['colcon_meta']
[1.119s] Level 1:colcon.colcon_core.package_identification:_identify(src/ros2_laser_scan_matcher) by extension 'colcon_meta'
[1.119s] Level 1:colcon.colcon_core.package_identification:_identify(src/ros2_laser_scan_matcher) by extensions ['ros']
[1.119s] Level 1:colcon.colcon_core.package_identification:_identify(src/ros2_laser_scan_matcher) by extension 'ros'
[1.120s] DEBUG:colcon.colcon_core.package_identification:Package 'src/ros2_laser_scan_matcher' with type 'ros.ament_cmake' and name 'ros2_laser_scan_matcher'
[1.120s] Level 1:colcon.colcon_core.package_identification:_identify(src/tas2) by extensions ['ignore', 'ignore_ament_install']
[1.120s] Level 1:colcon.colcon_core.package_identification:_identify(src/tas2) by extension 'ignore'
[1.120s] Level 1:colcon.colcon_core.package_identification:_identify(src/tas2) by extension 'ignore_ament_install'
[1.120s] Level 1:colcon.colcon_core.package_identification:_identify(src/tas2) by extensions ['colcon_pkg']
[1.120s] Level 1:colcon.colcon_core.package_identification:_identify(src/tas2) by extension 'colcon_pkg'
[1.120s] Level 1:colcon.colcon_core.package_identification:_identify(src/tas2) by extensions ['colcon_meta']
[1.120s] Level 1:colcon.colcon_core.package_identification:_identify(src/tas2) by extension 'colcon_meta'
[1.120s] Level 1:colcon.colcon_core.package_identification:_identify(src/tas2) by extensions ['ros']
[1.120s] Level 1:colcon.colcon_core.package_identification:_identify(src/tas2) by extension 'ros'
[1.121s] DEBUG:colcon.colcon_core.package_identification:Package 'src/tas2' with type 'ros.ament_cmake' and name 'tas2'
[1.121s] Level 1:colcon.colcon_core.package_identification:_identify(src/tas_hardware) by extensions ['ignore', 'ignore_ament_install']
[1.121s] Level 1:colcon.colcon_core.package_identification:_identify(src/tas_hardware) by extension 'ignore'
[1.121s] Level 1:colcon.colcon_core.package_identification:_identify(src/tas_hardware) by extension 'ignore_ament_install'
[1.121s] Level 1:colcon.colcon_core.package_identification:_identify(src/tas_hardware) by extensions ['colcon_pkg']
[1.121s] Level 1:colcon.colcon_core.package_identification:_identify(src/tas_hardware) by extension 'colcon_pkg'
[1.121s] Level 1:colcon.colcon_core.package_identification:_identify(src/tas_hardware) by extensions ['colcon_meta']
[1.121s] Level 1:colcon.colcon_core.package_identification:_identify(src/tas_hardware) by extension 'colcon_meta'
[1.121s] Level 1:colcon.colcon_core.package_identification:_identify(src/tas_hardware) by extensions ['ros']
[1.121s] Level 1:colcon.colcon_core.package_identification:_identify(src/tas_hardware) by extension 'ros'
[1.122s] DEBUG:colcon.colcon_core.package_identification:Package 'src/tas_hardware' with type 'ros.ament_python' and name 'tas_hardware'
[1.122s] Level 1:colcon.colcon_core.package_identification:_identify(src/urg_node2) by extensions ['ignore', 'ignore_ament_install']
[1.122s] Level 1:colcon.colcon_core.package_identification:_identify(src/urg_node2) by extension 'ignore'
[1.122s] Level 1:colcon.colcon_core.package_identification:_identify(src/urg_node2) by extension 'ignore_ament_install'
[1.122s] Level 1:colcon.colcon_core.package_identification:_identify(src/urg_node2) by extensions ['colcon_pkg']
[1.122s] Level 1:colcon.colcon_core.package_identification:_identify(src/urg_node2) by extension 'colcon_pkg'
[1.122s] Level 1:colcon.colcon_core.package_identification:_identify(src/urg_node2) by extensions ['colcon_meta']
[1.122s] Level 1:colcon.colcon_core.package_identification:_identify(src/urg_node2) by extension 'colcon_meta'
[1.122s] Level 1:colcon.colcon_core.package_identification:_identify(src/urg_node2) by extensions ['ros']
[1.122s] Level 1:colcon.colcon_core.package_identification:_identify(src/urg_node2) by extension 'ros'
[1.124s] DEBUG:colcon.colcon_core.package_identification:Package 'src/urg_node2' with type 'ros.ament_cmake' and name 'urg_node2'
[1.124s] Level 1:colcon.colcon_core.package_discovery:discover_packages(recursive) using defaults
[1.124s] Level 1:colcon.colcon_core.package_discovery:discover_packages(ignore) discover
[1.124s] Level 1:colcon.colcon_core.package_discovery:discover_packages(ignore) using defaults
[1.124s] Level 1:colcon.colcon_core.package_discovery:discover_packages(path) discover
[1.124s] Level 1:colcon.colcon_core.package_discovery:discover_packages(path) using defaults
[1.219s] Level 1:colcon.colcon_core.package_discovery:discover_packages(prefix_path) check parameters
[1.219s] Level 1:colcon.colcon_core.package_discovery:discover_packages(prefix_path) discover
[1.252s] DEBUG:colcon.colcon_installed_package_information.package_discovery:Found 6 installed packages in /home/group_c/tas2-software/install
[1.268s] DEBUG:colcon.colcon_installed_package_information.package_discovery:Found 379 installed packages in /opt/ros/humble
[1.270s] Level 1:colcon.colcon_core.package_discovery:discover_packages(prefix_path) using defaults
[1.367s] Level 5:colcon.colcon_core.verb:set package 'csm' build argument 'cmake_args' from command line to 'None'
[1.367s] Level 5:colcon.colcon_core.verb:set package 'csm' build argument 'cmake_target' from command line to 'None'
[1.367s] Level 5:colcon.colcon_core.verb:set package 'csm' build argument 'cmake_target_skip_unavailable' from command line to 'False'
[1.367s] Level 5:colcon.colcon_core.verb:set package 'csm' build argument 'cmake_clean_cache' from command line to 'False'
[1.368s] Level 5:colcon.colcon_core.verb:set package 'csm' build argument 'cmake_clean_first' from command line to 'False'
[1.368s] Level 5:colcon.colcon_core.verb:set package 'csm' build argument 'cmake_force_configure' from command line to 'False'
[1.368s] Level 5:colcon.colcon_core.verb:set package 'csm' build argument 'ament_cmake_args' from command line to 'None'
[1.368s] Level 5:colcon.colcon_core.verb:set package 'csm' build argument 'catkin_cmake_args' from command line to 'None'
[1.368s] Level 5:colcon.colcon_core.verb:set package 'csm' build argument 'catkin_skip_building_tests' from command line to 'False'
[1.368s] DEBUG:colcon.colcon_core.verb:Building package 'csm' with the following arguments: {'ament_cmake_args': None, 'build_base': '/home/group_c/tas2-software/build/csm', 'catkin_cmake_args': None, 'catkin_skip_building_tests': False, 'cmake_args': None, 'cmake_clean_cache': False, 'cmake_clean_first': False, 'cmake_force_configure': False, 'cmake_target': None, 'cmake_target_skip_unavailable': False, 'install_base': '/home/group_c/tas2-software/install/csm', 'merge_install': False, 'path': '/home/group_c/tas2-software/src/csm', 'symlink_install': False, 'test_result_base': None}
[1.383s] Level 5:colcon.colcon_core.verb:set package 'object_tracker' build argument 'cmake_args' from command line to 'None'
[1.383s] Level 5:colcon.colcon_core.verb:set package 'object_tracker' build argument 'cmake_target' from command line to 'None'
[1.383s] Level 5:colcon.colcon_core.verb:set package 'object_tracker' build argument 'cmake_target_skip_unavailable' from command line to 'False'
[1.383s] Level 5:colcon.colcon_core.verb:set package 'object_tracker' build argument 'cmake_clean_cache' from command line to 'False'
[1.383s] Level 5:colcon.colcon_core.verb:set package 'object_tracker' build argument 'cmake_clean_first' from command line to 'False'
[1.383s] Level 5:colcon.colcon_core.verb:set package 'object_tracker' build argument 'cmake_force_configure' from command line to 'False'
[1.383s] Level 5:colcon.colcon_core.verb:set package 'object_tracker' build argument 'ament_cmake_args' from command line to 'None'
[1.383s] Level 5:colcon.colcon_core.verb:set package 'object_tracker' build argument 'catkin_cmake_args' from command line to 'None'
[1.383s] Level 5:colcon.colcon_core.verb:set package 'object_tracker' build argument 'catkin_skip_building_tests' from command line to 'False'
[1.383s] DEBUG:colcon.colcon_core.verb:Building package 'object_tracker' with the following arguments: {'ament_cmake_args': None, 'build_base': '/home/group_c/tas2-software/build/object_tracker', 'catkin_cmake_args': None, 'catkin_skip_building_tests': False, 'cmake_args': None, 'cmake_clean_cache': False, 'cmake_clean_first': False, 'cmake_force_configure': False, 'cmake_target': None, 'cmake_target_skip_unavailable': False, 'install_base': '/home/group_c/tas2-software/install/object_tracker', 'merge_install': False, 'path': '/home/group_c/tas2-software/src/object_tracker', 'symlink_install': False, 'test_result_base': None}
[1.400s] Level 5:colcon.colcon_core.verb:set package 'tas2' build argument 'cmake_args' from command line to 'None'
[1.400s] Level 5:colcon.colcon_core.verb:set package 'tas2' build argument 'cmake_target' from command line to 'None'
[1.400s] Level 5:colcon.colcon_core.verb:set package 'tas2' build argument 'cmake_target_skip_unavailable' from command line to 'False'
[1.400s] Level 5:colcon.colcon_core.verb:set package 'tas2' build argument 'cmake_clean_cache' from command line to 'False'
[1.400s] Level 5:colcon.colcon_core.verb:set package 'tas2' build argument 'cmake_clean_first' from command line to 'False'
[1.400s] Level 5:colcon.colcon_core.verb:set package 'tas2' build argument 'cmake_force_configure' from command line to 'False'
[1.400s] Level 5:colcon.colcon_core.verb:set package 'tas2' build argument 'ament_cmake_args' from command line to 'None'
[1.400s] Level 5:colcon.colcon_core.verb:set package 'tas2' build argument 'catkin_cmake_args' from command line to 'None'
[1.400s] Level 5:colcon.colcon_core.verb:set package 'tas2' build argument 'catkin_skip_building_tests' from command line to 'False'
[1.400s] DEBUG:colcon.colcon_core.verb:Building package 'tas2' with the following arguments: {'ament_cmake_args': None, 'build_base': '/home/group_c/tas2-software/build/tas2', 'catkin_cmake_args': None, 'catkin_skip_building_tests': False, 'cmake_args': None, 'cmake_clean_cache': False, 'cmake_clean_first': False, 'cmake_force_configure': False, 'cmake_target': None, 'cmake_target_skip_unavailable': False, 'install_base': '/home/group_c/tas2-software/install/tas2', 'merge_install': False, 'path': '/home/group_c/tas2-software/src/tas2', 'symlink_install': False, 'test_result_base': None}
[1.416s] Level 5:colcon.colcon_core.verb:set package 'tas_hardware' build argument 'cmake_args' from command line to 'None'
[1.416s] Level 5:colcon.colcon_core.verb:set package 'tas_hardware' build argument 'cmake_target' from command line to 'None'
[1.416s] Level 5:colcon.colcon_core.verb:set package 'tas_hardware' build argument 'cmake_target_skip_unavailable' from command line to 'False'
[1.416s] Level 5:colcon.colcon_core.verb:set package 'tas_hardware' build argument 'cmake_clean_cache' from command line to 'False'
[1.416s] Level 5:colcon.colcon_core.verb:set package 'tas_hardware' build argument 'cmake_clean_first' from command line to 'False'
[1.416s] Level 5:colcon.colcon_core.verb:set package 'tas_hardware' build argument 'cmake_force_configure' from command line to 'False'
[1.416s] Level 5:colcon.colcon_core.verb:set package 'tas_hardware' build argument 'ament_cmake_args' from command line to 'None'
[1.416s] Level 5:colcon.colcon_core.verb:set package 'tas_hardware' build argument 'catkin_cmake_args' from command line to 'None'
[1.416s] Level 5:colcon.colcon_core.verb:set package 'tas_hardware' build argument 'catkin_skip_building_tests' from command line to 'False'
[1.416s] DEBUG:colcon.colcon_core.verb:Building package 'tas_hardware' with the following arguments: {'ament_cmake_args': None, 'build_base': '/home/group_c/tas2-software/build/tas_hardware', 'catkin_cmake_args': None, 'catkin_skip_building_tests': False, 'cmake_args': None, 'cmake_clean_cache': False, 'cmake_clean_first': False, 'cmake_force_configure': False, 'cmake_target': None, 'cmake_target_skip_unavailable': False, 'install_base': '/home/group_c/tas2-software/install/tas_hardware', 'merge_install': False, 'path': '/home/group_c/tas2-software/src/tas_hardware', 'symlink_install': False, 'test_result_base': None}
[1.431s] Level 5:colcon.colcon_core.verb:set package 'urg_node2' build argument 'cmake_args' from command line to 'None'
[1.431s] Level 5:colcon.colcon_core.verb:set package 'urg_node2' build argument 'cmake_target' from command line to 'None'
[1.431s] Level 5:colcon.colcon_core.verb:set package 'urg_node2' build argument 'cmake_target_skip_unavailable' from command line to 'False'
[1.431s] Level 5:colcon.colcon_core.verb:set package 'urg_node2' build argument 'cmake_clean_cache' from command line to 'False'
[1.431s] Level 5:colcon.colcon_core.verb:set package 'urg_node2' build argument 'cmake_clean_first' from command line to 'False'
[1.431s] Level 5:colcon.colcon_core.verb:set package 'urg_node2' build argument 'cmake_force_configure' from command line to 'False'
[1.432s] Level 5:colcon.colcon_core.verb:set package 'urg_node2' build argument 'ament_cmake_args' from command line to 'None'
[1.432s] Level 5:colcon.colcon_core.verb:set package 'urg_node2' build argument 'catkin_cmake_args' from command line to 'None'
[1.432s] Level 5:colcon.colcon_core.verb:set package 'urg_node2' build argument 'catkin_skip_building_tests' from command line to 'False'
[1.432s] DEBUG:colcon.colcon_core.verb:Building package 'urg_node2' with the following arguments: {'ament_cmake_args': None, 'build_base': '/home/group_c/tas2-software/build/urg_node2', 'catkin_cmake_args': None, 'catkin_skip_building_tests': False, 'cmake_args': None, 'cmake_clean_cache': False, 'cmake_clean_first': False, 'cmake_force_configure': False, 'cmake_target': None, 'cmake_target_skip_unavailable': False, 'install_base': '/home/group_c/tas2-software/install/urg_node2', 'merge_install': False, 'path': '/home/group_c/tas2-software/src/urg_node2', 'symlink_install': False, 'test_result_base': None}
[1.447s] Level 5:colcon.colcon_core.verb:set package 'ros2_laser_scan_matcher' build argument 'cmake_args' from command line to 'None'
[1.447s] Level 5:colcon.colcon_core.verb:set package 'ros2_laser_scan_matcher' build argument 'cmake_target' from command line to 'None'
[1.447s] Level 5:colcon.colcon_core.verb:set package 'ros2_laser_scan_matcher' build argument 'cmake_target_skip_unavailable' from command line to 'False'
[1.447s] Level 5:colcon.colcon_core.verb:set package 'ros2_laser_scan_matcher' build argument 'cmake_clean_cache' from command line to 'False'
[1.447s] Level 5:colcon.colcon_core.verb:set package 'ros2_laser_scan_matcher' build argument 'cmake_clean_first' from command line to 'False'
[1.447s] Level 5:colcon.colcon_core.verb:set package 'ros2_laser_scan_matcher' build argument 'cmake_force_configure' from command line to 'False'
[1.447s] Level 5:colcon.colcon_core.verb:set package 'ros2_laser_scan_matcher' build argument 'ament_cmake_args' from command line to 'None'
[1.447s] Level 5:colcon.colcon_core.verb:set package 'ros2_laser_scan_matcher' build argument 'catkin_cmake_args' from command line to 'None'
[1.447s] Level 5:colcon.colcon_core.verb:set package 'ros2_laser_scan_matcher' build argument 'catkin_skip_building_tests' from command line to 'False'
[1.447s] DEBUG:colcon.colcon_core.verb:Building package 'ros2_laser_scan_matcher' with the following arguments: {'ament_cmake_args': None, 'build_base': '/home/group_c/tas2-software/build/ros2_laser_scan_matcher', 'catkin_cmake_args': None, 'catkin_skip_building_tests': False, 'cmake_args': None, 'cmake_clean_cache': False, 'cmake_clean_first': False, 'cmake_force_configure': False, 'cmake_target': None, 'cmake_target_skip_unavailable': False, 'install_base': '/home/group_c/tas2-software/install/ros2_laser_scan_matcher', 'merge_install': False, 'path': '/home/group_c/tas2-software/src/ros2_laser_scan_matcher', 'symlink_install': False, 'test_result_base': None}
[1.463s] INFO:colcon.colcon_core.executor:Executing jobs using 'parallel' executor
[1.479s] DEBUG:colcon.colcon_parallel_executor.executor.parallel:run_until_complete
[1.479s] INFO:colcon.colcon_ros.task.ament_cmake.build:Building ROS package in '/home/group_c/tas2-software/src/csm' with build type 'ament_cmake'
[1.479s] INFO:colcon.colcon_cmake.task.cmake.build:Building CMake package in '/home/group_c/tas2-software/src/csm'
[1.497s] INFO:colcon.colcon_core.plugin_system:Skipping extension 'colcon_core.shell.bat': Not used on non-Windows systems
[1.497s] INFO:colcon.colcon_core.shell:Skip shell extension 'powershell' for command environment: Not usable outside of PowerShell
[1.497s] DEBUG:colcon.colcon_core.shell:Skip shell extension 'dsv' for command environment
[1.548s] INFO:colcon.colcon_ros.task.ament_python.build:Building ROS package in '/home/group_c/tas2-software/src/object_tracker' with build type 'ament_python'
[1.548s] Level 1:colcon.colcon_core.shell:create_environment_hook('object_tracker', 'ament_prefix_path')
[1.564s] INFO:colcon.colcon_core.shell:Creating environment hook '/home/group_c/tas2-software/install/object_tracker/share/object_tracker/hook/ament_prefix_path.ps1'
[1.564s] INFO:colcon.colcon_core.shell:Creating environment descriptor '/home/group_c/tas2-software/install/object_tracker/share/object_tracker/hook/ament_prefix_path.dsv'
[1.565s] INFO:colcon.colcon_core.shell:Creating environment hook '/home/group_c/tas2-software/install/object_tracker/share/object_tracker/hook/ament_prefix_path.sh'
[1.582s] INFO:colcon.colcon_core.shell:Skip shell extension 'powershell' for command environment: Not usable outside of PowerShell
[1.582s] DEBUG:colcon.colcon_core.shell:Skip shell extension 'dsv' for command environment
[1.643s] INFO:colcon.colcon_ros.task.ament_cmake.build:Building ROS package in '/home/group_c/tas2-software/src/tas2' with build type 'ament_cmake'
[1.643s] INFO:colcon.colcon_cmake.task.cmake.build:Building CMake package in '/home/group_c/tas2-software/src/tas2'
[1.661s] INFO:colcon.colcon_core.shell:Skip shell extension 'powershell' for command environment: Not usable outside of PowerShell
[1.662s] DEBUG:colcon.colcon_core.shell:Skip shell extension 'dsv' for command environment
[1.719s] INFO:colcon.colcon_ros.task.ament_python.build:Building ROS package in '/home/group_c/tas2-software/src/tas_hardware' with build type 'ament_python'
[1.720s] Level 1:colcon.colcon_core.shell:create_environment_hook('tas_hardware', 'ament_prefix_path')
[1.736s] INFO:colcon.colcon_core.shell:Creating environment hook '/home/group_c/tas2-software/install/tas_hardware/share/tas_hardware/hook/ament_prefix_path.ps1'
[1.736s] INFO:colcon.colcon_core.shell:Creating environment descriptor '/home/group_c/tas2-software/install/tas_hardware/share/tas_hardware/hook/ament_prefix_path.dsv'
[1.736s] INFO:colcon.colcon_core.shell:Creating environment hook '/home/group_c/tas2-software/install/tas_hardware/share/tas_hardware/hook/ament_prefix_path.sh'
[1.753s] INFO:colcon.colcon_core.shell:Skip shell extension 'powershell' for command environment: Not usable outside of PowerShell
[1.753s] DEBUG:colcon.colcon_core.shell:Skip shell extension 'dsv' for command environment
[1.808s] DEBUG:colcon.colcon_core.event_handler.log_command:Invoking command in '/home/group_c/tas2-software/build/csm': CMAKE_PREFIX_PATH=${CMAKE_PREFIX_PATH}:/home/group_c/tas2-software/install/tas_hardware:/home/group_c/tas2-software/install/object_tracker:/opt/ros/humble /usr/bin/cmake --build /home/group_c/tas2-software/build/csm -- -j4 -l4
[2.016s] INFO:colcon.colcon_core.task.python.build:Building Python package in '/home/group_c/tas2-software/src/object_tracker'
[2.032s] INFO:colcon.colcon_core.shell:Skip shell extension 'powershell' for command environment: Not usable outside of PowerShell
[2.032s] DEBUG:colcon.colcon_core.shell:Skip shell extension 'dsv' for command environment
[2.090s] DEBUG:colcon.colcon_core.event_handler.log_command:Invoking command in '/home/group_c/tas2-software/build/tas2': CMAKE_PREFIX_PATH=${CMAKE_PREFIX_PATH}:/home/group_c/tas2-software/install/tas_hardware:/home/group_c/tas2-software/install/object_tracker:/opt/ros/humble /usr/bin/cmake --build /home/group_c/tas2-software/build/tas2 -- -j4 -l4
[2.317s] INFO:colcon.colcon_core.task.python.build:Building Python package in '/home/group_c/tas2-software/src/tas_hardware'
[2.333s] INFO:colcon.colcon_core.shell:Skip shell extension 'powershell' for command environment: Not usable outside of PowerShell
[2.333s] DEBUG:colcon.colcon_core.shell:Skip shell extension 'dsv' for command environment
[2.386s] DEBUG:colcon.colcon_core.event_handler.log_command:Invoked command in '/home/group_c/tas2-software/build/csm' returned '0': CMAKE_PREFIX_PATH=${CMAKE_PREFIX_PATH}:/home/group_c/tas2-software/install/tas_hardware:/home/group_c/tas2-software/install/object_tracker:/opt/ros/humble /usr/bin/cmake --build /home/group_c/tas2-software/build/csm -- -j4 -l4
[2.389s] DEBUG:colcon.colcon_core.event_handler.log_command:Invoked command in '/home/group_c/tas2-software/build/tas2' returned '0': CMAKE_PREFIX_PATH=${CMAKE_PREFIX_PATH}:/home/group_c/tas2-software/install/tas_hardware:/home/group_c/tas2-software/install/object_tracker:/opt/ros/humble /usr/bin/cmake --build /home/group_c/tas2-software/build/tas2 -- -j4 -l4
[2.441s] DEBUG:colcon.colcon_core.event_handler.log_command:Invoking command in '/home/group_c/tas2-software/build/tas2': CMAKE_PREFIX_PATH=${CMAKE_PREFIX_PATH}:/home/group_c/tas2-software/install/tas_hardware:/home/group_c/tas2-software/install/object_tracker:/opt/ros/humble /usr/bin/cmake --install /home/group_c/tas2-software/build/tas2
[2.465s] Level 1:colcon.colcon_core.environment:create_environment_scripts_only(tas2)
[2.496s] DEBUG:colcon.colcon_core.event_handler.log_command:Invoked command in '/home/group_c/tas2-software/build/tas2' returned '0': CMAKE_PREFIX_PATH=${CMAKE_PREFIX_PATH}:/home/group_c/tas2-software/install/tas_hardware:/home/group_c/tas2-software/install/object_tracker:/opt/ros/humble /usr/bin/cmake --install /home/group_c/tas2-software/build/tas2
[2.514s] Level 1:colcon.colcon_core.environment:checking '/home/group_c/tas2-software/install/tas2' for CMake module files
[2.515s] Level 1:colcon.colcon_core.environment:checking '/home/group_c/tas2-software/install/tas2' for CMake config files
[2.516s] Level 1:colcon.colcon_core.shell:create_environment_hook('tas2', 'cmake_prefix_path')
[2.540s] INFO:colcon.colcon_core.shell:Creating environment hook '/home/group_c/tas2-software/install/tas2/share/tas2/hook/cmake_prefix_path.ps1'
[2.541s] INFO:colcon.colcon_core.shell:Creating environment descriptor '/home/group_c/tas2-software/install/tas2/share/tas2/hook/cmake_prefix_path.dsv'
[2.541s] INFO:colcon.colcon_core.shell:Creating environment hook '/home/group_c/tas2-software/install/tas2/share/tas2/hook/cmake_prefix_path.sh'
[2.542s] Level 1:colcon.colcon_core.environment:checking '/home/group_c/tas2-software/install/tas2/bin'
[2.542s] Level 1:colcon.colcon_core.environment:checking '/home/group_c/tas2-software/install/tas2/lib/pkgconfig/tas2.pc'
[2.542s] Level 1:colcon.colcon_core.environment:checking '/home/group_c/tas2-software/install/tas2/lib/python3.10/site-packages'
[2.543s] Level 1:colcon.colcon_core.environment:checking '/home/group_c/tas2-software/install/tas2/bin'
[2.561s] INFO:colcon.colcon_core.shell:Creating package script '/home/group_c/tas2-software/install/tas2/share/tas2/package.ps1'
[2.562s] INFO:colcon.colcon_core.shell:Creating package descriptor '/home/group_c/tas2-software/install/tas2/share/tas2/package.dsv'
[2.563s] INFO:colcon.colcon_core.shell:Creating package script '/home/group_c/tas2-software/install/tas2/share/tas2/package.sh'
[2.564s] INFO:colcon.colcon_core.shell:Creating package script '/home/group_c/tas2-software/install/tas2/share/tas2/package.bash'
[2.565s] INFO:colcon.colcon_core.shell:Creating package script '/home/group_c/tas2-software/install/tas2/share/tas2/package.zsh'
[2.565s] Level 1:colcon.colcon_core.environment:create_file_with_runtime_dependencies(/home/group_c/tas2-software/install/tas2/share/colcon-core/packages/tas2)
[2.569s] DEBUG:colcon.colcon_core.event_handler.log_command:Invoking command in '/home/group_c/tas2-software/build/csm': CMAKE_PREFIX_PATH=${CMAKE_PREFIX_PATH}:/home/group_c/tas2-software/install/tas_hardware:/home/group_c/tas2-software/install/object_tracker:/opt/ros/humble /usr/bin/cmake --install /home/group_c/tas2-software/build/csm
[2.592s] Level 1:colcon.colcon_core.environment:create_environment_scripts_only(csm)
[2.600s] DEBUG:colcon.colcon_core.event_handler.log_command:Invoked command in '/home/group_c/tas2-software/build/csm' returned '0': CMAKE_PREFIX_PATH=${CMAKE_PREFIX_PATH}:/home/group_c/tas2-software/install/tas_hardware:/home/group_c/tas2-software/install/object_tracker:/opt/ros/humble /usr/bin/cmake --install /home/group_c/tas2-software/build/csm
[2.622s] Level 1:colcon.colcon_core.environment:checking '/home/group_c/tas2-software/install/csm' for CMake module files
[2.623s] Level 1:colcon.colcon_core.environment:checking '/home/group_c/tas2-software/install/csm' for CMake config files
[2.623s] Level 1:colcon.colcon_core.shell:create_environment_hook('csm', 'cmake_prefix_path')
[2.651s] INFO:colcon.colcon_core.shell:Creating environment hook '/home/group_c/tas2-software/install/csm/share/csm/hook/cmake_prefix_path.ps1'
[2.652s] INFO:colcon.colcon_core.shell:Creating environment descriptor '/home/group_c/tas2-software/install/csm/share/csm/hook/cmake_prefix_path.dsv'
[2.652s] INFO:colcon.colcon_core.shell:Creating environment hook '/home/group_c/tas2-software/install/csm/share/csm/hook/cmake_prefix_path.sh'
[2.653s] Level 1:colcon.colcon_core.environment:checking '/home/group_c/tas2-software/install/csm/lib'
[2.654s] Level 1:colcon.colcon_core.shell:create_environment_hook('csm', 'ld_library_path_lib')
[2.681s] INFO:colcon.colcon_core.shell:Creating environment hook '/home/group_c/tas2-software/install/csm/share/csm/hook/ld_library_path_lib.ps1'
[2.682s] INFO:colcon.colcon_core.shell:Creating environment descriptor '/home/group_c/tas2-software/install/csm/share/csm/hook/ld_library_path_lib.dsv'
[2.682s] INFO:colcon.colcon_core.shell:Creating environment hook '/home/group_c/tas2-software/install/csm/share/csm/hook/ld_library_path_lib.sh'
[2.683s] Level 1:colcon.colcon_core.environment:checking '/home/group_c/tas2-software/install/csm/bin'
[2.683s] Level 1:colcon.colcon_core.environment:checking '/home/group_c/tas2-software/install/csm/lib/pkgconfig/csm.pc'
[2.683s] Level 1:colcon.colcon_core.environment:checking '/home/group_c/tas2-software/install/csm/lib/python3.10/site-packages'
[2.683s] Level 1:colcon.colcon_core.environment:checking '/home/group_c/tas2-software/install/csm/bin'
[2.700s] INFO:colcon.colcon_core.shell:Creating package script '/home/group_c/tas2-software/install/csm/share/csm/package.ps1'
[2.701s] INFO:colcon.colcon_core.shell:Creating package descriptor '/home/group_c/tas2-software/install/csm/share/csm/package.dsv'
[2.701s] INFO:colcon.colcon_core.shell:Creating package script '/home/group_c/tas2-software/install/csm/share/csm/package.sh'
[2.702s] INFO:colcon.colcon_core.shell:Creating package script '/home/group_c/tas2-software/install/csm/share/csm/package.bash'
[2.702s] INFO:colcon.colcon_core.shell:Creating package script '/home/group_c/tas2-software/install/csm/share/csm/package.zsh'
[2.702s] Level 1:colcon.colcon_core.environment:create_file_with_runtime_dependencies(/home/group_c/tas2-software/install/csm/share/colcon-core/packages/csm)
[2.737s] Level 1:colcon.colcon_core.environment:create_environment_scripts_only(tas2)
[2.774s] Level 1:colcon.colcon_core.environment:checking '/home/group_c/tas2-software/install/tas2' for CMake module files
[2.775s] Level 1:colcon.colcon_core.environment:checking '/home/group_c/tas2-software/install/tas2' for CMake config files
[2.776s] Level 1:colcon.colcon_core.shell:create_environment_hook('tas2', 'cmake_prefix_path')
[2.811s] INFO:colcon.colcon_core.shell:Creating environment hook '/home/group_c/tas2-software/install/tas2/share/tas2/hook/cmake_prefix_path.ps1'
[2.812s] INFO:colcon.colcon_core.shell:Creating environment descriptor '/home/group_c/tas2-software/install/tas2/share/tas2/hook/cmake_prefix_path.dsv'
[2.812s] INFO:colcon.colcon_core.shell:Creating environment hook '/home/group_c/tas2-software/install/tas2/share/tas2/hook/cmake_prefix_path.sh'
[2.813s] Level 1:colcon.colcon_core.environment:checking '/home/group_c/tas2-software/install/tas2/bin'
[2.813s] Level 1:colcon.colcon_core.environment:checking '/home/group_c/tas2-software/install/tas2/lib/pkgconfig/tas2.pc'
[2.814s] Level 1:colcon.colcon_core.environment:checking '/home/group_c/tas2-software/install/tas2/lib/python3.10/site-packages'
[2.814s] Level 1:colcon.colcon_core.environment:checking '/home/group_c/tas2-software/install/tas2/bin'
[2.841s] INFO:colcon.colcon_core.shell:Creating package script '/home/group_c/tas2-software/install/tas2/share/tas2/package.ps1'
[2.841s] INFO:colcon.colcon_core.shell:Creating package descriptor '/home/group_c/tas2-software/install/tas2/share/tas2/package.dsv'
[2.842s] INFO:colcon.colcon_core.shell:Creating package script '/home/group_c/tas2-software/install/tas2/share/tas2/package.sh'
[2.843s] INFO:colcon.colcon_core.shell:Creating package script '/home/group_c/tas2-software/install/tas2/share/tas2/package.bash'
[2.844s] INFO:colcon.colcon_core.shell:Creating package script '/home/group_c/tas2-software/install/tas2/share/tas2/package.zsh'
[2.847s] Level 1:colcon.colcon_core.environment:create_file_with_runtime_dependencies(/home/group_c/tas2-software/install/tas2/share/colcon-core/packages/tas2)
[2.848s] INFO:colcon.colcon_ros.task.ament_cmake.build:Building ROS package in '/home/group_c/tas2-software/src/urg_node2' with build type 'ament_cmake'
[2.848s] INFO:colcon.colcon_cmake.task.cmake.build:Building CMake package in '/home/group_c/tas2-software/src/urg_node2'
[2.877s] INFO:colcon.colcon_core.shell:Skip shell extension 'powershell' for command environment: Not usable outside of PowerShell
[2.877s] DEBUG:colcon.colcon_core.shell:Skip shell extension 'dsv' for command environment
[3.012s] Level 1:colcon.colcon_core.environment:create_environment_scripts_only(csm)
[3.042s] Level 1:colcon.colcon_core.environment:checking '/home/group_c/tas2-software/install/csm' for CMake module files
[3.043s] Level 1:colcon.colcon_core.environment:checking '/home/group_c/tas2-software/install/csm' for CMake config files
[3.043s] Level 1:colcon.colcon_core.shell:create_environment_hook('csm', 'cmake_prefix_path')
[3.072s] INFO:colcon.colcon_core.shell:Creating environment hook '/home/group_c/tas2-software/install/csm/share/csm/hook/cmake_prefix_path.ps1'
[3.073s] INFO:colcon.colcon_core.shell:Creating environment descriptor '/home/group_c/tas2-software/install/csm/share/csm/hook/cmake_prefix_path.dsv'
[3.074s] INFO:colcon.colcon_core.shell:Creating environment hook '/home/group_c/tas2-software/install/csm/share/csm/hook/cmake_prefix_path.sh'
[3.075s] Level 1:colcon.colcon_core.environment:checking '/home/group_c/tas2-software/install/csm/lib'
[3.075s] Level 1:colcon.colcon_core.shell:create_environment_hook('csm', 'ld_library_path_lib')
[3.105s] INFO:colcon.colcon_core.shell:Creating environment hook '/home/group_c/tas2-software/install/csm/share/csm/hook/ld_library_path_lib.ps1'
[3.106s] INFO:colcon.colcon_core.shell:Creating environment descriptor '/home/group_c/tas2-software/install/csm/share/csm/hook/ld_library_path_lib.dsv'
[3.106s] INFO:colcon.colcon_core.shell:Creating environment hook '/home/group_c/tas2-software/install/csm/share/csm/hook/ld_library_path_lib.sh'
[3.107s] Level 1:colcon.colcon_core.environment:checking '/home/group_c/tas2-software/install/csm/bin'
[3.107s] Level 1:colcon.colcon_core.environment:checking '/home/group_c/tas2-software/install/csm/lib/pkgconfig/csm.pc'
[3.107s] Level 1:colcon.colcon_core.environment:checking '/home/group_c/tas2-software/install/csm/lib/python3.10/site-packages'
[3.108s] Level 1:colcon.colcon_core.environment:checking '/home/group_c/tas2-software/install/csm/bin'
[3.138s] INFO:colcon.colcon_core.shell:Creating package script '/home/group_c/tas2-software/install/csm/share/csm/package.ps1'
[3.139s] INFO:colcon.colcon_core.shell:Creating package descriptor '/home/group_c/tas2-software/install/csm/share/csm/package.dsv'
[3.140s] INFO:colcon.colcon_core.shell:Creating package script '/home/group_c/tas2-software/install/csm/share/csm/package.sh'
[3.141s] INFO:colcon.colcon_core.shell:Creating package script '/home/group_c/tas2-software/install/csm/share/csm/package.bash'
[3.141s] INFO:colcon.colcon_core.shell:Creating package script '/home/group_c/tas2-software/install/csm/share/csm/package.zsh'
[3.142s] Level 1:colcon.colcon_core.environment:create_file_with_runtime_dependencies(/home/group_c/tas2-software/install/csm/share/colcon-core/packages/csm)
[3.143s] INFO:colcon.colcon_ros.task.ament_cmake.build:Building ROS package in '/home/group_c/tas2-software/src/ros2_laser_scan_matcher' with build type 'ament_cmake'
[3.143s] INFO:colcon.colcon_cmake.task.cmake.build:Building CMake package in '/home/group_c/tas2-software/src/ros2_laser_scan_matcher'
[3.174s] INFO:colcon.colcon_core.shell:Skip shell extension 'powershell' for command environment: Not usable outside of PowerShell
[3.174s] DEBUG:colcon.colcon_core.shell:Skip shell extension 'dsv' for command environment
[3.263s] DEBUG:colcon.colcon_core.event_handler.log_command:Invoking command in '/home/group_c/tas2-software/build/urg_node2': CMAKE_PREFIX_PATH=${CMAKE_PREFIX_PATH}:/home/group_c/tas2-software/install/tas_hardware:/home/group_c/tas2-software/install/object_tracker:/opt/ros/humble /usr/bin/cmake --build /home/group_c/tas2-software/build/urg_node2 -- -j4 -l4
[3.268s] DEBUG:colcon.colcon_core.event_handler.log_command:Invoking command in '/home/group_c/tas2-software/src/tas_hardware': PYTHONPATH=/home/group_c/tas2-software/build/tas_hardware/prefix_override:/home/group_c/tas2-software/install/tas_hardware/lib/python3.10/site-packages:${PYTHONPATH} /usr/bin/python3 setup.py egg_info --egg-base ../../build/tas_hardware build --build-base /home/group_c/tas2-software/build/tas_hardware/build install --record /home/group_c/tas2-software/build/tas_hardware/install.log --single-version-externally-managed
[3.276s] DEBUG:colcon.colcon_core.event_handler.log_command:Invoking command in '/home/group_c/tas2-software/build/ros2_laser_scan_matcher': CMAKE_PREFIX_PATH=/home/group_c/tas2-software/install/csm:/home/group_c/tas2-software/install/urg_node2:/home/group_c/tas2-software/install/tas2:/home/group_c/tas2-software/install/ros2_laser_scan_matcher:/home/group_c/tas2-software/install/tas_hardware:/home/group_c/tas2-software/install/object_tracker:/opt/ros/humble LD_LIBRARY_PATH=/home/group_c/tas2-software/install/csm/lib:/home/group_c/tas2-software/install/urg_node2/lib:/usr/lib/x86_64-linux-gnu/gazebo-11/plugins:/opt/ros/humble/opt/rviz_ogre_vendor/lib:/opt/ros/humble/lib/x86_64-linux-gnu:/opt/ros/humble/lib:/usr/lib/x86_64-linux-gnu/gazebo-11/plugins /usr/bin/cmake --build /home/group_c/tas2-software/build/ros2_laser_scan_matcher -- -j4 -l4
[3.413s] DEBUG:colcon.colcon_core.event_handler.log_command:Invoking command in '/home/group_c/tas2-software/src/object_tracker': PYTHONPATH=/home/group_c/tas2-software/build/object_tracker/prefix_override:/home/group_c/tas2-software/install/object_tracker/lib/python3.10/site-packages:${PYTHONPATH} /usr/bin/python3 setup.py egg_info --egg-base ../../build/object_tracker build --build-base /home/group_c/tas2-software/build/object_tracker/build install --record /home/group_c/tas2-software/build/object_tracker/install.log --single-version-externally-managed
[3.479s] DEBUG:colcon.colcon_core.event_handler.log_command:Invoked command in '/home/group_c/tas2-software/build/ros2_laser_scan_matcher' returned '0': CMAKE_PREFIX_PATH=/home/group_c/tas2-software/install/csm:/home/group_c/tas2-software/install/urg_node2:/home/group_c/tas2-software/install/tas2:/home/group_c/tas2-software/install/ros2_laser_scan_matcher:/home/group_c/tas2-software/install/tas_hardware:/home/group_c/tas2-software/install/object_tracker:/opt/ros/humble LD_LIBRARY_PATH=/home/group_c/tas2-software/install/csm/lib:/home/group_c/tas2-software/install/urg_node2/lib:/usr/lib/x86_64-linux-gnu/gazebo-11/plugins:/opt/ros/humble/opt/rviz_ogre_vendor/lib:/opt/ros/humble/lib/x86_64-linux-gnu:/opt/ros/humble/lib:/usr/lib/x86_64-linux-gnu/gazebo-11/plugins /usr/bin/cmake --build /home/group_c/tas2-software/build/ros2_laser_scan_matcher -- -j4 -l4
[3.534s] DEBUG:colcon.colcon_core.event_handler.log_command:Invoked command in '/home/group_c/tas2-software/build/urg_node2' returned '0': CMAKE_PREFIX_PATH=${CMAKE_PREFIX_PATH}:/home/group_c/tas2-software/install/tas_hardware:/home/group_c/tas2-software/install/object_tracker:/opt/ros/humble /usr/bin/cmake --build /home/group_c/tas2-software/build/urg_node2 -- -j4 -l4
[3.537s] DEBUG:colcon.colcon_core.event_handler.log_command:Invoking command in '/home/group_c/tas2-software/build/ros2_laser_scan_matcher': CMAKE_PREFIX_PATH=/home/group_c/tas2-software/install/csm:/home/group_c/tas2-software/install/urg_node2:/home/group_c/tas2-software/install/tas2:/home/group_c/tas2-software/install/ros2_laser_scan_matcher:/home/group_c/tas2-software/install/tas_hardware:/home/group_c/tas2-software/install/object_tracker:/opt/ros/humble LD_LIBRARY_PATH=/home/group_c/tas2-software/install/csm/lib:/home/group_c/tas2-software/install/urg_node2/lib:/usr/lib/x86_64-linux-gnu/gazebo-11/plugins:/opt/ros/humble/opt/rviz_ogre_vendor/lib:/opt/ros/humble/lib/x86_64-linux-gnu:/opt/ros/humble/lib:/usr/lib/x86_64-linux-gnu/gazebo-11/plugins /usr/bin/cmake --install /home/group_c/tas2-software/build/ros2_laser_scan_matcher
[3.557s] Level 1:colcon.colcon_core.environment:create_environment_scripts_only(ros2_laser_scan_matcher)
[3.562s] DEBUG:colcon.colcon_core.event_handler.log_command:Invoked command in '/home/group_c/tas2-software/build/ros2_laser_scan_matcher' returned '0': CMAKE_PREFIX_PATH=/home/group_c/tas2-software/install/csm:/home/group_c/tas2-software/install/urg_node2:/home/group_c/tas2-software/install/tas2:/home/group_c/tas2-software/install/ros2_laser_scan_matcher:/home/group_c/tas2-software/install/tas_hardware:/home/group_c/tas2-software/install/object_tracker:/opt/ros/humble LD_LIBRARY_PATH=/home/group_c/tas2-software/install/csm/lib:/home/group_c/tas2-software/install/urg_node2/lib:/usr/lib/x86_64-linux-gnu/gazebo-11/plugins:/opt/ros/humble/opt/rviz_ogre_vendor/lib:/opt/ros/humble/lib/x86_64-linux-gnu:/opt/ros/humble/lib:/usr/lib/x86_64-linux-gnu/gazebo-11/plugins /usr/bin/cmake --install /home/group_c/tas2-software/build/ros2_laser_scan_matcher
[3.588s] Level 1:colcon.colcon_core.environment:checking '/home/group_c/tas2-software/install/ros2_laser_scan_matcher' for CMake module files
[3.588s] Level 1:colcon.colcon_core.environment:checking '/home/group_c/tas2-software/install/ros2_laser_scan_matcher' for CMake config files
[3.589s] Level 1:colcon.colcon_core.shell:create_environment_hook('ros2_laser_scan_matcher', 'cmake_prefix_path')
[3.618s] INFO:colcon.colcon_core.shell:Creating environment hook '/home/group_c/tas2-software/install/ros2_laser_scan_matcher/share/ros2_laser_scan_matcher/hook/cmake_prefix_path.ps1'
[3.619s] INFO:colcon.colcon_core.shell:Creating environment descriptor '/home/group_c/tas2-software/install/ros2_laser_scan_matcher/share/ros2_laser_scan_matcher/hook/cmake_prefix_path.dsv'
[3.619s] INFO:colcon.colcon_core.shell:Creating environment hook '/home/group_c/tas2-software/install/ros2_laser_scan_matcher/share/ros2_laser_scan_matcher/hook/cmake_prefix_path.sh'
[3.620s] Level 1:colcon.colcon_core.environment:checking '/home/group_c/tas2-software/install/ros2_laser_scan_matcher/lib'
[3.620s] Level 1:colcon.colcon_core.environment:checking '/home/group_c/tas2-software/install/ros2_laser_scan_matcher/bin'
[3.620s] Level 1:colcon.colcon_core.environment:checking '/home/group_c/tas2-software/install/ros2_laser_scan_matcher/lib/pkgconfig/ros2_laser_scan_matcher.pc'
[3.621s] Level 1:colcon.colcon_core.environment:checking '/home/group_c/tas2-software/install/ros2_laser_scan_matcher/lib/python3.10/site-packages'
[3.621s] Level 1:colcon.colcon_core.environment:checking '/home/group_c/tas2-software/install/ros2_laser_scan_matcher/bin'
[3.649s] INFO:colcon.colcon_core.shell:Creating package script '/home/group_c/tas2-software/install/ros2_laser_scan_matcher/share/ros2_laser_scan_matcher/package.ps1'
[3.650s] INFO:colcon.colcon_core.shell:Creating package descriptor '/home/group_c/tas2-software/install/ros2_laser_scan_matcher/share/ros2_laser_scan_matcher/package.dsv'
[3.651s] INFO:colcon.colcon_core.shell:Creating package script '/home/group_c/tas2-software/install/ros2_laser_scan_matcher/share/ros2_laser_scan_matcher/package.sh'
[3.651s] INFO:colcon.colcon_core.shell:Creating package script '/home/group_c/tas2-software/install/ros2_laser_scan_matcher/share/ros2_laser_scan_matcher/package.bash'
[3.652s] INFO:colcon.colcon_core.shell:Creating package script '/home/group_c/tas2-software/install/ros2_laser_scan_matcher/share/ros2_laser_scan_matcher/package.zsh'
[3.652s] Level 1:colcon.colcon_core.environment:create_file_with_runtime_dependencies(/home/group_c/tas2-software/install/ros2_laser_scan_matcher/share/colcon-core/packages/ros2_laser_scan_matcher)
[3.656s] DEBUG:colcon.colcon_core.event_handler.log_command:Invoking command in '/home/group_c/tas2-software/build/urg_node2': CMAKE_PREFIX_PATH=${CMAKE_PREFIX_PATH}:/home/group_c/tas2-software/install/tas_hardware:/home/group_c/tas2-software/install/object_tracker:/opt/ros/humble /usr/bin/cmake --install /home/group_c/tas2-software/build/urg_node2
[3.679s] Level 1:colcon.colcon_core.environment:create_environment_scripts_only(urg_node2)
[3.684s] DEBUG:colcon.colcon_core.event_handler.log_command:Invoked command in '/home/group_c/tas2-software/build/urg_node2' returned '0': CMAKE_PREFIX_PATH=${CMAKE_PREFIX_PATH}:/home/group_c/tas2-software/install/tas_hardware:/home/group_c/tas2-software/install/object_tracker:/opt/ros/humble /usr/bin/cmake --install /home/group_c/tas2-software/build/urg_node2
[3.709s] Level 1:colcon.colcon_core.environment:checking '/home/group_c/tas2-software/install/urg_node2' for CMake module files
[3.710s] Level 1:colcon.colcon_core.environment:checking '/home/group_c/tas2-software/install/urg_node2' for CMake config files
[3.710s] Level 1:colcon.colcon_core.shell:create_environment_hook('urg_node2', 'cmake_prefix_path')
[3.739s] INFO:colcon.colcon_core.shell:Creating environment hook '/home/group_c/tas2-software/install/urg_node2/share/urg_node2/hook/cmake_prefix_path.ps1'
[3.740s] INFO:colcon.colcon_core.shell:Creating environment descriptor '/home/group_c/tas2-software/install/urg_node2/share/urg_node2/hook/cmake_prefix_path.dsv'
[3.740s] INFO:colcon.colcon_core.shell:Creating environment hook '/home/group_c/tas2-software/install/urg_node2/share/urg_node2/hook/cmake_prefix_path.sh'
[3.741s] Level 1:colcon.colcon_core.environment:checking '/home/group_c/tas2-software/install/urg_node2/lib'
[3.741s] Level 1:colcon.colcon_core.shell:create_environment_hook('urg_node2', 'ld_library_path_lib')
[3.770s] INFO:colcon.colcon_core.shell:Creating environment hook '/home/group_c/tas2-software/install/urg_node2/share/urg_node2/hook/ld_library_path_lib.ps1'
[3.771s] INFO:colcon.colcon_core.shell:Creating environment descriptor '/home/group_c/tas2-software/install/urg_node2/share/urg_node2/hook/ld_library_path_lib.dsv'
[3.771s] INFO:colcon.colcon_core.shell:Creating environment hook '/home/group_c/tas2-software/install/urg_node2/share/urg_node2/hook/ld_library_path_lib.sh'
[3.772s] Level 1:colcon.colcon_core.environment:checking '/home/group_c/tas2-software/install/urg_node2/bin'
[3.772s] Level 1:colcon.colcon_core.environment:checking '/home/group_c/tas2-software/install/urg_node2/lib/pkgconfig/urg_node2.pc'
[3.772s] Level 1:colcon.colcon_core.environment:checking '/home/group_c/tas2-software/install/urg_node2/lib/python3.10/site-packages'
[3.773s] Level 1:colcon.colcon_core.environment:checking '/home/group_c/tas2-software/install/urg_node2/bin'
[3.803s] INFO:colcon.colcon_core.shell:Creating package script '/home/group_c/tas2-software/install/urg_node2/share/urg_node2/package.ps1'
[3.804s] INFO:colcon.colcon_core.shell:Creating package descriptor '/home/group_c/tas2-software/install/urg_node2/share/urg_node2/package.dsv'
[3.804s] INFO:colcon.colcon_core.shell:Creating package script '/home/group_c/tas2-software/install/urg_node2/share/urg_node2/package.sh'
[3.805s] INFO:colcon.colcon_core.shell:Creating package script '/home/group_c/tas2-software/install/urg_node2/share/urg_node2/package.bash'
[3.806s] INFO:colcon.colcon_core.shell:Creating package script '/home/group_c/tas2-software/install/urg_node2/share/urg_node2/package.zsh'
[3.806s] Level 1:colcon.colcon_core.environment:create_file_with_runtime_dependencies(/home/group_c/tas2-software/install/urg_node2/share/colcon-core/packages/urg_node2)
[3.857s] Level 1:colcon.colcon_core.environment:create_environment_scripts_only(ros2_laser_scan_matcher)
[3.886s] Level 1:colcon.colcon_core.environment:checking '/home/group_c/tas2-software/install/ros2_laser_scan_matcher' for CMake module files
[3.888s] Level 1:colcon.colcon_core.environment:checking '/home/group_c/tas2-software/install/ros2_laser_scan_matcher' for CMake config files
[3.888s] Level 1:colcon.colcon_core.shell:create_environment_hook('ros2_laser_scan_matcher', 'cmake_prefix_path')
[3.921s] INFO:colcon.colcon_core.shell:Creating environment hook '/home/group_c/tas2-software/install/ros2_laser_scan_matcher/share/ros2_laser_scan_matcher/hook/cmake_prefix_path.ps1'
[3.922s] INFO:colcon.colcon_core.shell:Creating environment descriptor '/home/group_c/tas2-software/install/ros2_laser_scan_matcher/share/ros2_laser_scan_matcher/hook/cmake_prefix_path.dsv'
[3.922s] INFO:colcon.colcon_core.shell:Creating environment hook '/home/group_c/tas2-software/install/ros2_laser_scan_matcher/share/ros2_laser_scan_matcher/hook/cmake_prefix_path.sh'
[3.923s] Level 1:colcon.colcon_core.environment:checking '/home/group_c/tas2-software/install/ros2_laser_scan_matcher/lib'
[3.923s] Level 1:colcon.colcon_core.environment:checking '/home/group_c/tas2-software/install/ros2_laser_scan_matcher/bin'
[3.923s] Level 1:colcon.colcon_core.environment:checking '/home/group_c/tas2-software/install/ros2_laser_scan_matcher/lib/pkgconfig/ros2_laser_scan_matcher.pc'
[3.924s] Level 1:colcon.colcon_core.environment:checking '/home/group_c/tas2-software/install/ros2_laser_scan_matcher/lib/python3.10/site-packages'
[3.924s] Level 1:colcon.colcon_core.environment:checking '/home/group_c/tas2-software/install/ros2_laser_scan_matcher/bin'
[3.954s] INFO:colcon.colcon_core.shell:Creating package script '/home/group_c/tas2-software/install/ros2_laser_scan_matcher/share/ros2_laser_scan_matcher/package.ps1'
[3.955s] INFO:colcon.colcon_core.shell:Creating package descriptor '/home/group_c/tas2-software/install/ros2_laser_scan_matcher/share/ros2_laser_scan_matcher/package.dsv'
[3.955s] INFO:colcon.colcon_core.shell:Creating package script '/home/group_c/tas2-software/install/ros2_laser_scan_matcher/share/ros2_laser_scan_matcher/package.sh'
[3.956s] INFO:colcon.colcon_core.shell:Creating package script '/home/group_c/tas2-software/install/ros2_laser_scan_matcher/share/ros2_laser_scan_matcher/package.bash'
[3.957s] INFO:colcon.colcon_core.shell:Creating package script '/home/group_c/tas2-software/install/ros2_laser_scan_matcher/share/ros2_laser_scan_matcher/package.zsh'
[3.957s] Level 1:colcon.colcon_core.environment:create_file_with_runtime_dependencies(/home/group_c/tas2-software/install/ros2_laser_scan_matcher/share/colcon-core/packages/ros2_laser_scan_matcher)
[3.988s] Level 1:colcon.colcon_core.environment:create_environment_scripts_only(urg_node2)
[4.018s] Level 1:colcon.colcon_core.environment:checking '/home/group_c/tas2-software/install/urg_node2' for CMake module files
[4.019s] Level 1:colcon.colcon_core.environment:checking '/home/group_c/tas2-software/install/urg_node2' for CMake config files
[4.019s] Level 1:colcon.colcon_core.shell:create_environment_hook('urg_node2', 'cmake_prefix_path')
[4.049s] INFO:colcon.colcon_core.shell:Creating environment hook '/home/group_c/tas2-software/install/urg_node2/share/urg_node2/hook/cmake_prefix_path.ps1'
[4.050s] INFO:colcon.colcon_core.shell:Creating environment descriptor '/home/group_c/tas2-software/install/urg_node2/share/urg_node2/hook/cmake_prefix_path.dsv'
[4.051s] INFO:colcon.colcon_core.shell:Creating environment hook '/home/group_c/tas2-software/install/urg_node2/share/urg_node2/hook/cmake_prefix_path.sh'
[4.051s] Level 1:colcon.colcon_core.environment:checking '/home/group_c/tas2-software/install/urg_node2/lib'
[4.052s] Level 1:colcon.colcon_core.shell:create_environment_hook('urg_node2', 'ld_library_path_lib')
[4.081s] INFO:colcon.colcon_core.shell:Creating environment hook '/home/group_c/tas2-software/install/urg_node2/share/urg_node2/hook/ld_library_path_lib.ps1'
[4.082s] INFO:colcon.colcon_core.shell:Creating environment descriptor '/home/group_c/tas2-software/install/urg_node2/share/urg_node2/hook/ld_library_path_lib.dsv'
[4.082s] INFO:colcon.colcon_core.shell:Creating environment hook '/home/group_c/tas2-software/install/urg_node2/share/urg_node2/hook/ld_library_path_lib.sh'
[4.083s] Level 1:colcon.colcon_core.environment:checking '/home/group_c/tas2-software/install/urg_node2/bin'
[4.083s] Level 1:colcon.colcon_core.environment:checking '/home/group_c/tas2-software/install/urg_node2/lib/pkgconfig/urg_node2.pc'
[4.083s] Level 1:colcon.colcon_core.environment:checking '/home/group_c/tas2-software/install/urg_node2/lib/python3.10/site-packages'
[4.084s] Level 1:colcon.colcon_core.environment:checking '/home/group_c/tas2-software/install/urg_node2/bin'
[4.113s] INFO:colcon.colcon_core.shell:Creating package script '/home/group_c/tas2-software/install/urg_node2/share/urg_node2/package.ps1'
[4.114s] INFO:colcon.colcon_core.shell:Creating package descriptor '/home/group_c/tas2-software/install/urg_node2/share/urg_node2/package.dsv'
[4.115s] INFO:colcon.colcon_core.shell:Creating package script '/home/group_c/tas2-software/install/urg_node2/share/urg_node2/package.sh'
[4.116s] INFO:colcon.colcon_core.shell:Creating package script '/home/group_c/tas2-software/install/urg_node2/share/urg_node2/package.bash'
[4.116s] INFO:colcon.colcon_core.shell:Creating package script '/home/group_c/tas2-software/install/urg_node2/share/urg_node2/package.zsh'
[4.117s] Level 1:colcon.colcon_core.environment:create_file_with_runtime_dependencies(/home/group_c/tas2-software/install/urg_node2/share/colcon-core/packages/urg_node2)
[4.185s] DEBUG:colcon.colcon_core.event_handler.log_command:Invoked command in '/home/group_c/tas2-software/src/object_tracker' returned '0': PYTHONPATH=/home/group_c/tas2-software/build/object_tracker/prefix_override:/home/group_c/tas2-software/install/object_tracker/lib/python3.10/site-packages:${PYTHONPATH} /usr/bin/python3 setup.py egg_info --egg-base ../../build/object_tracker build --build-base /home/group_c/tas2-software/build/object_tracker/build install --record /home/group_c/tas2-software/build/object_tracker/install.log --single-version-externally-managed
[4.205s] Level 1:colcon.colcon_core.environment:checking '/home/group_c/tas2-software/install/object_tracker' for CMake module files
[4.205s] Level 1:colcon.colcon_core.environment:checking '/home/group_c/tas2-software/install/object_tracker' for CMake config files
[4.206s] Level 1:colcon.colcon_core.environment:checking '/home/group_c/tas2-software/install/object_tracker/lib'
[4.206s] Level 1:colcon.colcon_core.environment:checking '/home/group_c/tas2-software/install/object_tracker/bin'
[4.206s] Level 1:colcon.colcon_core.environment:checking '/home/group_c/tas2-software/install/object_tracker/lib/pkgconfig/object_tracker.pc'
[4.206s] Level 1:colcon.colcon_core.environment:checking '/home/group_c/tas2-software/install/object_tracker/lib/python3.10/site-packages'
[4.206s] Level 1:colcon.colcon_core.shell:create_environment_hook('object_tracker', 'pythonpath')
[4.224s] INFO:colcon.colcon_core.shell:Creating environment hook '/home/group_c/tas2-software/install/object_tracker/share/object_tracker/hook/pythonpath.ps1'
[4.225s] INFO:colcon.colcon_core.shell:Creating environment descriptor '/home/group_c/tas2-software/install/object_tracker/share/object_tracker/hook/pythonpath.dsv'
[4.225s] INFO:colcon.colcon_core.shell:Creating environment hook '/home/group_c/tas2-software/install/object_tracker/share/object_tracker/hook/pythonpath.sh'
[4.226s] Level 1:colcon.colcon_core.environment:checking '/home/group_c/tas2-software/install/object_tracker/bin'
[4.226s] Level 1:colcon.colcon_core.environment:create_environment_scripts_only(object_tracker)
[4.243s] INFO:colcon.colcon_core.shell:Creating package script '/home/group_c/tas2-software/install/object_tracker/share/object_tracker/package.ps1'
[4.244s] INFO:colcon.colcon_core.shell:Creating package descriptor '/home/group_c/tas2-software/install/object_tracker/share/object_tracker/package.dsv'
[4.244s] INFO:colcon.colcon_core.shell:Creating package script '/home/group_c/tas2-software/install/object_tracker/share/object_tracker/package.sh'
[4.245s] INFO:colcon.colcon_core.shell:Creating package script '/home/group_c/tas2-software/install/object_tracker/share/object_tracker/package.bash'
[4.245s] INFO:colcon.colcon_core.shell:Creating package script '/home/group_c/tas2-software/install/object_tracker/share/object_tracker/package.zsh'
[4.245s] Level 1:colcon.colcon_core.environment:create_file_with_runtime_dependencies(/home/group_c/tas2-software/install/object_tracker/share/colcon-core/packages/object_tracker)
[4.247s] DEBUG:colcon.colcon_core.event_handler.log_command:Invoked command in '/home/group_c/tas2-software/src/tas_hardware' returned '0': PYTHONPATH=/home/group_c/tas2-software/build/tas_hardware/prefix_override:/home/group_c/tas2-software/install/tas_hardware/lib/python3.10/site-packages:${PYTHONPATH} /usr/bin/python3 setup.py egg_info --egg-base ../../build/tas_hardware build --build-base /home/group_c/tas2-software/build/tas_hardware/build install --record /home/group_c/tas2-software/build/tas_hardware/install.log --single-version-externally-managed
[4.267s] Level 1:colcon.colcon_core.environment:checking '/home/group_c/tas2-software/install/tas_hardware' for CMake module files
[4.267s] Level 1:colcon.colcon_core.environment:checking '/home/group_c/tas2-software/install/tas_hardware' for CMake config files
[4.268s] Level 1:colcon.colcon_core.environment:checking '/home/group_c/tas2-software/install/tas_hardware/lib'
[4.268s] Level 1:colcon.colcon_core.environment:checking '/home/group_c/tas2-software/install/tas_hardware/bin'
[4.268s] Level 1:colcon.colcon_core.environment:checking '/home/group_c/tas2-software/install/tas_hardware/lib/pkgconfig/tas_hardware.pc'
[4.268s] Level 1:colcon.colcon_core.environment:checking '/home/group_c/tas2-software/install/tas_hardware/lib/python3.10/site-packages'
[4.268s] Level 1:colcon.colcon_core.shell:create_environment_hook('tas_hardware', 'pythonpath')
[4.284s] INFO:colcon.colcon_core.shell:Creating environment hook '/home/group_c/tas2-software/install/tas_hardware/share/tas_hardware/hook/pythonpath.ps1'
[4.285s] INFO:colcon.colcon_core.shell:Creating environment descriptor '/home/group_c/tas2-software/install/tas_hardware/share/tas_hardware/hook/pythonpath.dsv'
[4.285s] INFO:colcon.colcon_core.shell:Creating environment hook '/home/group_c/tas2-software/install/tas_hardware/share/tas_hardware/hook/pythonpath.sh'
[4.286s] Level 1:colcon.colcon_core.environment:checking '/home/group_c/tas2-software/install/tas_hardware/bin'
[4.286s] Level 1:colcon.colcon_core.environment:create_environment_scripts_only(tas_hardware)
[4.302s] INFO:colcon.colcon_core.shell:Creating package script '/home/group_c/tas2-software/install/tas_hardware/share/tas_hardware/package.ps1'
[4.303s] INFO:colcon.colcon_core.shell:Creating package descriptor '/home/group_c/tas2-software/install/tas_hardware/share/tas_hardware/package.dsv'
[4.303s] INFO:colcon.colcon_core.shell:Creating package script '/home/group_c/tas2-software/install/tas_hardware/share/tas_hardware/package.sh'
[4.303s] INFO:colcon.colcon_core.shell:Creating package script '/home/group_c/tas2-software/install/tas_hardware/share/tas_hardware/package.bash'
[4.304s] INFO:colcon.colcon_core.shell:Creating package script '/home/group_c/tas2-software/install/tas_hardware/share/tas_hardware/package.zsh'
[4.304s] Level 1:colcon.colcon_core.environment:create_file_with_runtime_dependencies(/home/group_c/tas2-software/install/tas_hardware/share/colcon-core/packages/tas_hardware)
[4.304s] DEBUG:colcon.colcon_parallel_executor.executor.parallel:closing loop
[4.305s] DEBUG:colcon.colcon_parallel_executor.executor.parallel:loop closed
[4.305s] DEBUG:colcon.colcon_parallel_executor.executor.parallel:run_until_complete finished with '0'
[4.305s] DEBUG:colcon.colcon_core.event_reactor:joining thread
[4.333s] INFO:colcon.colcon_core.plugin_system:Skipping extension 'colcon_notification.desktop_notification.terminal_notifier': Not used on non-Darwin systems
[4.333s] INFO:colcon.colcon_core.plugin_system:Skipping extension 'colcon_notification.desktop_notification.win32': Not used on non-Windows systems
[4.333s] INFO:colcon.colcon_notification.desktop_notification:Sending desktop notification using 'notify2'
[4.345s] DEBUG:colcon.colcon_core.event_reactor:joined thread
[4.363s] INFO:colcon.colcon_core.shell:Creating prefix script '/home/group_c/tas2-software/install/local_setup.ps1'
[4.364s] INFO:colcon.colcon_core.shell:Creating prefix util module '/home/group_c/tas2-software/install/_local_setup_util_ps1.py'
[4.365s] INFO:colcon.colcon_core.shell:Creating prefix chain script '/home/group_c/tas2-software/install/setup.ps1'
[4.382s] INFO:colcon.colcon_core.shell:Creating prefix script '/home/group_c/tas2-software/install/local_setup.sh'
[4.383s] INFO:colcon.colcon_core.shell:Creating prefix util module '/home/group_c/tas2-software/install/_local_setup_util_sh.py'
[4.384s] INFO:colcon.colcon_core.shell:Creating prefix chain script '/home/group_c/tas2-software/install/setup.sh'
[4.401s] INFO:colcon.colcon_core.shell:Creating prefix script '/home/group_c/tas2-software/install/local_setup.bash'
[4.402s] INFO:colcon.colcon_core.shell:Creating prefix chain script '/home/group_c/tas2-software/install/setup.bash'
[4.419s] INFO:colcon.colcon_core.shell:Creating prefix script '/home/group_c/tas2-software/install/local_setup.zsh'
[4.419s] INFO:colcon.colcon_core.shell:Creating prefix chain script '/home/group_c/tas2-software/install/setup.zsh'
