[0.166s] Invoking command in '/home/group_c/tas2-software/build/ros2_laser_scan_matcher': CMAKE_PREFIX_PATH=/home/group_c/tas2-software/install/csm:/home/group_c/tas2-software/install/urg_node2:/home/group_c/tas2-software/install/tas2:/home/group_c/tas2-software/install/ros2_laser_scan_matcher:/home/group_c/tas2-software/install/tas_hardware:/home/group_c/tas2-software/install/object_tracker:/opt/ros/humble LD_LIBRARY_PATH=/home/group_c/tas2-software/install/csm/lib:/home/group_c/tas2-software/install/urg_node2/lib:/usr/lib/x86_64-linux-gnu/gazebo-11/plugins:/opt/ros/humble/opt/rviz_ogre_vendor/lib:/opt/ros/humble/lib/x86_64-linux-gnu:/opt/ros/humble/lib:/usr/lib/x86_64-linux-gnu/gazebo-11/plugins /usr/bin/cmake /home/group_c/tas2-software/src/ros2_laser_scan_matcher -DCMAKE_INSTALL_PREFIX=/home/group_c/tas2-software/install/ros2_laser_scan_matcher
[0.227s] -- The C compiler identification is GNU 11.4.0
[0.282s] -- The CXX compiler identification is GNU 11.4.0
[0.289s] -- Detecting C compiler ABI info
[0.354s] -- Detecting C compiler ABI info - done
[0.361s] -- Check for working C compiler: /usr/bin/cc - skipped
[0.361s] -- Detecting C compile features
[0.362s] -- Detecting C compile features - done
[0.365s] -- Detecting CXX compiler ABI info
[0.442s] -- Detecting CXX compiler ABI info - done
[0.449s] -- Check for working CXX compiler: /usr/bin/c++ - skipped
[0.449s] -- Detecting CXX compile features
[0.450s] -- Detecting CXX compile features - done
[0.453s] -- Found ament_cmake: 1.3.5 (/opt/ros/humble/share/ament_cmake/cmake)
[0.842s] -- Found Python3: /usr/bin/python3.10 (found version "3.10.12") found components: Interpreter 
[0.935s] -- Found sensor_msgs: 4.2.3 (/opt/ros/humble/share/sensor_msgs/cmake)
[0.974s] -- Found rosidl_generator_c: 3.1.5 (/opt/ros/humble/share/rosidl_generator_c/cmake)
[0.980s] -- Found rosidl_adapter: 3.1.5 (/opt/ros/humble/share/rosidl_adapter/cmake)
[0.989s] -- Found rosidl_generator_cpp: 3.1.5 (/opt/ros/humble/share/rosidl_generator_cpp/cmake)
[1.003s] -- Using all available rosidl_typesupport_c: rosidl_typesupport_fastrtps_c;rosidl_typesupport_introspection_c
[1.024s] -- Using all available rosidl_typesupport_cpp: rosidl_typesupport_fastrtps_cpp;rosidl_typesupport_introspection_cpp
[1.244s] -- Found rclcpp: 16.0.6 (/opt/ros/humble/share/rclcpp/cmake)
[1.307s] -- Found rmw_implementation_cmake: 6.1.1 (/opt/ros/humble/share/rmw_implementation_cmake/cmake)
[1.311s] -- Found rmw_fastrtps_cpp: 6.2.4 (/opt/ros/humble/share/rmw_fastrtps_cpp/cmake)
[1.412s] -- Found OpenSSL: /usr/lib/x86_64-linux-gnu/libcrypto.so (found version "3.0.2")  
[1.438s] -- Found FastRTPS: /opt/ros/humble/include  
[1.485s] -- Using RMW implementation 'rmw_fastrtps_cpp' as default
[1.496s] -- Looking for pthread.h
[1.566s] -- Looking for pthread.h - found
[1.566s] -- Performing Test CMAKE_HAVE_LIBC_PTHREAD
[1.639s] -- Performing Test CMAKE_HAVE_LIBC_PTHREAD - Success
[1.640s] -- Found Threads: TRUE  
[1.775s] -- Found nav_msgs: 4.2.3 (/opt/ros/humble/share/nav_msgs/cmake)
[1.867s] -- Found tf2_ros: 0.25.4 (/opt/ros/humble/share/tf2_ros/cmake)
[2.251s] -- Found tf2_geometry_msgs: 0.25.4 (/opt/ros/humble/share/tf2_geometry_msgs/cmake)
[2.269s] -- Found eigen3_cmake_module: 0.1.1 (/opt/ros/humble/share/eigen3_cmake_module/cmake)
[2.270s] -- Found Eigen3: TRUE (found version "3.4.0") 
[2.270s] -- Ensuring Eigen3 include directory is part of orocos-kdl CMake target
[2.284s] -- Found PkgConfig: /usr/bin/pkg-config (found version "0.29.2") 
[2.285s] -- Found csm: 0.0.0 (/home/group_c/tas2-software/install/csm/share/csm/cmake)
[2.308s] -- Found Boost: /usr/lib/x86_64-linux-gnu/cmake/Boost-1.74.0/BoostConfig.cmake (found version "1.74.0") found components: thread 
[2.378s] -- Configuring done
[2.397s] -- Generating done
[2.400s] -- Build files have been written to: /home/group_c/tas2-software/build/ros2_laser_scan_matcher
[2.413s] Invoked command in '/home/group_c/tas2-software/build/ros2_laser_scan_matcher' returned '0': CMAKE_PREFIX_PATH=/home/group_c/tas2-software/install/csm:/home/group_c/tas2-software/install/urg_node2:/home/group_c/tas2-software/install/tas2:/home/group_c/tas2-software/install/ros2_laser_scan_matcher:/home/group_c/tas2-software/install/tas_hardware:/home/group_c/tas2-software/install/object_tracker:/opt/ros/humble LD_LIBRARY_PATH=/home/group_c/tas2-software/install/csm/lib:/home/group_c/tas2-software/install/urg_node2/lib:/usr/lib/x86_64-linux-gnu/gazebo-11/plugins:/opt/ros/humble/opt/rviz_ogre_vendor/lib:/opt/ros/humble/lib/x86_64-linux-gnu:/opt/ros/humble/lib:/usr/lib/x86_64-linux-gnu/gazebo-11/plugins /usr/bin/cmake /home/group_c/tas2-software/src/ros2_laser_scan_matcher -DCMAKE_INSTALL_PREFIX=/home/group_c/tas2-software/install/ros2_laser_scan_matcher
[2.414s] Invoking command in '/home/group_c/tas2-software/build/ros2_laser_scan_matcher': CMAKE_PREFIX_PATH=/home/group_c/tas2-software/install/csm:/home/group_c/tas2-software/install/urg_node2:/home/group_c/tas2-software/install/tas2:/home/group_c/tas2-software/install/ros2_laser_scan_matcher:/home/group_c/tas2-software/install/tas_hardware:/home/group_c/tas2-software/install/object_tracker:/opt/ros/humble LD_LIBRARY_PATH=/home/group_c/tas2-software/install/csm/lib:/home/group_c/tas2-software/install/urg_node2/lib:/usr/lib/x86_64-linux-gnu/gazebo-11/plugins:/opt/ros/humble/opt/rviz_ogre_vendor/lib:/opt/ros/humble/lib/x86_64-linux-gnu:/opt/ros/humble/lib:/usr/lib/x86_64-linux-gnu/gazebo-11/plugins /usr/bin/cmake --build /home/group_c/tas2-software/build/ros2_laser_scan_matcher -- -j4 -l4
[2.465s] [ 50%] [32mBuilding CXX object CMakeFiles/laser_scan_matcher.dir/src/laser_scan_matcher.cpp.o[0m
[2.794s] In file included from [01m[K/home/group_c/tas2-software/src/ros2_laser_scan_matcher/include/ros2_laser_scan_matcher/laser_scan_matcher.h:47[m[K,
[2.794s]                  from [01m[K/home/group_c/tas2-software/src/ros2_laser_scan_matcher/src/laser_scan_matcher.cpp:38[m[K:
[2.794s] [01m[K/opt/ros/humble/include/tf2_geometry_msgs/tf2_geometry_msgs/tf2_geometry_msgs.h:35:2:[m[K [01;35m[Kwarning: [m[K#warning This header is obsolete, please include tf2_geometry_msgs/tf2_geometry_msgs.hpp instead [[01;35m[K]8;;https://gcc.gnu.org/onlinedocs/gcc/Warning-Options.html#index-Wcpp-Wcpp]8;;[m[K]
[2.794s]    35 | #[01;35m[Kwarning[m[K This header is obsolete, please include tf2_geometry_msgs/tf2_geometry_msgs.hpp instead
[2.794s]       |  [01;35m[K^~~~~~~[m[K
[14.091s] [100%] [32m[1mLinking CXX executable laser_scan_matcher[0m
[14.847s] [100%] Built target laser_scan_matcher
[14.859s] Invoked command in '/home/group_c/tas2-software/build/ros2_laser_scan_matcher' returned '0': CMAKE_PREFIX_PATH=/home/group_c/tas2-software/install/csm:/home/group_c/tas2-software/install/urg_node2:/home/group_c/tas2-software/install/tas2:/home/group_c/tas2-software/install/ros2_laser_scan_matcher:/home/group_c/tas2-software/install/tas_hardware:/home/group_c/tas2-software/install/object_tracker:/opt/ros/humble LD_LIBRARY_PATH=/home/group_c/tas2-software/install/csm/lib:/home/group_c/tas2-software/install/urg_node2/lib:/usr/lib/x86_64-linux-gnu/gazebo-11/plugins:/opt/ros/humble/opt/rviz_ogre_vendor/lib:/opt/ros/humble/lib/x86_64-linux-gnu:/opt/ros/humble/lib:/usr/lib/x86_64-linux-gnu/gazebo-11/plugins /usr/bin/cmake --build /home/group_c/tas2-software/build/ros2_laser_scan_matcher -- -j4 -l4
[14.887s] Invoking command in '/home/group_c/tas2-software/build/ros2_laser_scan_matcher': CMAKE_PREFIX_PATH=/home/group_c/tas2-software/install/csm:/home/group_c/tas2-software/install/urg_node2:/home/group_c/tas2-software/install/tas2:/home/group_c/tas2-software/install/ros2_laser_scan_matcher:/home/group_c/tas2-software/install/tas_hardware:/home/group_c/tas2-software/install/object_tracker:/opt/ros/humble LD_LIBRARY_PATH=/home/group_c/tas2-software/install/csm/lib:/home/group_c/tas2-software/install/urg_node2/lib:/usr/lib/x86_64-linux-gnu/gazebo-11/plugins:/opt/ros/humble/opt/rviz_ogre_vendor/lib:/opt/ros/humble/lib/x86_64-linux-gnu:/opt/ros/humble/lib:/usr/lib/x86_64-linux-gnu/gazebo-11/plugins /usr/bin/cmake --install /home/group_c/tas2-software/build/ros2_laser_scan_matcher
[14.895s] -- Install configuration: ""
[14.895s] -- Installing: /home/group_c/tas2-software/install/ros2_laser_scan_matcher/lib/ros2_laser_scan_matcher/laser_scan_matcher
[14.899s] -- Set runtime path of "/home/group_c/tas2-software/install/ros2_laser_scan_matcher/lib/ros2_laser_scan_matcher/laser_scan_matcher" to ""
[14.899s] -- Installing: /home/group_c/tas2-software/install/ros2_laser_scan_matcher/share/ament_index/resource_index/package_run_dependencies/ros2_laser_scan_matcher
[14.899s] -- Installing: /home/group_c/tas2-software/install/ros2_laser_scan_matcher/share/ament_index/resource_index/parent_prefix_path/ros2_laser_scan_matcher
[14.900s] -- Installing: /home/group_c/tas2-software/install/ros2_laser_scan_matcher/share/ros2_laser_scan_matcher/environment/ament_prefix_path.sh
[14.900s] -- Installing: /home/group_c/tas2-software/install/ros2_laser_scan_matcher/share/ros2_laser_scan_matcher/environment/ament_prefix_path.dsv
[14.900s] -- Installing: /home/group_c/tas2-software/install/ros2_laser_scan_matcher/share/ros2_laser_scan_matcher/environment/path.sh
[14.900s] -- Installing: /home/group_c/tas2-software/install/ros2_laser_scan_matcher/share/ros2_laser_scan_matcher/environment/path.dsv
[14.900s] -- Installing: /home/group_c/tas2-software/install/ros2_laser_scan_matcher/share/ros2_laser_scan_matcher/local_setup.bash
[14.901s] -- Installing: /home/group_c/tas2-software/install/ros2_laser_scan_matcher/share/ros2_laser_scan_matcher/local_setup.sh
[14.901s] -- Installing: /home/group_c/tas2-software/install/ros2_laser_scan_matcher/share/ros2_laser_scan_matcher/local_setup.zsh
[14.901s] -- Installing: /home/group_c/tas2-software/install/ros2_laser_scan_matcher/share/ros2_laser_scan_matcher/local_setup.dsv
[14.901s] -- Installing: /home/group_c/tas2-software/install/ros2_laser_scan_matcher/share/ros2_laser_scan_matcher/package.dsv
[14.901s] -- Installing: /home/group_c/tas2-software/install/ros2_laser_scan_matcher/share/ament_index/resource_index/packages/ros2_laser_scan_matcher
[14.901s] -- Installing: /home/group_c/tas2-software/install/ros2_laser_scan_matcher/share/ros2_laser_scan_matcher/cmake/ros2_laser_scan_matcherConfig.cmake
[14.901s] -- Installing: /home/group_c/tas2-software/install/ros2_laser_scan_matcher/share/ros2_laser_scan_matcher/cmake/ros2_laser_scan_matcherConfig-version.cmake
[14.902s] -- Installing: /home/group_c/tas2-software/install/ros2_laser_scan_matcher/share/ros2_laser_scan_matcher/package.xml
[14.904s] Invoked command in '/home/group_c/tas2-software/build/ros2_laser_scan_matcher' returned '0': CMAKE_PREFIX_PATH=/home/group_c/tas2-software/install/csm:/home/group_c/tas2-software/install/urg_node2:/home/group_c/tas2-software/install/tas2:/home/group_c/tas2-software/install/ros2_laser_scan_matcher:/home/group_c/tas2-software/install/tas_hardware:/home/group_c/tas2-software/install/object_tracker:/opt/ros/humble LD_LIBRARY_PATH=/home/group_c/tas2-software/install/csm/lib:/home/group_c/tas2-software/install/urg_node2/lib:/usr/lib/x86_64-linux-gnu/gazebo-11/plugins:/opt/ros/humble/opt/rviz_ogre_vendor/lib:/opt/ros/humble/lib/x86_64-linux-gnu:/opt/ros/humble/lib:/usr/lib/x86_64-linux-gnu/gazebo-11/plugins /usr/bin/cmake --install /home/group_c/tas2-software/build/ros2_laser_scan_matcher
