[0.414s] Invoking command in '/home/group_c/tas2-software/build/urg_node2': CMAKE_PREFIX_PATH=${CMAKE_PREFIX_PATH}:/home/group_c/tas2-software/install/tas_hardware:/home/group_c/tas2-software/install/object_tracker:/opt/ros/humble /usr/bin/cmake --build /home/group_c/tas2-software/build/urg_node2 -- -j4 -l4
[0.493s] [35m[1mConsolidate compiler generated dependencies of target urg_c[0m
[0.495s] [35m[1mConsolidate compiler generated dependencies of target gtest_main[0m
[0.524s] [35m[1mConsolidate compiler generated dependencies of target gtest[0m
[0.524s] [35m[1mConsolidate compiler generated dependencies of target urg_node2_node[0m
[0.526s] [ 45%] Built target urg_c
[0.570s] [ 55%] Built target gtest_main
[0.585s] [35m[1mConsolidate compiler generated dependencies of target urg_node2[0m
[0.593s] [ 65%] Built target urg_node2_node
[0.595s] [ 75%] Built target gtest
[0.631s] [35m[1mConsolidate compiler generated dependencies of target urg_node2_test[0m
[0.655s] [ 85%] Built target urg_node2
[0.667s] [100%] Built target urg_node2_test
[0.686s] Invoked command in '/home/group_c/tas2-software/build/urg_node2' returned '0': CMAKE_PREFIX_PATH=${CMAKE_PREFIX_PATH}:/home/group_c/tas2-software/install/tas_hardware:/home/group_c/tas2-software/install/object_tracker:/opt/ros/humble /usr/bin/cmake --build /home/group_c/tas2-software/build/urg_node2 -- -j4 -l4
[0.808s] Invoking command in '/home/group_c/tas2-software/build/urg_node2': CMAKE_PREFIX_PATH=${CMAKE_PREFIX_PATH}:/home/group_c/tas2-software/install/tas_hardware:/home/group_c/tas2-software/install/object_tracker:/opt/ros/humble /usr/bin/cmake --install /home/group_c/tas2-software/build/urg_node2
[0.821s] -- Install configuration: ""
[0.821s] -- Up-to-date: /home/group_c/tas2-software/install/urg_node2/lib/urg_node2/urg_node2_node
[0.822s] -- Up-to-date: /home/group_c/tas2-software/install/urg_node2/lib/liburg_node2.so
[0.823s] -- Up-to-date: /home/group_c/tas2-software/install/urg_node2/lib/liburg_c.so
[0.823s] -- Up-to-date: /home/group_c/tas2-software/install/urg_node2/share/urg_node2/launch
[0.823s] -- Up-to-date: /home/group_c/tas2-software/install/urg_node2/share/urg_node2/launch/urg_node2_component.launch.py
[0.823s] -- Up-to-date: /home/group_c/tas2-software/install/urg_node2/share/urg_node2/launch/urg_node2_2lidar.launch.py
[0.824s] -- Up-to-date: /home/group_c/tas2-software/install/urg_node2/share/urg_node2/launch/urg_node2.launch.py
[0.824s] -- Up-to-date: /home/group_c/tas2-software/install/urg_node2/share/urg_node2/config
[0.827s] -- Up-to-date: /home/group_c/tas2-software/install/urg_node2/share/urg_node2/config/params_serial.yaml
[0.827s] -- Up-to-date: /home/group_c/tas2-software/install/urg_node2/share/urg_node2/config/params_ether.yaml
[0.828s] -- Up-to-date: /home/group_c/tas2-software/install/urg_node2/share/urg_node2/config/params_ether_2nd.yaml
[0.828s] -- Up-to-date: /home/group_c/tas2-software/install/urg_node2/share/ament_index/resource_index/package_run_dependencies/urg_node2
[0.828s] -- Up-to-date: /home/group_c/tas2-software/install/urg_node2/share/ament_index/resource_index/parent_prefix_path/urg_node2
[0.828s] -- Up-to-date: /home/group_c/tas2-software/install/urg_node2/share/urg_node2/environment/ament_prefix_path.sh
[0.828s] -- Up-to-date: /home/group_c/tas2-software/install/urg_node2/share/urg_node2/environment/ament_prefix_path.dsv
[0.828s] -- Up-to-date: /home/group_c/tas2-software/install/urg_node2/share/urg_node2/environment/path.sh
[0.828s] -- Up-to-date: /home/group_c/tas2-software/install/urg_node2/share/urg_node2/environment/path.dsv
[0.828s] -- Up-to-date: /home/group_c/tas2-software/install/urg_node2/share/urg_node2/local_setup.bash
[0.828s] -- Up-to-date: /home/group_c/tas2-software/install/urg_node2/share/urg_node2/local_setup.sh
[0.828s] -- Up-to-date: /home/group_c/tas2-software/install/urg_node2/share/urg_node2/local_setup.zsh
[0.829s] -- Up-to-date: /home/group_c/tas2-software/install/urg_node2/share/urg_node2/local_setup.dsv
[0.829s] -- Installing: /home/group_c/tas2-software/install/urg_node2/share/urg_node2/package.dsv
[0.829s] -- Up-to-date: /home/group_c/tas2-software/install/urg_node2/share/ament_index/resource_index/packages/urg_node2
[0.829s] -- Up-to-date: /home/group_c/tas2-software/install/urg_node2/share/ament_index/resource_index/rclcpp_components/urg_node2
[0.829s] -- Up-to-date: /home/group_c/tas2-software/install/urg_node2/share/urg_node2/cmake/urg_node2Config.cmake
[0.829s] -- Up-to-date: /home/group_c/tas2-software/install/urg_node2/share/urg_node2/cmake/urg_node2Config-version.cmake
[0.829s] -- Up-to-date: /home/group_c/tas2-software/install/urg_node2/share/urg_node2/package.xml
[0.836s] Invoked command in '/home/group_c/tas2-software/build/urg_node2' returned '0': CMAKE_PREFIX_PATH=${CMAKE_PREFIX_PATH}:/home/group_c/tas2-software/install/tas_hardware:/home/group_c/tas2-software/install/object_tracker:/opt/ros/humble /usr/bin/cmake --install /home/group_c/tas2-software/build/urg_node2
