running egg_info
creating ../../build/tas_hardware/tas_hardware.egg-info
writing ../../build/tas_hardware/tas_hardware.egg-info/PKG-INFO
writing dependency_links to ../../build/tas_hardware/tas_hardware.egg-info/dependency_links.txt
writing entry points to ../../build/tas_hardware/tas_hardware.egg-info/entry_points.txt
writing requirements to ../../build/tas_hardware/tas_hardware.egg-info/requires.txt
writing top-level names to ../../build/tas_hardware/tas_hardware.egg-info/top_level.txt
writing manifest file '../../build/tas_hardware/tas_hardware.egg-info/SOURCES.txt'
reading manifest file '../../build/tas_hardware/tas_hardware.egg-info/SOURCES.txt'
writing manifest file '../../build/tas_hardware/tas_hardware.egg-info/SOURCES.txt'
running build
running build_py
creating /home/group_c/tas2-software/build/tas_hardware/build
creating /home/group_c/tas2-software/build/tas_hardware/build/lib
creating /home/group_c/tas2-software/build/tas_hardware/build/lib/tas_hardware
copying tas_hardware/tas_simulation.py -> /home/group_c/tas2-software/build/tas_hardware/build/lib/tas_hardware
copying tas_hardware/__init__.py -> /home/group_c/tas2-software/build/tas_hardware/build/lib/tas_hardware
copying tas_hardware/tas_hardware.py -> /home/group_c/tas2-software/build/tas_hardware/build/lib/tas_hardware
running install
running install_lib
creating /home/group_c/tas2-software/install/tas_hardware/lib/python3.10/site-packages/tas_hardware
copying /home/group_c/tas2-software/build/tas_hardware/build/lib/tas_hardware/tas_simulation.py -> /home/group_c/tas2-software/install/tas_hardware/lib/python3.10/site-packages/tas_hardware
copying /home/group_c/tas2-software/build/tas_hardware/build/lib/tas_hardware/__init__.py -> /home/group_c/tas2-software/install/tas_hardware/lib/python3.10/site-packages/tas_hardware
copying /home/group_c/tas2-software/build/tas_hardware/build/lib/tas_hardware/tas_hardware.py -> /home/group_c/tas2-software/install/tas_hardware/lib/python3.10/site-packages/tas_hardware
byte-compiling /home/group_c/tas2-software/install/tas_hardware/lib/python3.10/site-packages/tas_hardware/tas_simulation.py to tas_simulation.cpython-310.pyc
byte-compiling /home/group_c/tas2-software/install/tas_hardware/lib/python3.10/site-packages/tas_hardware/__init__.py to __init__.cpython-310.pyc
byte-compiling /home/group_c/tas2-software/install/tas_hardware/lib/python3.10/site-packages/tas_hardware/tas_hardware.py to tas_hardware.cpython-310.pyc
running install_data
creating /home/group_c/tas2-software/install/tas_hardware/share/ament_index
creating /home/group_c/tas2-software/install/tas_hardware/share/ament_index/resource_index
creating /home/group_c/tas2-software/install/tas_hardware/share/ament_index/resource_index/packages
copying resource/tas_hardware -> /home/group_c/tas2-software/install/tas_hardware/share/ament_index/resource_index/packages
copying package.xml -> /home/group_c/tas2-software/install/tas_hardware/share/tas_hardware
running install_egg_info
Copying ../../build/tas_hardware/tas_hardware.egg-info to /home/group_c/tas2-software/install/tas_hardware/lib/python3.10/site-packages/tas_hardware-0.0.0-py3.10.egg-info
running install_scripts
Installing tas_hardware script to /home/group_c/tas2-software/install/tas_hardware/lib/tas_hardware
Installing tas_simulation script to /home/group_c/tas2-software/install/tas_hardware/lib/tas_hardware
writing list of installed files to '/home/group_c/tas2-software/build/tas_hardware/install.log'
