[0.476s] Invoking command in '/home/group_c/tas2-software/build/csm': CMAKE_PREFIX_PATH=${CMAKE_PREFIX_PATH}:/home/group_c/tas2-software/install/tas_hardware:/home/group_c/tas2-software/install/object_tracker:/opt/ros/humble /usr/bin/cmake --build /home/group_c/tas2-software/build/csm -- -j4 -l4
[0.851s] [100%] Built target csm
[1.201s] Invoked command in '/home/group_c/tas2-software/build/csm' returned '0': CMAKE_PREFIX_PATH=${CMAKE_PREFIX_PATH}:/home/group_c/tas2-software/install/tas_hardware:/home/group_c/tas2-software/install/object_tracker:/opt/ros/humble /usr/bin/cmake --build /home/group_c/tas2-software/build/csm -- -j4 -l4
[1.565s] Invoking command in '/home/group_c/tas2-software/build/csm': CMAKE_PREFIX_PATH=${CMAKE_PREFIX_PATH}:/home/group_c/tas2-software/install/tas_hardware:/home/group_c/tas2-software/install/object_tracker:/opt/ros/humble /usr/bin/cmake --install /home/group_c/tas2-software/build/csm
[1.578s] -- Install configuration: ""
[1.583s] -- Up-to-date: /home/group_c/tas2-software/install/csm/lib/libcsm.so
[1.583s] -- Up-to-date: /home/group_c/tas2-software/install/csm/include/..//include
[1.584s] -- Up-to-date: /home/group_c/tas2-software/install/csm/include/..//include/csm
[1.584s] -- Up-to-date: /home/group_c/tas2-software/install/csm/include/..//include/csm/laser_data_inline.h
[1.584s] -- Up-to-date: /home/group_c/tas2-software/install/csm/include/..//include/csm/restrict.h
[1.584s] -- Up-to-date: /home/group_c/tas2-software/install/csm/include/..//include/csm/laser_data.h
[1.584s] -- Up-to-date: /home/group_c/tas2-software/install/csm/include/..//include/csm/csm.h
[1.584s] -- Up-to-date: /home/group_c/tas2-software/install/csm/include/..//include/csm/algos.h
[1.584s] -- Up-to-date: /home/group_c/tas2-software/install/csm/include/..//include/gsl_eigen
[1.584s] -- Up-to-date: /home/group_c/tas2-software/install/csm/include/..//include/gsl_eigen/gsl_eigen.h
[1.584s] -- Up-to-date: /home/group_c/tas2-software/install/csm/share/csm/resource
[1.585s] -- Up-to-date: /home/group_c/tas2-software/install/csm/share/csm/resource/csm
[1.585s] -- Up-to-date: /home/group_c/tas2-software/install/csm/include/../gsl_eigen
[1.585s] -- Up-to-date: /home/group_c/tas2-software/install/csm/include/../gsl_eigen/gsl_eigen.h
[1.585s] -- Up-to-date: /home/group_c/tas2-software/install/csm/share/csm/environment/library_path.sh
[1.585s] -- Up-to-date: /home/group_c/tas2-software/install/csm/share/csm/environment/library_path.dsv
[1.585s] -- Up-to-date: /home/group_c/tas2-software/install/csm/share/ament_index/resource_index/package_run_dependencies/csm
[1.585s] -- Up-to-date: /home/group_c/tas2-software/install/csm/share/ament_index/resource_index/parent_prefix_path/csm
[1.585s] -- Up-to-date: /home/group_c/tas2-software/install/csm/share/csm/environment/ament_prefix_path.sh
[1.585s] -- Up-to-date: /home/group_c/tas2-software/install/csm/share/csm/environment/ament_prefix_path.dsv
[1.585s] -- Up-to-date: /home/group_c/tas2-software/install/csm/share/csm/environment/path.sh
[1.585s] -- Up-to-date: /home/group_c/tas2-software/install/csm/share/csm/environment/path.dsv
[1.586s] -- Up-to-date: /home/group_c/tas2-software/install/csm/share/csm/local_setup.bash
[1.586s] -- Up-to-date: /home/group_c/tas2-software/install/csm/share/csm/local_setup.sh
[1.586s] -- Up-to-date: /home/group_c/tas2-software/install/csm/share/csm/local_setup.zsh
[1.586s] -- Up-to-date: /home/group_c/tas2-software/install/csm/share/csm/local_setup.dsv
[1.586s] -- Installing: /home/group_c/tas2-software/install/csm/share/csm/package.dsv
[1.586s] -- Up-to-date: /home/group_c/tas2-software/install/csm/share/ament_index/resource_index/packages/csm
[1.586s] -- Up-to-date: /home/group_c/tas2-software/install/csm/share/csm/cmake/ament_cmake_export_dependencies-extras.cmake
[1.586s] -- Up-to-date: /home/group_c/tas2-software/install/csm/share/csm/cmake/ament_cmake_export_include_directories-extras.cmake
[1.586s] -- Up-to-date: /home/group_c/tas2-software/install/csm/share/csm/cmake/ament_cmake_export_libraries-extras.cmake
[1.586s] -- Up-to-date: /home/group_c/tas2-software/install/csm/share/csm/cmake/csmConfig.cmake
[1.586s] -- Up-to-date: /home/group_c/tas2-software/install/csm/share/csm/cmake/csmConfig-version.cmake
[1.587s] -- Up-to-date: /home/group_c/tas2-software/install/csm/share/csm/package.xml
[1.607s] Invoked command in '/home/group_c/tas2-software/build/csm' returned '0': CMAKE_PREFIX_PATH=${CMAKE_PREFIX_PATH}:/home/group_c/tas2-software/install/tas_hardware:/home/group_c/tas2-software/install/object_tracker:/opt/ros/humble /usr/bin/cmake --install /home/group_c/tas2-software/build/csm
