[0.141s] Invoking command in '/home/group_c/tas2-software/build/ros2_laser_scan_matcher': CMAKE_PREFIX_PATH=/home/group_c/tas2-software/install/csm:/home/group_c/tas2-software/install/urg_node2:/home/group_c/tas2-software/install/tas2:/home/group_c/tas2-software/install/ros2_laser_scan_matcher:/home/group_c/tas2-software/install/tas_hardware:/home/group_c/tas2-software/install/object_tracker:/opt/ros/humble LD_LIBRARY_PATH=/home/group_c/tas2-software/install/csm/lib:/home/group_c/tas2-software/install/urg_node2/lib:/usr/lib/x86_64-linux-gnu/gazebo-11/plugins:/opt/ros/humble/opt/rviz_ogre_vendor/lib:/opt/ros/humble/lib/x86_64-linux-gnu:/opt/ros/humble/lib:/usr/lib/x86_64-linux-gnu/gazebo-11/plugins /usr/bin/cmake --build /home/group_c/tas2-software/build/ros2_laser_scan_matcher -- -j4 -l4
[0.423s] [100%] Built target laser_scan_matcher
[0.460s] Invoked command in '/home/group_c/tas2-software/build/ros2_laser_scan_matcher' returned '0': CMAKE_PREFIX_PATH=/home/group_c/tas2-software/install/csm:/home/group_c/tas2-software/install/urg_node2:/home/group_c/tas2-software/install/tas2:/home/group_c/tas2-software/install/ros2_laser_scan_matcher:/home/group_c/tas2-software/install/tas_hardware:/home/group_c/tas2-software/install/object_tracker:/opt/ros/humble LD_LIBRARY_PATH=/home/group_c/tas2-software/install/csm/lib:/home/group_c/tas2-software/install/urg_node2/lib:/usr/lib/x86_64-linux-gnu/gazebo-11/plugins:/opt/ros/humble/opt/rviz_ogre_vendor/lib:/opt/ros/humble/lib/x86_64-linux-gnu:/opt/ros/humble/lib:/usr/lib/x86_64-linux-gnu/gazebo-11/plugins /usr/bin/cmake --build /home/group_c/tas2-software/build/ros2_laser_scan_matcher -- -j4 -l4
[0.650s] Invoking command in '/home/group_c/tas2-software/build/ros2_laser_scan_matcher': CMAKE_PREFIX_PATH=/home/group_c/tas2-software/install/csm:/home/group_c/tas2-software/install/urg_node2:/home/group_c/tas2-software/install/tas2:/home/group_c/tas2-software/install/ros2_laser_scan_matcher:/home/group_c/tas2-software/install/tas_hardware:/home/group_c/tas2-software/install/object_tracker:/opt/ros/humble LD_LIBRARY_PATH=/home/group_c/tas2-software/install/csm/lib:/home/group_c/tas2-software/install/urg_node2/lib:/usr/lib/x86_64-linux-gnu/gazebo-11/plugins:/opt/ros/humble/opt/rviz_ogre_vendor/lib:/opt/ros/humble/lib/x86_64-linux-gnu:/opt/ros/humble/lib:/usr/lib/x86_64-linux-gnu/gazebo-11/plugins /usr/bin/cmake --install /home/group_c/tas2-software/build/ros2_laser_scan_matcher
[0.683s] -- Install configuration: ""
[0.685s] -- Up-to-date: /home/group_c/tas2-software/install/ros2_laser_scan_matcher/lib/ros2_laser_scan_matcher/laser_scan_matcher
[0.685s] -- Up-to-date: /home/group_c/tas2-software/install/ros2_laser_scan_matcher/share/ament_index/resource_index/package_run_dependencies/ros2_laser_scan_matcher
[0.685s] -- Up-to-date: /home/group_c/tas2-software/install/ros2_laser_scan_matcher/share/ament_index/resource_index/parent_prefix_path/ros2_laser_scan_matcher
[0.685s] -- Up-to-date: /home/group_c/tas2-software/install/ros2_laser_scan_matcher/share/ros2_laser_scan_matcher/environment/ament_prefix_path.sh
[0.685s] -- Up-to-date: /home/group_c/tas2-software/install/ros2_laser_scan_matcher/share/ros2_laser_scan_matcher/environment/ament_prefix_path.dsv
[0.685s] -- Up-to-date: /home/group_c/tas2-software/install/ros2_laser_scan_matcher/share/ros2_laser_scan_matcher/environment/path.sh
[0.685s] -- Up-to-date: /home/group_c/tas2-software/install/ros2_laser_scan_matcher/share/ros2_laser_scan_matcher/environment/path.dsv
[0.686s] -- Up-to-date: /home/group_c/tas2-software/install/ros2_laser_scan_matcher/share/ros2_laser_scan_matcher/local_setup.bash
[0.686s] -- Up-to-date: /home/group_c/tas2-software/install/ros2_laser_scan_matcher/share/ros2_laser_scan_matcher/local_setup.sh
[0.686s] -- Up-to-date: /home/group_c/tas2-software/install/ros2_laser_scan_matcher/share/ros2_laser_scan_matcher/local_setup.zsh
[0.686s] -- Up-to-date: /home/group_c/tas2-software/install/ros2_laser_scan_matcher/share/ros2_laser_scan_matcher/local_setup.dsv
[0.686s] -- Installing: /home/group_c/tas2-software/install/ros2_laser_scan_matcher/share/ros2_laser_scan_matcher/package.dsv
[0.686s] -- Up-to-date: /home/group_c/tas2-software/install/ros2_laser_scan_matcher/share/ament_index/resource_index/packages/ros2_laser_scan_matcher
[0.686s] -- Up-to-date: /home/group_c/tas2-software/install/ros2_laser_scan_matcher/share/ros2_laser_scan_matcher/cmake/ros2_laser_scan_matcherConfig.cmake
[0.686s] -- Up-to-date: /home/group_c/tas2-software/install/ros2_laser_scan_matcher/share/ros2_laser_scan_matcher/cmake/ros2_laser_scan_matcherConfig-version.cmake
[0.686s] -- Up-to-date: /home/group_c/tas2-software/install/ros2_laser_scan_matcher/share/ros2_laser_scan_matcher/package.xml
[0.700s] Invoked command in '/home/group_c/tas2-software/build/ros2_laser_scan_matcher' returned '0': CMAKE_PREFIX_PATH=/home/group_c/tas2-software/install/csm:/home/group_c/tas2-software/install/urg_node2:/home/group_c/tas2-software/install/tas2:/home/group_c/tas2-software/install/ros2_laser_scan_matcher:/home/group_c/tas2-software/install/tas_hardware:/home/group_c/tas2-software/install/object_tracker:/opt/ros/humble LD_LIBRARY_PATH=/home/group_c/tas2-software/install/csm/lib:/home/group_c/tas2-software/install/urg_node2/lib:/usr/lib/x86_64-linux-gnu/gazebo-11/plugins:/opt/ros/humble/opt/rviz_ogre_vendor/lib:/opt/ros/humble/lib/x86_64-linux-gnu:/opt/ros/humble/lib:/usr/lib/x86_64-linux-gnu/gazebo-11/plugins /usr/bin/cmake --install /home/group_c/tas2-software/build/ros2_laser_scan_matcher
