[0.341s] Invoking command in '/home/group_c/tas2-software/build/csm': CMAKE_PREFIX_PATH=${CMAKE_PREFIX_PATH}:/home/group_c/tas2-software/install/tas_hardware:/home/group_c/tas2-software/install/object_tracker:/opt/ros/humble /usr/bin/cmake /home/group_c/tas2-software/src/csm -DCMAKE_INSTALL_PREFIX=/home/group_c/tas2-software/install/csm
[0.656s] -- The C compiler identification is GNU 11.4.0
[0.657s] -- The CXX compiler identification is GNU 11.4.0
[0.657s] -- Detecting C compiler ABI info
[0.709s] -- Detecting C compiler ABI info - done
[0.721s] -- Check for working C compiler: /usr/bin/cc - skipped
[0.723s] -- Detecting C compile features
[0.723s] -- Detecting C compile features - done
[0.731s] -- Detecting CXX compiler ABI info
[0.847s] -- Detecting CXX compiler ABI info - done
[0.862s] -- Check for working CXX compiler: /usr/bin/c++ - skipped
[0.862s] -- Detecting CXX compile features
[0.863s] -- Detecting CXX compile features - done
[0.870s] -- Found ament_cmake: 1.3.5 (/opt/ros/humble/share/ament_cmake/cmake)
[1.424s] -- Found Python3: /usr/bin/python3.10 (found version "3.10.12") found components: Interpreter 
[1.685s] -- Found rclcpp: 16.0.6 (/opt/ros/humble/share/rclcpp/cmake)
[1.840s] -- Found rosidl_generator_c: 3.1.5 (/opt/ros/humble/share/rosidl_generator_c/cmake)
[1.860s] -- Found rosidl_adapter: 3.1.5 (/opt/ros/humble/share/rosidl_adapter/cmake)
[1.902s] -- Found rosidl_generator_cpp: 3.1.5 (/opt/ros/humble/share/rosidl_generator_cpp/cmake)
[2.017s] -- Using all available rosidl_typesupport_c: rosidl_typesupport_fastrtps_c;rosidl_typesupport_introspection_c
[2.093s] -- Using all available rosidl_typesupport_cpp: rosidl_typesupport_fastrtps_cpp;rosidl_typesupport_introspection_cpp
[2.429s] -- Found rmw_implementation_cmake: 6.1.1 (/opt/ros/humble/share/rmw_implementation_cmake/cmake)
[2.437s] -- Found rmw_fastrtps_cpp: 6.2.4 (/opt/ros/humble/share/rmw_fastrtps_cpp/cmake)
[2.921s] -- Found OpenSSL: /usr/lib/x86_64-linux-gnu/libcrypto.so (found version "3.0.2")  
[3.020s] -- Found FastRTPS: /opt/ros/humble/include  
[3.157s] -- Using RMW implementation 'rmw_fastrtps_cpp' as default
[3.208s] -- Looking for pthread.h
[3.530s] -- Looking for pthread.h - found
[3.530s] -- Performing Test CMAKE_HAVE_LIBC_PTHREAD
[3.706s] -- Performing Test CMAKE_HAVE_LIBC_PTHREAD - Success
[3.707s] -- Found Threads: TRUE  
[4.274s] -- Configuring done
[4.287s] -- Generating done
[4.290s] -- Build files have been written to: /home/group_c/tas2-software/build/csm
[4.306s] Invoked command in '/home/group_c/tas2-software/build/csm' returned '0': CMAKE_PREFIX_PATH=${CMAKE_PREFIX_PATH}:/home/group_c/tas2-software/install/tas_hardware:/home/group_c/tas2-software/install/object_tracker:/opt/ros/humble /usr/bin/cmake /home/group_c/tas2-software/src/csm -DCMAKE_INSTALL_PREFIX=/home/group_c/tas2-software/install/csm
[4.308s] Invoking command in '/home/group_c/tas2-software/build/csm': CMAKE_PREFIX_PATH=${CMAKE_PREFIX_PATH}:/home/group_c/tas2-software/install/tas_hardware:/home/group_c/tas2-software/install/object_tracker:/opt/ros/humble /usr/bin/cmake --build /home/group_c/tas2-software/build/csm -- -j4 -l4
[4.388s] [  4%] [32mBuilding CXX object CMakeFiles/csm.dir/src/csm/laser_data.cpp.o[0m
[4.394s] [  8%] [32mBuilding CXX object CMakeFiles/csm.dir/src/csm/math_utils_gsl.cpp.o[0m
[4.396s] [ 12%] [32mBuilding CXX object CMakeFiles/csm.dir/src/csm/math_utils.cpp.o[0m
[4.415s] [ 16%] [32mBuilding CXX object CMakeFiles/csm.dir/src/csm/utils.cpp.o[0m
[7.566s] [ 20%] [32mBuilding CXX object CMakeFiles/csm.dir/src/csm/logging.cpp.o[0m
[7.572s] [ 25%] [32mBuilding CXX object CMakeFiles/csm.dir/src/csm/sm_options.cpp.o[0m
[7.610s] [ 29%] [32mBuilding CXX object CMakeFiles/csm.dir/src/csm/orientation.cpp.o[0m
[7.742s] [ 33%] [32mBuilding CXX object CMakeFiles/csm.dir/src/csm/clustering.cpp.o[0m
[9.345s] [ 37%] [32mBuilding CXX object CMakeFiles/csm.dir/src/egsl/egsl.cpp.o[0m
[9.879s] [ 41%] [32mBuilding CXX object CMakeFiles/csm.dir/src/egsl/egsl_conversions.cpp.o[0m
[10.104s] [ 45%] [32mBuilding CXX object CMakeFiles/csm.dir/src/egsl/egsl_misc.cpp.o[0m
[10.829s] [ 50%] [32mBuilding CXX object CMakeFiles/csm.dir/src/egsl/egsl_ops.cpp.o[0m
[12.274s] [ 54%] [32mBuilding CXX object CMakeFiles/csm.dir/src/gpc/gpc.cpp.o[0m
[13.052s] [ 58%] [32mBuilding CXX object CMakeFiles/csm.dir/src/gpc/gpc_utils.cpp.o[0m
[13.871s] [ 62%] [32mBuilding CXX object CMakeFiles/csm.dir/src/icp/icp.cpp.o[0m
[15.952s] [ 66%] [32mBuilding CXX object CMakeFiles/csm.dir/src/icp/icp_corr_dumb.cpp.o[0m
[16.068s] [ 70%] [32mBuilding CXX object CMakeFiles/csm.dir/src/icp/icp_corr_tricks.cpp.o[0m
[19.801s] [ 75%] [32mBuilding CXX object CMakeFiles/csm.dir/src/icp/icp_covariance.cpp.o[0m
[19.801s] [ 79%] [32mBuilding CXX object CMakeFiles/csm.dir/src/icp/icp_debug.cpp.o[0m
[19.903s] [ 83%] [32mBuilding CXX object CMakeFiles/csm.dir/src/icp/icp_loop.cpp.o[0m
[23.360s] [ 87%] [32mBuilding CXX object CMakeFiles/csm.dir/src/icp/icp_outliers.cpp.o[0m
[23.447s] [ 91%] [32mBuilding CXX object CMakeFiles/csm.dir/src/options/options.cpp.o[0m
[23.793s] [ 95%] [32mBuilding CXX object CMakeFiles/csm.dir/src/options/options_interface.cpp.o[0m
[37.376s] [100%] [32m[1mLinking CXX shared library libcsm.so[0m
[37.867s] [100%] Built target csm
[37.881s] Invoked command in '/home/group_c/tas2-software/build/csm' returned '0': CMAKE_PREFIX_PATH=${CMAKE_PREFIX_PATH}:/home/group_c/tas2-software/install/tas_hardware:/home/group_c/tas2-software/install/object_tracker:/opt/ros/humble /usr/bin/cmake --build /home/group_c/tas2-software/build/csm -- -j4 -l4
[37.989s] Invoking command in '/home/group_c/tas2-software/build/csm': CMAKE_PREFIX_PATH=${CMAKE_PREFIX_PATH}:/home/group_c/tas2-software/install/tas_hardware:/home/group_c/tas2-software/install/object_tracker:/opt/ros/humble /usr/bin/cmake --install /home/group_c/tas2-software/build/csm
[38.000s] -- Install configuration: ""
[38.001s] -- Installing: /home/group_c/tas2-software/install/csm/lib/libcsm.so
[38.011s] -- Installing: /home/group_c/tas2-software/install/csm/include/..//include
[38.011s] -- Installing: /home/group_c/tas2-software/install/csm/include/..//include/csm
[38.011s] -- Installing: /home/group_c/tas2-software/install/csm/include/..//include/csm/laser_data_inline.h
[38.011s] -- Installing: /home/group_c/tas2-software/install/csm/include/..//include/csm/restrict.h
[38.012s] -- Installing: /home/group_c/tas2-software/install/csm/include/..//include/csm/laser_data.h
[38.012s] -- Installing: /home/group_c/tas2-software/install/csm/include/..//include/csm/csm.h
[38.012s] -- Installing: /home/group_c/tas2-software/install/csm/include/..//include/csm/algos.h
[38.012s] -- Installing: /home/group_c/tas2-software/install/csm/include/..//include/gsl_eigen
[38.012s] -- Installing: /home/group_c/tas2-software/install/csm/include/..//include/gsl_eigen/gsl_eigen.h
[38.012s] -- Installing: /home/group_c/tas2-software/install/csm/share/csm/resource
[38.012s] -- Installing: /home/group_c/tas2-software/install/csm/share/csm/resource/csm
[38.013s] -- Installing: /home/group_c/tas2-software/install/csm/include/../gsl_eigen
[38.013s] -- Installing: /home/group_c/tas2-software/install/csm/include/../gsl_eigen/gsl_eigen.h
[38.013s] -- Installing: /home/group_c/tas2-software/install/csm/share/csm/environment/library_path.sh
[38.013s] -- Installing: /home/group_c/tas2-software/install/csm/share/csm/environment/library_path.dsv
[38.013s] -- Installing: /home/group_c/tas2-software/install/csm/share/ament_index/resource_index/package_run_dependencies/csm
[38.014s] -- Installing: /home/group_c/tas2-software/install/csm/share/ament_index/resource_index/parent_prefix_path/csm
[38.014s] -- Installing: /home/group_c/tas2-software/install/csm/share/csm/environment/ament_prefix_path.sh
[38.014s] -- Installing: /home/group_c/tas2-software/install/csm/share/csm/environment/ament_prefix_path.dsv
[38.015s] -- Installing: /home/group_c/tas2-software/install/csm/share/csm/environment/path.sh
[38.015s] -- Installing: /home/group_c/tas2-software/install/csm/share/csm/environment/path.dsv
[38.015s] -- Installing: /home/group_c/tas2-software/install/csm/share/csm/local_setup.bash
[38.015s] -- Installing: /home/group_c/tas2-software/install/csm/share/csm/local_setup.sh
[38.015s] -- Installing: /home/group_c/tas2-software/install/csm/share/csm/local_setup.zsh
[38.015s] -- Installing: /home/group_c/tas2-software/install/csm/share/csm/local_setup.dsv
[38.016s] -- Installing: /home/group_c/tas2-software/install/csm/share/csm/package.dsv
[38.016s] -- Installing: /home/group_c/tas2-software/install/csm/share/ament_index/resource_index/packages/csm
[38.016s] -- Installing: /home/group_c/tas2-software/install/csm/share/csm/cmake/ament_cmake_export_dependencies-extras.cmake
[38.016s] -- Installing: /home/group_c/tas2-software/install/csm/share/csm/cmake/ament_cmake_export_include_directories-extras.cmake
[38.016s] -- Installing: /home/group_c/tas2-software/install/csm/share/csm/cmake/ament_cmake_export_libraries-extras.cmake
[38.017s] -- Installing: /home/group_c/tas2-software/install/csm/share/csm/cmake/csmConfig.cmake
[38.017s] -- Installing: /home/group_c/tas2-software/install/csm/share/csm/cmake/csmConfig-version.cmake
[38.017s] -- Installing: /home/group_c/tas2-software/install/csm/share/csm/package.xml
[38.020s] Invoked command in '/home/group_c/tas2-software/build/csm' returned '0': CMAKE_PREFIX_PATH=${CMAKE_PREFIX_PATH}:/home/group_c/tas2-software/install/tas_hardware:/home/group_c/tas2-software/install/object_tracker:/opt/ros/humble /usr/bin/cmake --install /home/group_c/tas2-software/build/csm
