[0.359s] Invoking command in '/home/group_c/tas2-software/build/urg_node2': CMAKE_PREFIX_PATH=${CMAKE_PREFIX_PATH}:/home/group_c/tas2-software/install/tas_hardware:/home/group_c/tas2-software/install/object_tracker:/opt/ros/humble /usr/bin/cmake /home/group_c/tas2-software/src/urg_node2 -DCMAKE_INSTALL_PREFIX=/home/group_c/tas2-software/install/urg_node2
[0.466s] -- The C compiler identification is GNU 11.4.0
[0.566s] -- The CXX compiler identification is GNU 11.4.0
[0.585s] -- Detecting C compiler ABI info
[0.691s] -- Detecting C compiler ABI info - done
[0.706s] -- Check for working C compiler: /usr/bin/cc - skipped
[0.706s] -- Detecting C compile features
[0.707s] -- Detecting C compile features - done
[0.714s] -- Detecting CXX compiler ABI info
[0.873s] -- Detecting CXX compiler ABI info - done
[0.916s] -- Check for working CXX compiler: /usr/bin/c++ - skipped
[0.916s] -- Detecting CXX compile features
[0.917s] -- Detecting CXX compile features - done
[0.921s] -- Found ament_cmake: 1.3.5 (/opt/ros/humble/share/ament_cmake/cmake)
[1.631s] -- Found Python3: /usr/bin/python3.10 (found version "3.10.12") found components: Interpreter 
[1.798s] -- Found rclcpp: 16.0.6 (/opt/ros/humble/share/rclcpp/cmake)
[1.888s] -- Found rosidl_generator_c: 3.1.5 (/opt/ros/humble/share/rosidl_generator_c/cmake)
[1.892s] -- Found rosidl_adapter: 3.1.5 (/opt/ros/humble/share/rosidl_adapter/cmake)
[1.913s] -- Found rosidl_generator_cpp: 3.1.5 (/opt/ros/humble/share/rosidl_generator_cpp/cmake)
[1.941s] -- Using all available rosidl_typesupport_c: rosidl_typesupport_fastrtps_c;rosidl_typesupport_introspection_c
[1.986s] -- Using all available rosidl_typesupport_cpp: rosidl_typesupport_fastrtps_cpp;rosidl_typesupport_introspection_cpp
[2.167s] -- Found rmw_implementation_cmake: 6.1.1 (/opt/ros/humble/share/rmw_implementation_cmake/cmake)
[2.172s] -- Found rmw_fastrtps_cpp: 6.2.4 (/opt/ros/humble/share/rmw_fastrtps_cpp/cmake)
[2.363s] -- Found OpenSSL: /usr/lib/x86_64-linux-gnu/libcrypto.so (found version "3.0.2")  
[2.406s] -- Found FastRTPS: /opt/ros/humble/include  
[2.483s] -- Using RMW implementation 'rmw_fastrtps_cpp' as default
[2.511s] -- Looking for pthread.h
[2.915s] -- Looking for pthread.h - found
[2.916s] -- Performing Test CMAKE_HAVE_LIBC_PTHREAD
[3.148s] -- Performing Test CMAKE_HAVE_LIBC_PTHREAD - Success
[3.151s] -- Found Threads: TRUE  
[3.781s] -- Found rclcpp_components: 16.0.6 (/opt/ros/humble/share/rclcpp_components/cmake)
[4.015s] -- Found rclcpp_lifecycle: 16.0.6 (/opt/ros/humble/share/rclcpp_lifecycle/cmake)
[4.202s] -- Found sensor_msgs: 4.2.3 (/opt/ros/humble/share/sensor_msgs/cmake)
[4.642s] -- Found diagnostic_updater: 3.1.2 (/opt/ros/humble/share/diagnostic_updater/cmake)
[4.920s] -- Found laser_proc: 1.0.2 (/opt/ros/humble/share/laser_proc/cmake)
[5.022s] -- Found ament_cmake_gtest: 1.3.5 (/opt/ros/humble/share/ament_cmake_gtest/cmake)
[5.027s] -- Found gtest sources under '/opt/ros/humble/src/gtest_vendor': C++ tests using 'Google Test' will be built
[5.314s] -- Configuring done
[5.429s] -- Generating done
[5.429s] -- Build files have been written to: /home/group_c/tas2-software/build/urg_node2
[5.468s] Invoked command in '/home/group_c/tas2-software/build/urg_node2' returned '0': CMAKE_PREFIX_PATH=${CMAKE_PREFIX_PATH}:/home/group_c/tas2-software/install/tas_hardware:/home/group_c/tas2-software/install/object_tracker:/opt/ros/humble /usr/bin/cmake /home/group_c/tas2-software/src/urg_node2 -DCMAKE_INSTALL_PREFIX=/home/group_c/tas2-software/install/urg_node2
[5.478s] Invoking command in '/home/group_c/tas2-software/build/urg_node2': CMAKE_PREFIX_PATH=${CMAKE_PREFIX_PATH}:/home/group_c/tas2-software/install/tas_hardware:/home/group_c/tas2-software/install/object_tracker:/opt/ros/humble /usr/bin/cmake --build /home/group_c/tas2-software/build/urg_node2 -- -j4 -l4
[5.700s] [  5%] [32mBuilding CXX object gtest/CMakeFiles/gtest_main.dir/src/gtest_main.cc.o[0m
[5.727s] [ 10%] [32mBuilding C object CMakeFiles/urg_c.dir/urg_library/current/src/urg_sensor.c.o[0m
[5.751s] [ 15%] [32mBuilding CXX object CMakeFiles/urg_node2_node.dir/rclcpp_components/node_main_urg_node2_node.cpp.o[0m
[5.826s] [ 20%] [32mBuilding CXX object gtest/CMakeFiles/gtest.dir/src/gtest-all.cc.o[0m
[5.861s] [01m[K/home/group_c/tas2-software/src/urg_node2/urg_library/current/src/urg_sensor.c:1349:8:[m[K [01;35m[Kwarning: [m[Ktype qualifiers ignored on function return type [[01;35m[K]8;;https://gcc.gnu.org/onlinedocs/gcc/Warning-Options.html#index-Wignored-qualifiers-Wignored-qualifiers]8;;[m[K]
[5.861s]  1349 | static [01;35m[Kconst[m[K int receive_II_command_response(urg_t *urg,
[5.861s]       |        [01;35m[K^~~~~[m[K
[6.221s] [ 25%] [32mBuilding C object CMakeFiles/urg_c.dir/urg_library/current/src/urg_utils.c.o[0m
[6.324s] [01m[K/home/group_c/tas2-software/src/urg_node2/urg_library/current/src/urg_utils.c:[m[K In function ‘[01m[Kurg_delay[m[K’:
[6.324s] [01m[K/home/group_c/tas2-software/src/urg_node2/urg_library/current/src/urg_utils.c:224:5:[m[K [01;35m[Kwarning: [m[Kimplicit declaration of function ‘[01m[Kusleep[m[K’; did you mean ‘[01m[Kurg_sleep[m[K’? [[01;35m[K]8;;https://gcc.gnu.org/onlinedocs/gcc/Warning-Options.html#index-Wimplicit-function-declaration-Wimplicit-function-declaration]8;;[m[K]
[6.325s]   224 |     [01;35m[Kusleep[m[K(1000 * delay_msec);
[6.325s]       |     [01;35m[K^~~~~~[m[K
[6.325s]       |     [32m[Kurg_sleep[m[K
[6.447s] [ 30%] [32mBuilding C object CMakeFiles/urg_c.dir/urg_library/current/src/urg_debug.c.o[0m
[6.605s] [ 35%] [32mBuilding C object CMakeFiles/urg_c.dir/urg_library/current/src/urg_connection.c.o[0m
[6.761s] [ 40%] [32mBuilding C object CMakeFiles/urg_c.dir/urg_library/current/src/urg_ring_buffer.c.o[0m
[6.926s] [ 45%] [32mBuilding C object CMakeFiles/urg_c.dir/urg_library/current/src/urg_serial.c.o[0m
[7.130s] [ 50%] [32mBuilding C object CMakeFiles/urg_c.dir/urg_library/current/src/urg_serial_utils.c.o[0m
[7.305s] [ 55%] [32mBuilding C object CMakeFiles/urg_c.dir/urg_library/current/src/urg_tcpclient.c.o[0m
[7.513s] [ 60%] [32m[1mLinking C shared library liburg_c.so[0m
[7.714s] [ 60%] Built target urg_c
[7.873s] [ 65%] [32mBuilding CXX object CMakeFiles/urg_node2.dir/src/urg_node2.cpp.o[0m
[8.134s] [ 70%] [32m[1mLinking CXX static library libgtest_main.a[0m
[8.676s] [ 70%] Built target gtest_main
[14.126s] [ 75%] [32m[1mLinking CXX static library libgtest.a[0m
[14.473s] [ 75%] Built target gtest
[14.578s] [ 80%] [32mBuilding CXX object CMakeFiles/urg_node2_test.dir/src/urg_node2.cpp.o[0m
[14.607s] [ 85%] [32mBuilding CXX object CMakeFiles/urg_node2_test.dir/test/urg_node2_test.cpp.o[0m
[15.752s] [ 90%] [32m[1mLinking CXX executable urg_node2_node[0m
[16.365s] [ 90%] Built target urg_node2_node
[25.276s] [ 95%] [32m[1mLinking CXX shared library liburg_node2.so[0m
[25.843s] [ 95%] Built target urg_node2
[33.345s] [100%] [32m[1mLinking CXX executable urg_node2_test[0m
[34.401s] [100%] Built target urg_node2_test
[34.470s] Invoked command in '/home/group_c/tas2-software/build/urg_node2' returned '0': CMAKE_PREFIX_PATH=${CMAKE_PREFIX_PATH}:/home/group_c/tas2-software/install/tas_hardware:/home/group_c/tas2-software/install/object_tracker:/opt/ros/humble /usr/bin/cmake --build /home/group_c/tas2-software/build/urg_node2 -- -j4 -l4
[34.529s] Invoking command in '/home/group_c/tas2-software/build/urg_node2': CMAKE_PREFIX_PATH=${CMAKE_PREFIX_PATH}:/home/group_c/tas2-software/install/tas_hardware:/home/group_c/tas2-software/install/object_tracker:/opt/ros/humble /usr/bin/cmake --install /home/group_c/tas2-software/build/urg_node2
[34.539s] -- Install configuration: ""
[34.539s] -- Installing: /home/group_c/tas2-software/install/urg_node2/lib/urg_node2/urg_node2_node
[34.540s] -- Set runtime path of "/home/group_c/tas2-software/install/urg_node2/lib/urg_node2/urg_node2_node" to ""
[34.540s] -- Installing: /home/group_c/tas2-software/install/urg_node2/lib/liburg_node2.so
[34.544s] -- Set runtime path of "/home/group_c/tas2-software/install/urg_node2/lib/liburg_node2.so" to ""
[34.544s] -- Installing: /home/group_c/tas2-software/install/urg_node2/lib/liburg_c.so
[34.545s] -- Installing: /home/group_c/tas2-software/install/urg_node2/share/urg_node2/launch
[34.545s] -- Installing: /home/group_c/tas2-software/install/urg_node2/share/urg_node2/launch/urg_node2_component.launch.py
[34.545s] -- Installing: /home/group_c/tas2-software/install/urg_node2/share/urg_node2/launch/urg_node2_2lidar.launch.py
[34.545s] -- Installing: /home/group_c/tas2-software/install/urg_node2/share/urg_node2/launch/urg_node2.launch.py
[34.546s] -- Installing: /home/group_c/tas2-software/install/urg_node2/share/urg_node2/config
[34.546s] -- Installing: /home/group_c/tas2-software/install/urg_node2/share/urg_node2/config/params_serial.yaml
[34.546s] -- Installing: /home/group_c/tas2-software/install/urg_node2/share/urg_node2/config/params_ether.yaml
[34.546s] -- Installing: /home/group_c/tas2-software/install/urg_node2/share/urg_node2/config/params_ether_2nd.yaml
[34.546s] -- Installing: /home/group_c/tas2-software/install/urg_node2/share/ament_index/resource_index/package_run_dependencies/urg_node2
[34.547s] -- Installing: /home/group_c/tas2-software/install/urg_node2/share/ament_index/resource_index/parent_prefix_path/urg_node2
[34.547s] -- Installing: /home/group_c/tas2-software/install/urg_node2/share/urg_node2/environment/ament_prefix_path.sh
[34.547s] -- Installing: /home/group_c/tas2-software/install/urg_node2/share/urg_node2/environment/ament_prefix_path.dsv
[34.547s] -- Installing: /home/group_c/tas2-software/install/urg_node2/share/urg_node2/environment/path.sh
[34.547s] -- Installing: /home/group_c/tas2-software/install/urg_node2/share/urg_node2/environment/path.dsv
[34.547s] -- Installing: /home/group_c/tas2-software/install/urg_node2/share/urg_node2/local_setup.bash
[34.548s] -- Installing: /home/group_c/tas2-software/install/urg_node2/share/urg_node2/local_setup.sh
[34.548s] -- Installing: /home/group_c/tas2-software/install/urg_node2/share/urg_node2/local_setup.zsh
[34.548s] -- Installing: /home/group_c/tas2-software/install/urg_node2/share/urg_node2/local_setup.dsv
[34.548s] -- Installing: /home/group_c/tas2-software/install/urg_node2/share/urg_node2/package.dsv
[34.548s] -- Installing: /home/group_c/tas2-software/install/urg_node2/share/ament_index/resource_index/packages/urg_node2
[34.548s] -- Installing: /home/group_c/tas2-software/install/urg_node2/share/ament_index/resource_index/rclcpp_components/urg_node2
[34.549s] -- Installing: /home/group_c/tas2-software/install/urg_node2/share/urg_node2/cmake/urg_node2Config.cmake
[34.549s] -- Installing: /home/group_c/tas2-software/install/urg_node2/share/urg_node2/cmake/urg_node2Config-version.cmake
[34.549s] -- Installing: /home/group_c/tas2-software/install/urg_node2/share/urg_node2/package.xml
[34.551s] Invoked command in '/home/group_c/tas2-software/build/urg_node2' returned '0': CMAKE_PREFIX_PATH=${CMAKE_PREFIX_PATH}:/home/group_c/tas2-software/install/tas_hardware:/home/group_c/tas2-software/install/object_tracker:/opt/ros/humble /usr/bin/cmake --install /home/group_c/tas2-software/build/urg_node2
