running egg_info
writing ../../build/tas_hardware/tas_hardware.egg-info/PKG-INFO
writing dependency_links to ../../build/tas_hardware/tas_hardware.egg-info/dependency_links.txt
writing entry points to ../../build/tas_hardware/tas_hardware.egg-info/entry_points.txt
writing requirements to ../../build/tas_hardware/tas_hardware.egg-info/requires.txt
writing top-level names to ../../build/tas_hardware/tas_hardware.egg-info/top_level.txt
reading manifest file '../../build/tas_hardware/tas_hardware.egg-info/SOURCES.txt'
writing manifest file '../../build/tas_hardware/tas_hardware.egg-info/SOURCES.txt'
running build
running build_py
running install
running install_lib
/home/group_c/.local/lib/python3.10/site-packages/setuptools/_distutils/cmd.py:66: SetuptoolsDeprecationWarning: setup.py install is deprecated.
!!

        ********************************************************************************
        Please avoid running ``setup.py`` directly.
        Instead, use pypa/build, pypa/installer or other
        standards-based tools.

        See https://blog.ganssle.io/articles/2021/10/setup-py-deprecated.html for details.
        ********************************************************************************

!!
  self.initialize_options()
running install_data
running install_egg_info
removing '/home/group_c/tas2-software/install/tas_hardware/lib/python3.10/site-packages/tas_hardware-0.0.0-py3.10.egg-info' (and everything under it)
Copying ../../build/tas_hardware/tas_hardware.egg-info to /home/group_c/tas2-software/install/tas_hardware/lib/python3.10/site-packages/tas_hardware-0.0.0-py3.10.egg-info
running install_scripts
Installing tas_hardware script to /home/group_c/tas2-software/install/tas_hardware/lib/tas_hardware
Installing tas_simulation script to /home/group_c/tas2-software/install/tas_hardware/lib/tas_hardware
writing list of installed files to '/home/group_c/tas2-software/build/tas_hardware/install.log'
