[1.558s] Invoking command in '/home/group_c/tas2-software/src/tas_hardware': PYTHONPATH=/home/group_c/tas2-software/build/tas_hardware/prefix_override:/home/group_c/tas2-software/install/tas_hardware/lib/python3.10/site-packages:${PYTHONPATH} /usr/bin/python3 setup.py egg_info --egg-base ../../build/tas_hardware build --build-base /home/group_c/tas2-software/build/tas_hardware/build install --record /home/group_c/tas2-software/build/tas_hardware/install.log --single-version-externally-managed
[2.077s] running egg_info
[2.112s] writing ../../build/tas_hardware/tas_hardware.egg-info/PKG-INFO
[2.113s] writing dependency_links to ../../build/tas_hardware/tas_hardware.egg-info/dependency_links.txt
[2.113s] writing entry points to ../../build/tas_hardware/tas_hardware.egg-info/entry_points.txt
[2.114s] writing requirements to ../../build/tas_hardware/tas_hardware.egg-info/requires.txt
[2.114s] writing top-level names to ../../build/tas_hardware/tas_hardware.egg-info/top_level.txt
[2.199s] reading manifest file '../../build/tas_hardware/tas_hardware.egg-info/SOURCES.txt'
[2.199s] writing manifest file '../../build/tas_hardware/tas_hardware.egg-info/SOURCES.txt'
[2.199s] running build
[2.199s] running build_py
[2.211s] running install
[2.212s] running install_lib
[2.216s] /home/group_c/.local/lib/python3.10/site-packages/setuptools/_distutils/cmd.py:66: SetuptoolsDeprecationWarning: setup.py install is deprecated.
[2.216s] !!
[2.216s] 
[2.216s]         ********************************************************************************
[2.216s]         Please avoid running ``setup.py`` directly.
[2.217s]         Instead, use pypa/build, pypa/installer or other
[2.217s]         standards-based tools.
[2.217s] 
[2.217s]         See https://blog.ganssle.io/articles/2021/10/setup-py-deprecated.html for details.
[2.217s]         ********************************************************************************
[2.217s] 
[2.217s] !!
[2.217s]   self.initialize_options()
[2.250s] running install_data
[2.277s] running install_egg_info
[2.315s] removing '/home/group_c/tas2-software/install/tas_hardware/lib/python3.10/site-packages/tas_hardware-0.0.0-py3.10.egg-info' (and everything under it)
[2.318s] Copying ../../build/tas_hardware/tas_hardware.egg-info to /home/group_c/tas2-software/install/tas_hardware/lib/python3.10/site-packages/tas_hardware-0.0.0-py3.10.egg-info
[2.318s] running install_scripts
[2.619s] Installing tas_hardware script to /home/group_c/tas2-software/install/tas_hardware/lib/tas_hardware
[2.620s] Installing tas_simulation script to /home/group_c/tas2-software/install/tas_hardware/lib/tas_hardware
[2.620s] writing list of installed files to '/home/group_c/tas2-software/build/tas_hardware/install.log'
[2.740s] Invoked command in '/home/group_c/tas2-software/src/tas_hardware' returned '0': PYTHONPATH=/home/group_c/tas2-software/build/tas_hardware/prefix_override:/home/group_c/tas2-software/install/tas_hardware/lib/python3.10/site-packages:${PYTHONPATH} /usr/bin/python3 setup.py egg_info --egg-base ../../build/tas_hardware build --build-base /home/group_c/tas2-software/build/tas_hardware/build install --record /home/group_c/tas2-software/build/tas_hardware/install.log --single-version-externally-managed
