[1.060s] DEBUG:colcon:Command line arguments: ['/usr/bin/colcon', 'build']
[1.060s] DEBUG:colcon:Parsed command line arguments: Namespace(log_base=None, log_level=None, verb_name='build', build_base='build', install_base='install', merge_install=False, symlink_install=False, test_result_base=None, continue_on_error=False, executor='parallel', parallel_workers=4, event_handlers=None, ignore_user_meta=False, metas=['./colcon.meta'], base_paths=['.'], packages_ignore=None, packages_ignore_regex=None, paths=None, packages_up_to=None, packages_up_to_regex=None, packages_above=None, packages_above_and_dependencies=None, packages_above_depth=None, packages_select_by_dep=None, packages_skip_by_dep=None, packages_skip_up_to=None, packages_select_build_failed=False, packages_skip_build_finished=False, packages_select_test_failures=False, packages_skip_test_passed=False, packages_select=None, packages_skip=None, packages_select_regex=None, packages_skip_regex=None, packages_start=None, packages_end=None, allow_overriding=[], cmake_args=None, cmake_target=None, cmake_target_skip_unavailable=False, cmake_clean_cache=False, cmake_clean_first=False, cmake_force_configure=False, ament_cmake_args=None, catkin_cmake_args=None, catkin_skip_building_tests=False, verb_parser=<colcon_defaults.argument_parser.defaults.DefaultArgumentsDecorator object at 0x7f3211735f60>, verb_extension=<colcon_core.verb.build.BuildVerb object at 0x7f3211be7ac0>, main=<bound method BuildVerb.main of <colcon_core.verb.build.BuildVerb object at 0x7f3211be7ac0>>)
[1.120s] Level 1:colcon.colcon_core.package_discovery:discover_packages(colcon_meta) check parameters
[1.120s] Level 1:colcon.colcon_core.package_discovery:discover_packages(recursive) check parameters
[1.120s] Level 1:colcon.colcon_core.package_discovery:discover_packages(ignore) check parameters
[1.120s] Level 1:colcon.colcon_core.package_discovery:discover_packages(path) check parameters
[1.120s] Level 1:colcon.colcon_core.package_discovery:discover_packages(colcon_meta) discover
[1.121s] Level 1:colcon.colcon_core.package_discovery:discover_packages(recursive) discover
[1.121s] INFO:colcon.colcon_core.package_discovery:Crawling recursively for packages in '/home/group_c/tas2-software'
[1.121s] Level 1:colcon.colcon_core.package_identification:_identify(.) by extensions ['ignore', 'ignore_ament_install']
[1.121s] Level 1:colcon.colcon_core.package_identification:_identify(.) by extension 'ignore'
[1.121s] Level 1:colcon.colcon_core.package_identification:_identify(.) by extension 'ignore_ament_install'
[1.121s] Level 1:colcon.colcon_core.package_identification:_identify(.) by extensions ['colcon_pkg']
[1.121s] Level 1:colcon.colcon_core.package_identification:_identify(.) by extension 'colcon_pkg'
[1.121s] Level 1:colcon.colcon_core.package_identification:_identify(.) by extensions ['colcon_meta']
[1.121s] Level 1:colcon.colcon_core.package_identification:_identify(.) by extension 'colcon_meta'
[1.121s] Level 1:colcon.colcon_core.package_identification:_identify(.) by extensions ['ros']
[1.121s] Level 1:colcon.colcon_core.package_identification:_identify(.) by extension 'ros'
[1.135s] Level 1:colcon.colcon_core.package_identification:_identify(.) by extensions ['cmake', 'python']
[1.136s] Level 1:colcon.colcon_core.package_identification:_identify(.) by extension 'cmake'
[1.136s] Level 1:colcon.colcon_core.package_identification:_identify(.) by extension 'python'
[1.136s] Level 1:colcon.colcon_core.package_identification:_identify(.) by extensions ['python_setup_py']
[1.136s] Level 1:colcon.colcon_core.package_identification:_identify(.) by extension 'python_setup_py'
[1.136s] Level 1:colcon.colcon_core.package_identification:_identify(build) by extensions ['ignore', 'ignore_ament_install']
[1.136s] Level 1:colcon.colcon_core.package_identification:_identify(build) by extension 'ignore'
[1.136s] Level 1:colcon.colcon_core.package_identification:_identify(build) ignored
[1.136s] Level 1:colcon.colcon_core.package_identification:_identify(hardware) by extensions ['ignore', 'ignore_ament_install']
[1.137s] Level 1:colcon.colcon_core.package_identification:_identify(hardware) by extension 'ignore'
[1.137s] Level 1:colcon.colcon_core.package_identification:_identify(hardware) by extension 'ignore_ament_install'
[1.137s] Level 1:colcon.colcon_core.package_identification:_identify(hardware) by extensions ['colcon_pkg']
[1.137s] Level 1:colcon.colcon_core.package_identification:_identify(hardware) by extension 'colcon_pkg'
[1.137s] Level 1:colcon.colcon_core.package_identification:_identify(hardware) by extensions ['colcon_meta']
[1.137s] Level 1:colcon.colcon_core.package_identification:_identify(hardware) by extension 'colcon_meta'
[1.137s] Level 1:colcon.colcon_core.package_identification:_identify(hardware) by extensions ['ros']
[1.137s] Level 1:colcon.colcon_core.package_identification:_identify(hardware) by extension 'ros'
[1.137s] Level 1:colcon.colcon_core.package_identification:_identify(hardware) by extensions ['cmake', 'python']
[1.137s] Level 1:colcon.colcon_core.package_identification:_identify(hardware) by extension 'cmake'
[1.137s] Level 1:colcon.colcon_core.package_identification:_identify(hardware) by extension 'python'
[1.137s] Level 1:colcon.colcon_core.package_identification:_identify(hardware) by extensions ['python_setup_py']
[1.137s] Level 1:colcon.colcon_core.package_identification:_identify(hardware) by extension 'python_setup_py'
[1.138s] Level 1:colcon.colcon_core.package_identification:_identify(hardware/Aruino_TestHardware) by extensions ['ignore', 'ignore_ament_install']
[1.138s] Level 1:colcon.colcon_core.package_identification:_identify(hardware/Aruino_TestHardware) by extension 'ignore'
[1.138s] Level 1:colcon.colcon_core.package_identification:_identify(hardware/Aruino_TestHardware) by extension 'ignore_ament_install'
[1.138s] Level 1:colcon.colcon_core.package_identification:_identify(hardware/Aruino_TestHardware) by extensions ['colcon_pkg']
[1.138s] Level 1:colcon.colcon_core.package_identification:_identify(hardware/Aruino_TestHardware) by extension 'colcon_pkg'
[1.138s] Level 1:colcon.colcon_core.package_identification:_identify(hardware/Aruino_TestHardware) by extensions ['colcon_meta']
[1.138s] Level 1:colcon.colcon_core.package_identification:_identify(hardware/Aruino_TestHardware) by extension 'colcon_meta'
[1.138s] Level 1:colcon.colcon_core.package_identification:_identify(hardware/Aruino_TestHardware) by extensions ['ros']
[1.138s] Level 1:colcon.colcon_core.package_identification:_identify(hardware/Aruino_TestHardware) by extension 'ros'
[1.138s] Level 1:colcon.colcon_core.package_identification:_identify(hardware/Aruino_TestHardware) by extensions ['cmake', 'python']
[1.138s] Level 1:colcon.colcon_core.package_identification:_identify(hardware/Aruino_TestHardware) by extension 'cmake'
[1.138s] Level 1:colcon.colcon_core.package_identification:_identify(hardware/Aruino_TestHardware) by extension 'python'
[1.139s] Level 1:colcon.colcon_core.package_identification:_identify(hardware/Aruino_TestHardware) by extensions ['python_setup_py']
[1.139s] Level 1:colcon.colcon_core.package_identification:_identify(hardware/Aruino_TestHardware) by extension 'python_setup_py'
[1.139s] Level 1:colcon.colcon_core.package_identification:_identify(hardware/ESP_TASCar) by extensions ['ignore', 'ignore_ament_install']
[1.139s] Level 1:colcon.colcon_core.package_identification:_identify(hardware/ESP_TASCar) by extension 'ignore'
[1.139s] Level 1:colcon.colcon_core.package_identification:_identify(hardware/ESP_TASCar) by extension 'ignore_ament_install'
[1.139s] Level 1:colcon.colcon_core.package_identification:_identify(hardware/ESP_TASCar) by extensions ['colcon_pkg']
[1.139s] Level 1:colcon.colcon_core.package_identification:_identify(hardware/ESP_TASCar) by extension 'colcon_pkg'
[1.139s] Level 1:colcon.colcon_core.package_identification:_identify(hardware/ESP_TASCar) by extensions ['colcon_meta']
[1.139s] Level 1:colcon.colcon_core.package_identification:_identify(hardware/ESP_TASCar) by extension 'colcon_meta'
[1.139s] Level 1:colcon.colcon_core.package_identification:_identify(hardware/ESP_TASCar) by extensions ['ros']
[1.139s] Level 1:colcon.colcon_core.package_identification:_identify(hardware/ESP_TASCar) by extension 'ros'
[1.139s] Level 1:colcon.colcon_core.package_identification:_identify(hardware/ESP_TASCar) by extensions ['cmake', 'python']
[1.139s] Level 1:colcon.colcon_core.package_identification:_identify(hardware/ESP_TASCar) by extension 'cmake'
[1.139s] Level 1:colcon.colcon_core.package_identification:_identify(hardware/ESP_TASCar) by extension 'python'
[1.140s] Level 1:colcon.colcon_core.package_identification:_identify(hardware/ESP_TASCar) by extensions ['python_setup_py']
[1.140s] Level 1:colcon.colcon_core.package_identification:_identify(hardware/ESP_TASCar) by extension 'python_setup_py'
[1.140s] Level 1:colcon.colcon_core.package_identification:_identify(img) by extensions ['ignore', 'ignore_ament_install']
[1.140s] Level 1:colcon.colcon_core.package_identification:_identify(img) by extension 'ignore'
[1.140s] Level 1:colcon.colcon_core.package_identification:_identify(img) by extension 'ignore_ament_install'
[1.140s] Level 1:colcon.colcon_core.package_identification:_identify(img) by extensions ['colcon_pkg']
[1.140s] Level 1:colcon.colcon_core.package_identification:_identify(img) by extension 'colcon_pkg'
[1.140s] Level 1:colcon.colcon_core.package_identification:_identify(img) by extensions ['colcon_meta']
[1.140s] Level 1:colcon.colcon_core.package_identification:_identify(img) by extension 'colcon_meta'
[1.140s] Level 1:colcon.colcon_core.package_identification:_identify(img) by extensions ['ros']
[1.140s] Level 1:colcon.colcon_core.package_identification:_identify(img) by extension 'ros'
[1.140s] Level 1:colcon.colcon_core.package_identification:_identify(img) by extensions ['cmake', 'python']
[1.140s] Level 1:colcon.colcon_core.package_identification:_identify(img) by extension 'cmake'
[1.140s] Level 1:colcon.colcon_core.package_identification:_identify(img) by extension 'python'
[1.141s] Level 1:colcon.colcon_core.package_identification:_identify(img) by extensions ['python_setup_py']
[1.141s] Level 1:colcon.colcon_core.package_identification:_identify(img) by extension 'python_setup_py'
[1.141s] Level 1:colcon.colcon_core.package_identification:_identify(install) by extensions ['ignore', 'ignore_ament_install']
[1.141s] Level 1:colcon.colcon_core.package_identification:_identify(install) by extension 'ignore'
[1.141s] Level 1:colcon.colcon_core.package_identification:_identify(install) ignored
[1.141s] Level 1:colcon.colcon_core.package_identification:_identify(log) by extensions ['ignore', 'ignore_ament_install']
[1.141s] Level 1:colcon.colcon_core.package_identification:_identify(log) by extension 'ignore'
[1.141s] Level 1:colcon.colcon_core.package_identification:_identify(log) ignored
[1.141s] Level 1:colcon.colcon_core.package_identification:_identify(src) by extensions ['ignore', 'ignore_ament_install']
[1.141s] Level 1:colcon.colcon_core.package_identification:_identify(src) by extension 'ignore'
[1.142s] Level 1:colcon.colcon_core.package_identification:_identify(src) by extension 'ignore_ament_install'
[1.142s] Level 1:colcon.colcon_core.package_identification:_identify(src) by extensions ['colcon_pkg']
[1.142s] Level 1:colcon.colcon_core.package_identification:_identify(src) by extension 'colcon_pkg'
[1.142s] Level 1:colcon.colcon_core.package_identification:_identify(src) by extensions ['colcon_meta']
[1.142s] Level 1:colcon.colcon_core.package_identification:_identify(src) by extension 'colcon_meta'
[1.142s] Level 1:colcon.colcon_core.package_identification:_identify(src) by extensions ['ros']
[1.142s] Level 1:colcon.colcon_core.package_identification:_identify(src) by extension 'ros'
[1.142s] Level 1:colcon.colcon_core.package_identification:_identify(src) by extensions ['cmake', 'python']
[1.142s] Level 1:colcon.colcon_core.package_identification:_identify(src) by extension 'cmake'
[1.142s] Level 1:colcon.colcon_core.package_identification:_identify(src) by extension 'python'
[1.142s] Level 1:colcon.colcon_core.package_identification:_identify(src) by extensions ['python_setup_py']
[1.142s] Level 1:colcon.colcon_core.package_identification:_identify(src) by extension 'python_setup_py'
[1.142s] Level 1:colcon.colcon_core.package_identification:_identify(src/csm) by extensions ['ignore', 'ignore_ament_install']
[1.143s] Level 1:colcon.colcon_core.package_identification:_identify(src/csm) by extension 'ignore'
[1.143s] Level 1:colcon.colcon_core.package_identification:_identify(src/csm) by extension 'ignore_ament_install'
[1.143s] Level 1:colcon.colcon_core.package_identification:_identify(src/csm) by extensions ['colcon_pkg']
[1.143s] Level 1:colcon.colcon_core.package_identification:_identify(src/csm) by extension 'colcon_pkg'
[1.143s] Level 1:colcon.colcon_core.package_identification:_identify(src/csm) by extensions ['colcon_meta']
[1.143s] Level 1:colcon.colcon_core.package_identification:_identify(src/csm) by extension 'colcon_meta'
[1.143s] Level 1:colcon.colcon_core.package_identification:_identify(src/csm) by extensions ['ros']
[1.143s] Level 1:colcon.colcon_core.package_identification:_identify(src/csm) by extension 'ros'
[1.146s] DEBUG:colcon.colcon_core.package_identification:Package 'src/csm' with type 'ros.ament_cmake' and name 'csm'
[1.147s] Level 1:colcon.colcon_core.package_identification:_identify(src/object_tracker) by extensions ['ignore', 'ignore_ament_install']
[1.147s] Level 1:colcon.colcon_core.package_identification:_identify(src/object_tracker) by extension 'ignore'
[1.147s] Level 1:colcon.colcon_core.package_identification:_identify(src/object_tracker) by extension 'ignore_ament_install'
[1.147s] Level 1:colcon.colcon_core.package_identification:_identify(src/object_tracker) by extensions ['colcon_pkg']
[1.147s] Level 1:colcon.colcon_core.package_identification:_identify(src/object_tracker) by extension 'colcon_pkg'
[1.147s] Level 1:colcon.colcon_core.package_identification:_identify(src/object_tracker) by extensions ['colcon_meta']
[1.147s] Level 1:colcon.colcon_core.package_identification:_identify(src/object_tracker) by extension 'colcon_meta'
[1.147s] Level 1:colcon.colcon_core.package_identification:_identify(src/object_tracker) by extensions ['ros']
[1.147s] Level 1:colcon.colcon_core.package_identification:_identify(src/object_tracker) by extension 'ros'
[1.148s] DEBUG:colcon.colcon_core.package_identification:Package 'src/object_tracker' with type 'ros.ament_python' and name 'object_tracker'
[1.148s] Level 1:colcon.colcon_core.package_identification:_identify(src/ros2_laser_scan_matcher) by extensions ['ignore', 'ignore_ament_install']
[1.148s] Level 1:colcon.colcon_core.package_identification:_identify(src/ros2_laser_scan_matcher) by extension 'ignore'
[1.148s] Level 1:colcon.colcon_core.package_identification:_identify(src/ros2_laser_scan_matcher) by extension 'ignore_ament_install'
[1.148s] Level 1:colcon.colcon_core.package_identification:_identify(src/ros2_laser_scan_matcher) by extensions ['colcon_pkg']
[1.149s] Level 1:colcon.colcon_core.package_identification:_identify(src/ros2_laser_scan_matcher) by extension 'colcon_pkg'
[1.149s] Level 1:colcon.colcon_core.package_identification:_identify(src/ros2_laser_scan_matcher) by extensions ['colcon_meta']
[1.149s] Level 1:colcon.colcon_core.package_identification:_identify(src/ros2_laser_scan_matcher) by extension 'colcon_meta'
[1.149s] Level 1:colcon.colcon_core.package_identification:_identify(src/ros2_laser_scan_matcher) by extensions ['ros']
[1.149s] Level 1:colcon.colcon_core.package_identification:_identify(src/ros2_laser_scan_matcher) by extension 'ros'
[1.150s] DEBUG:colcon.colcon_core.package_identification:Package 'src/ros2_laser_scan_matcher' with type 'ros.ament_cmake' and name 'ros2_laser_scan_matcher'
[1.150s] Level 1:colcon.colcon_core.package_identification:_identify(src/tas2) by extensions ['ignore', 'ignore_ament_install']
[1.150s] Level 1:colcon.colcon_core.package_identification:_identify(src/tas2) by extension 'ignore'
[1.150s] Level 1:colcon.colcon_core.package_identification:_identify(src/tas2) by extension 'ignore_ament_install'
[1.150s] Level 1:colcon.colcon_core.package_identification:_identify(src/tas2) by extensions ['colcon_pkg']
[1.150s] Level 1:colcon.colcon_core.package_identification:_identify(src/tas2) by extension 'colcon_pkg'
[1.150s] Level 1:colcon.colcon_core.package_identification:_identify(src/tas2) by extensions ['colcon_meta']
[1.150s] Level 1:colcon.colcon_core.package_identification:_identify(src/tas2) by extension 'colcon_meta'
[1.150s] Level 1:colcon.colcon_core.package_identification:_identify(src/tas2) by extensions ['ros']
[1.150s] Level 1:colcon.colcon_core.package_identification:_identify(src/tas2) by extension 'ros'
[1.151s] DEBUG:colcon.colcon_core.package_identification:Package 'src/tas2' with type 'ros.ament_cmake' and name 'tas2'
[1.152s] Level 1:colcon.colcon_core.package_identification:_identify(src/tas_hardware) by extensions ['ignore', 'ignore_ament_install']
[1.152s] Level 1:colcon.colcon_core.package_identification:_identify(src/tas_hardware) by extension 'ignore'
[1.152s] Level 1:colcon.colcon_core.package_identification:_identify(src/tas_hardware) by extension 'ignore_ament_install'
[1.152s] Level 1:colcon.colcon_core.package_identification:_identify(src/tas_hardware) by extensions ['colcon_pkg']
[1.152s] Level 1:colcon.colcon_core.package_identification:_identify(src/tas_hardware) by extension 'colcon_pkg'
[1.152s] Level 1:colcon.colcon_core.package_identification:_identify(src/tas_hardware) by extensions ['colcon_meta']
[1.152s] Level 1:colcon.colcon_core.package_identification:_identify(src/tas_hardware) by extension 'colcon_meta'
[1.152s] Level 1:colcon.colcon_core.package_identification:_identify(src/tas_hardware) by extensions ['ros']
[1.152s] Level 1:colcon.colcon_core.package_identification:_identify(src/tas_hardware) by extension 'ros'
[1.153s] DEBUG:colcon.colcon_core.package_identification:Package 'src/tas_hardware' with type 'ros.ament_python' and name 'tas_hardware'
[1.153s] Level 1:colcon.colcon_core.package_identification:_identify(src/urg_node2) by extensions ['ignore', 'ignore_ament_install']
[1.153s] Level 1:colcon.colcon_core.package_identification:_identify(src/urg_node2) by extension 'ignore'
[1.153s] Level 1:colcon.colcon_core.package_identification:_identify(src/urg_node2) by extension 'ignore_ament_install'
[1.153s] Level 1:colcon.colcon_core.package_identification:_identify(src/urg_node2) by extensions ['colcon_pkg']
[1.153s] Level 1:colcon.colcon_core.package_identification:_identify(src/urg_node2) by extension 'colcon_pkg'
[1.153s] Level 1:colcon.colcon_core.package_identification:_identify(src/urg_node2) by extensions ['colcon_meta']
[1.153s] Level 1:colcon.colcon_core.package_identification:_identify(src/urg_node2) by extension 'colcon_meta'
[1.153s] Level 1:colcon.colcon_core.package_identification:_identify(src/urg_node2) by extensions ['ros']
[1.153s] Level 1:colcon.colcon_core.package_identification:_identify(src/urg_node2) by extension 'ros'
[1.155s] DEBUG:colcon.colcon_core.package_identification:Package 'src/urg_node2' with type 'ros.ament_cmake' and name 'urg_node2'
[1.155s] Level 1:colcon.colcon_core.package_discovery:discover_packages(recursive) using defaults
[1.155s] Level 1:colcon.colcon_core.package_discovery:discover_packages(ignore) discover
[1.155s] Level 1:colcon.colcon_core.package_discovery:discover_packages(ignore) using defaults
[1.155s] Level 1:colcon.colcon_core.package_discovery:discover_packages(path) discover
[1.155s] Level 1:colcon.colcon_core.package_discovery:discover_packages(path) using defaults
[1.255s] Level 1:colcon.colcon_core.package_discovery:discover_packages(prefix_path) check parameters
[1.255s] Level 1:colcon.colcon_core.package_discovery:discover_packages(prefix_path) discover
[1.288s] DEBUG:colcon.colcon_installed_package_information.package_discovery:Found 6 installed packages in /home/group_c/tas2-software/install
[1.305s] DEBUG:colcon.colcon_installed_package_information.package_discovery:Found 379 installed packages in /opt/ros/humble
[1.306s] Level 1:colcon.colcon_core.package_discovery:discover_packages(prefix_path) using defaults
[1.406s] Level 5:colcon.colcon_core.verb:set package 'csm' build argument 'cmake_args' from command line to 'None'
[1.406s] Level 5:colcon.colcon_core.verb:set package 'csm' build argument 'cmake_target' from command line to 'None'
[1.406s] Level 5:colcon.colcon_core.verb:set package 'csm' build argument 'cmake_target_skip_unavailable' from command line to 'False'
[1.406s] Level 5:colcon.colcon_core.verb:set package 'csm' build argument 'cmake_clean_cache' from command line to 'False'
[1.406s] Level 5:colcon.colcon_core.verb:set package 'csm' build argument 'cmake_clean_first' from command line to 'False'
[1.406s] Level 5:colcon.colcon_core.verb:set package 'csm' build argument 'cmake_force_configure' from command line to 'False'
[1.406s] Level 5:colcon.colcon_core.verb:set package 'csm' build argument 'ament_cmake_args' from command line to 'None'
[1.406s] Level 5:colcon.colcon_core.verb:set package 'csm' build argument 'catkin_cmake_args' from command line to 'None'
[1.406s] Level 5:colcon.colcon_core.verb:set package 'csm' build argument 'catkin_skip_building_tests' from command line to 'False'
[1.406s] DEBUG:colcon.colcon_core.verb:Building package 'csm' with the following arguments: {'ament_cmake_args': None, 'build_base': '/home/group_c/tas2-software/build/csm', 'catkin_cmake_args': None, 'catkin_skip_building_tests': False, 'cmake_args': None, 'cmake_clean_cache': False, 'cmake_clean_first': False, 'cmake_force_configure': False, 'cmake_target': None, 'cmake_target_skip_unavailable': False, 'install_base': '/home/group_c/tas2-software/install/csm', 'merge_install': False, 'path': '/home/group_c/tas2-software/src/csm', 'symlink_install': False, 'test_result_base': None}
[1.422s] Level 5:colcon.colcon_core.verb:set package 'object_tracker' build argument 'cmake_args' from command line to 'None'
[1.422s] Level 5:colcon.colcon_core.verb:set package 'object_tracker' build argument 'cmake_target' from command line to 'None'
[1.422s] Level 5:colcon.colcon_core.verb:set package 'object_tracker' build argument 'cmake_target_skip_unavailable' from command line to 'False'
[1.422s] Level 5:colcon.colcon_core.verb:set package 'object_tracker' build argument 'cmake_clean_cache' from command line to 'False'
[1.422s] Level 5:colcon.colcon_core.verb:set package 'object_tracker' build argument 'cmake_clean_first' from command line to 'False'
[1.422s] Level 5:colcon.colcon_core.verb:set package 'object_tracker' build argument 'cmake_force_configure' from command line to 'False'
[1.422s] Level 5:colcon.colcon_core.verb:set package 'object_tracker' build argument 'ament_cmake_args' from command line to 'None'
[1.422s] Level 5:colcon.colcon_core.verb:set package 'object_tracker' build argument 'catkin_cmake_args' from command line to 'None'
[1.422s] Level 5:colcon.colcon_core.verb:set package 'object_tracker' build argument 'catkin_skip_building_tests' from command line to 'False'
[1.422s] DEBUG:colcon.colcon_core.verb:Building package 'object_tracker' with the following arguments: {'ament_cmake_args': None, 'build_base': '/home/group_c/tas2-software/build/object_tracker', 'catkin_cmake_args': None, 'catkin_skip_building_tests': False, 'cmake_args': None, 'cmake_clean_cache': False, 'cmake_clean_first': False, 'cmake_force_configure': False, 'cmake_target': None, 'cmake_target_skip_unavailable': False, 'install_base': '/home/group_c/tas2-software/install/object_tracker', 'merge_install': False, 'path': '/home/group_c/tas2-software/src/object_tracker', 'symlink_install': False, 'test_result_base': None}
[1.439s] Level 5:colcon.colcon_core.verb:set package 'tas2' build argument 'cmake_args' from command line to 'None'
[1.439s] Level 5:colcon.colcon_core.verb:set package 'tas2' build argument 'cmake_target' from command line to 'None'
[1.439s] Level 5:colcon.colcon_core.verb:set package 'tas2' build argument 'cmake_target_skip_unavailable' from command line to 'False'
[1.439s] Level 5:colcon.colcon_core.verb:set package 'tas2' build argument 'cmake_clean_cache' from command line to 'False'
[1.439s] Level 5:colcon.colcon_core.verb:set package 'tas2' build argument 'cmake_clean_first' from command line to 'False'
[1.439s] Level 5:colcon.colcon_core.verb:set package 'tas2' build argument 'cmake_force_configure' from command line to 'False'
[1.439s] Level 5:colcon.colcon_core.verb:set package 'tas2' build argument 'ament_cmake_args' from command line to 'None'
[1.439s] Level 5:colcon.colcon_core.verb:set package 'tas2' build argument 'catkin_cmake_args' from command line to 'None'
[1.439s] Level 5:colcon.colcon_core.verb:set package 'tas2' build argument 'catkin_skip_building_tests' from command line to 'False'
[1.439s] DEBUG:colcon.colcon_core.verb:Building package 'tas2' with the following arguments: {'ament_cmake_args': None, 'build_base': '/home/group_c/tas2-software/build/tas2', 'catkin_cmake_args': None, 'catkin_skip_building_tests': False, 'cmake_args': None, 'cmake_clean_cache': False, 'cmake_clean_first': False, 'cmake_force_configure': False, 'cmake_target': None, 'cmake_target_skip_unavailable': False, 'install_base': '/home/group_c/tas2-software/install/tas2', 'merge_install': False, 'path': '/home/group_c/tas2-software/src/tas2', 'symlink_install': False, 'test_result_base': None}
[1.455s] Level 5:colcon.colcon_core.verb:set package 'tas_hardware' build argument 'cmake_args' from command line to 'None'
[1.455s] Level 5:colcon.colcon_core.verb:set package 'tas_hardware' build argument 'cmake_target' from command line to 'None'
[1.455s] Level 5:colcon.colcon_core.verb:set package 'tas_hardware' build argument 'cmake_target_skip_unavailable' from command line to 'False'
[1.455s] Level 5:colcon.colcon_core.verb:set package 'tas_hardware' build argument 'cmake_clean_cache' from command line to 'False'
[1.455s] Level 5:colcon.colcon_core.verb:set package 'tas_hardware' build argument 'cmake_clean_first' from command line to 'False'
[1.455s] Level 5:colcon.colcon_core.verb:set package 'tas_hardware' build argument 'cmake_force_configure' from command line to 'False'
[1.455s] Level 5:colcon.colcon_core.verb:set package 'tas_hardware' build argument 'ament_cmake_args' from command line to 'None'
[1.455s] Level 5:colcon.colcon_core.verb:set package 'tas_hardware' build argument 'catkin_cmake_args' from command line to 'None'
[1.455s] Level 5:colcon.colcon_core.verb:set package 'tas_hardware' build argument 'catkin_skip_building_tests' from command line to 'False'
[1.456s] DEBUG:colcon.colcon_core.verb:Building package 'tas_hardware' with the following arguments: {'ament_cmake_args': None, 'build_base': '/home/group_c/tas2-software/build/tas_hardware', 'catkin_cmake_args': None, 'catkin_skip_building_tests': False, 'cmake_args': None, 'cmake_clean_cache': False, 'cmake_clean_first': False, 'cmake_force_configure': False, 'cmake_target': None, 'cmake_target_skip_unavailable': False, 'install_base': '/home/group_c/tas2-software/install/tas_hardware', 'merge_install': False, 'path': '/home/group_c/tas2-software/src/tas_hardware', 'symlink_install': False, 'test_result_base': None}
[1.471s] Level 5:colcon.colcon_core.verb:set package 'urg_node2' build argument 'cmake_args' from command line to 'None'
[1.471s] Level 5:colcon.colcon_core.verb:set package 'urg_node2' build argument 'cmake_target' from command line to 'None'
[1.471s] Level 5:colcon.colcon_core.verb:set package 'urg_node2' build argument 'cmake_target_skip_unavailable' from command line to 'False'
[1.471s] Level 5:colcon.colcon_core.verb:set package 'urg_node2' build argument 'cmake_clean_cache' from command line to 'False'
[1.471s] Level 5:colcon.colcon_core.verb:set package 'urg_node2' build argument 'cmake_clean_first' from command line to 'False'
[1.472s] Level 5:colcon.colcon_core.verb:set package 'urg_node2' build argument 'cmake_force_configure' from command line to 'False'
[1.472s] Level 5:colcon.colcon_core.verb:set package 'urg_node2' build argument 'ament_cmake_args' from command line to 'None'
[1.472s] Level 5:colcon.colcon_core.verb:set package 'urg_node2' build argument 'catkin_cmake_args' from command line to 'None'
[1.472s] Level 5:colcon.colcon_core.verb:set package 'urg_node2' build argument 'catkin_skip_building_tests' from command line to 'False'
[1.472s] DEBUG:colcon.colcon_core.verb:Building package 'urg_node2' with the following arguments: {'ament_cmake_args': None, 'build_base': '/home/group_c/tas2-software/build/urg_node2', 'catkin_cmake_args': None, 'catkin_skip_building_tests': False, 'cmake_args': None, 'cmake_clean_cache': False, 'cmake_clean_first': False, 'cmake_force_configure': False, 'cmake_target': None, 'cmake_target_skip_unavailable': False, 'install_base': '/home/group_c/tas2-software/install/urg_node2', 'merge_install': False, 'path': '/home/group_c/tas2-software/src/urg_node2', 'symlink_install': False, 'test_result_base': None}
[1.487s] Level 5:colcon.colcon_core.verb:set package 'ros2_laser_scan_matcher' build argument 'cmake_args' from command line to 'None'
[1.488s] Level 5:colcon.colcon_core.verb:set package 'ros2_laser_scan_matcher' build argument 'cmake_target' from command line to 'None'
[1.488s] Level 5:colcon.colcon_core.verb:set package 'ros2_laser_scan_matcher' build argument 'cmake_target_skip_unavailable' from command line to 'False'
[1.488s] Level 5:colcon.colcon_core.verb:set package 'ros2_laser_scan_matcher' build argument 'cmake_clean_cache' from command line to 'False'
[1.488s] Level 5:colcon.colcon_core.verb:set package 'ros2_laser_scan_matcher' build argument 'cmake_clean_first' from command line to 'False'
[1.488s] Level 5:colcon.colcon_core.verb:set package 'ros2_laser_scan_matcher' build argument 'cmake_force_configure' from command line to 'False'
[1.488s] Level 5:colcon.colcon_core.verb:set package 'ros2_laser_scan_matcher' build argument 'ament_cmake_args' from command line to 'None'
[1.488s] Level 5:colcon.colcon_core.verb:set package 'ros2_laser_scan_matcher' build argument 'catkin_cmake_args' from command line to 'None'
[1.488s] Level 5:colcon.colcon_core.verb:set package 'ros2_laser_scan_matcher' build argument 'catkin_skip_building_tests' from command line to 'False'
[1.488s] DEBUG:colcon.colcon_core.verb:Building package 'ros2_laser_scan_matcher' with the following arguments: {'ament_cmake_args': None, 'build_base': '/home/group_c/tas2-software/build/ros2_laser_scan_matcher', 'catkin_cmake_args': None, 'catkin_skip_building_tests': False, 'cmake_args': None, 'cmake_clean_cache': False, 'cmake_clean_first': False, 'cmake_force_configure': False, 'cmake_target': None, 'cmake_target_skip_unavailable': False, 'install_base': '/home/group_c/tas2-software/install/ros2_laser_scan_matcher', 'merge_install': False, 'path': '/home/group_c/tas2-software/src/ros2_laser_scan_matcher', 'symlink_install': False, 'test_result_base': None}
[1.503s] INFO:colcon.colcon_core.executor:Executing jobs using 'parallel' executor
[1.520s] DEBUG:colcon.colcon_parallel_executor.executor.parallel:run_until_complete
[1.520s] INFO:colcon.colcon_ros.task.ament_cmake.build:Building ROS package in '/home/group_c/tas2-software/src/csm' with build type 'ament_cmake'
[1.520s] INFO:colcon.colcon_cmake.task.cmake.build:Building CMake package in '/home/group_c/tas2-software/src/csm'
[1.538s] INFO:colcon.colcon_core.plugin_system:Skipping extension 'colcon_core.shell.bat': Not used on non-Windows systems
[1.538s] INFO:colcon.colcon_core.shell:Skip shell extension 'powershell' for command environment: Not usable outside of PowerShell
[1.538s] DEBUG:colcon.colcon_core.shell:Skip shell extension 'dsv' for command environment
[1.589s] INFO:colcon.colcon_ros.task.ament_python.build:Building ROS package in '/home/group_c/tas2-software/src/object_tracker' with build type 'ament_python'
[1.589s] Level 1:colcon.colcon_core.shell:create_environment_hook('object_tracker', 'ament_prefix_path')
[1.607s] INFO:colcon.colcon_core.shell:Creating environment hook '/home/group_c/tas2-software/install/object_tracker/share/object_tracker/hook/ament_prefix_path.ps1'
[1.608s] INFO:colcon.colcon_core.shell:Creating environment descriptor '/home/group_c/tas2-software/install/object_tracker/share/object_tracker/hook/ament_prefix_path.dsv'
[1.608s] INFO:colcon.colcon_core.shell:Creating environment hook '/home/group_c/tas2-software/install/object_tracker/share/object_tracker/hook/ament_prefix_path.sh'
[1.627s] INFO:colcon.colcon_core.shell:Skip shell extension 'powershell' for command environment: Not usable outside of PowerShell
[1.627s] DEBUG:colcon.colcon_core.shell:Skip shell extension 'dsv' for command environment
[1.690s] INFO:colcon.colcon_ros.task.ament_cmake.build:Building ROS package in '/home/group_c/tas2-software/src/tas2' with build type 'ament_cmake'
[1.690s] INFO:colcon.colcon_cmake.task.cmake.build:Building CMake package in '/home/group_c/tas2-software/src/tas2'
[1.715s] INFO:colcon.colcon_core.shell:Skip shell extension 'powershell' for command environment: Not usable outside of PowerShell
[1.715s] DEBUG:colcon.colcon_core.shell:Skip shell extension 'dsv' for command environment
[1.777s] INFO:colcon.colcon_ros.task.ament_python.build:Building ROS package in '/home/group_c/tas2-software/src/tas_hardware' with build type 'ament_python'
[1.777s] Level 1:colcon.colcon_core.shell:create_environment_hook('tas_hardware', 'ament_prefix_path')
[1.796s] INFO:colcon.colcon_core.shell:Creating environment hook '/home/group_c/tas2-software/install/tas_hardware/share/tas_hardware/hook/ament_prefix_path.ps1'
[1.797s] INFO:colcon.colcon_core.shell:Creating environment descriptor '/home/group_c/tas2-software/install/tas_hardware/share/tas_hardware/hook/ament_prefix_path.dsv'
[1.797s] INFO:colcon.colcon_core.shell:Creating environment hook '/home/group_c/tas2-software/install/tas_hardware/share/tas_hardware/hook/ament_prefix_path.sh'
[1.817s] INFO:colcon.colcon_core.shell:Skip shell extension 'powershell' for command environment: Not usable outside of PowerShell
[1.818s] DEBUG:colcon.colcon_core.shell:Skip shell extension 'dsv' for command environment
[1.879s] DEBUG:colcon.colcon_core.event_handler.log_command:Invoking command in '/home/group_c/tas2-software/build/csm': CMAKE_PREFIX_PATH=${CMAKE_PREFIX_PATH}:/home/group_c/tas2-software/install/tas_hardware:/home/group_c/tas2-software/install/object_tracker:/opt/ros/humble /usr/bin/cmake --build /home/group_c/tas2-software/build/csm -- -j4 -l4
[2.084s] INFO:colcon.colcon_core.task.python.build:Building Python package in '/home/group_c/tas2-software/src/object_tracker'
[2.100s] INFO:colcon.colcon_core.shell:Skip shell extension 'powershell' for command environment: Not usable outside of PowerShell
[2.101s] DEBUG:colcon.colcon_core.shell:Skip shell extension 'dsv' for command environment
[2.157s] DEBUG:colcon.colcon_core.event_handler.log_command:Invoking command in '/home/group_c/tas2-software/build/tas2': CMAKE_PREFIX_PATH=${CMAKE_PREFIX_PATH}:/home/group_c/tas2-software/install/tas_hardware:/home/group_c/tas2-software/install/object_tracker:/opt/ros/humble /usr/bin/cmake --build /home/group_c/tas2-software/build/tas2 -- -j4 -l4
[2.159s] DEBUG:colcon.colcon_core.event_handler.log_command:Invoked command in '/home/group_c/tas2-software/build/csm' returned '0': CMAKE_PREFIX_PATH=${CMAKE_PREFIX_PATH}:/home/group_c/tas2-software/install/tas_hardware:/home/group_c/tas2-software/install/object_tracker:/opt/ros/humble /usr/bin/cmake --build /home/group_c/tas2-software/build/csm -- -j4 -l4
[2.397s] INFO:colcon.colcon_core.task.python.build:Building Python package in '/home/group_c/tas2-software/src/tas_hardware'
[2.413s] INFO:colcon.colcon_core.shell:Skip shell extension 'powershell' for command environment: Not usable outside of PowerShell
[2.413s] DEBUG:colcon.colcon_core.shell:Skip shell extension 'dsv' for command environment
[2.468s] DEBUG:colcon.colcon_core.event_handler.log_command:Invoked command in '/home/group_c/tas2-software/build/tas2' returned '0': CMAKE_PREFIX_PATH=${CMAKE_PREFIX_PATH}:/home/group_c/tas2-software/install/tas_hardware:/home/group_c/tas2-software/install/object_tracker:/opt/ros/humble /usr/bin/cmake --build /home/group_c/tas2-software/build/tas2 -- -j4 -l4
[2.483s] DEBUG:colcon.colcon_core.event_handler.log_command:Invoking command in '/home/group_c/tas2-software/build/csm': CMAKE_PREFIX_PATH=${CMAKE_PREFIX_PATH}:/home/group_c/tas2-software/install/tas_hardware:/home/group_c/tas2-software/install/object_tracker:/opt/ros/humble /usr/bin/cmake --install /home/group_c/tas2-software/build/csm
[2.503s] DEBUG:colcon.colcon_core.event_handler.log_command:Invoking command in '/home/group_c/tas2-software/build/tas2': CMAKE_PREFIX_PATH=${CMAKE_PREFIX_PATH}:/home/group_c/tas2-software/install/tas_hardware:/home/group_c/tas2-software/install/object_tracker:/opt/ros/humble /usr/bin/cmake --install /home/group_c/tas2-software/build/tas2
[2.526s] Level 1:colcon.colcon_core.environment:create_environment_scripts_only(tas2)
[2.557s] DEBUG:colcon.colcon_core.event_handler.log_command:Invoked command in '/home/group_c/tas2-software/build/tas2' returned '0': CMAKE_PREFIX_PATH=${CMAKE_PREFIX_PATH}:/home/group_c/tas2-software/install/tas_hardware:/home/group_c/tas2-software/install/object_tracker:/opt/ros/humble /usr/bin/cmake --install /home/group_c/tas2-software/build/tas2
[2.571s] Level 1:colcon.colcon_core.environment:checking '/home/group_c/tas2-software/install/tas2' for CMake module files
[2.571s] Level 1:colcon.colcon_core.environment:checking '/home/group_c/tas2-software/install/tas2' for CMake config files
[2.572s] Level 1:colcon.colcon_core.shell:create_environment_hook('tas2', 'cmake_prefix_path')
[2.597s] INFO:colcon.colcon_core.shell:Creating environment hook '/home/group_c/tas2-software/install/tas2/share/tas2/hook/cmake_prefix_path.ps1'
[2.597s] INFO:colcon.colcon_core.shell:Creating environment descriptor '/home/group_c/tas2-software/install/tas2/share/tas2/hook/cmake_prefix_path.dsv'
[2.598s] INFO:colcon.colcon_core.shell:Creating environment hook '/home/group_c/tas2-software/install/tas2/share/tas2/hook/cmake_prefix_path.sh'
[2.599s] Level 1:colcon.colcon_core.environment:checking '/home/group_c/tas2-software/install/tas2/bin'
[2.599s] Level 1:colcon.colcon_core.environment:checking '/home/group_c/tas2-software/install/tas2/lib/pkgconfig/tas2.pc'
[2.599s] Level 1:colcon.colcon_core.environment:checking '/home/group_c/tas2-software/install/tas2/lib/python3.10/site-packages'
[2.600s] Level 1:colcon.colcon_core.environment:checking '/home/group_c/tas2-software/install/tas2/bin'
[2.622s] INFO:colcon.colcon_core.shell:Creating package script '/home/group_c/tas2-software/install/tas2/share/tas2/package.ps1'
[2.623s] INFO:colcon.colcon_core.shell:Creating package descriptor '/home/group_c/tas2-software/install/tas2/share/tas2/package.dsv'
[2.624s] INFO:colcon.colcon_core.shell:Creating package script '/home/group_c/tas2-software/install/tas2/share/tas2/package.sh'
[2.624s] INFO:colcon.colcon_core.shell:Creating package script '/home/group_c/tas2-software/install/tas2/share/tas2/package.bash'
[2.626s] INFO:colcon.colcon_core.shell:Creating package script '/home/group_c/tas2-software/install/tas2/share/tas2/package.zsh'
[2.627s] Level 1:colcon.colcon_core.environment:create_file_with_runtime_dependencies(/home/group_c/tas2-software/install/tas2/share/colcon-core/packages/tas2)
[2.629s] Level 1:colcon.colcon_core.environment:create_environment_scripts_only(csm)
[2.639s] DEBUG:colcon.colcon_core.event_handler.log_command:Invoked command in '/home/group_c/tas2-software/build/csm' returned '0': CMAKE_PREFIX_PATH=${CMAKE_PREFIX_PATH}:/home/group_c/tas2-software/install/tas_hardware:/home/group_c/tas2-software/install/object_tracker:/opt/ros/humble /usr/bin/cmake --install /home/group_c/tas2-software/build/csm
[2.663s] Level 1:colcon.colcon_core.environment:checking '/home/group_c/tas2-software/install/csm' for CMake module files
[2.664s] Level 1:colcon.colcon_core.environment:checking '/home/group_c/tas2-software/install/csm' for CMake config files
[2.664s] Level 1:colcon.colcon_core.shell:create_environment_hook('csm', 'cmake_prefix_path')
[2.693s] INFO:colcon.colcon_core.shell:Creating environment hook '/home/group_c/tas2-software/install/csm/share/csm/hook/cmake_prefix_path.ps1'
[2.694s] INFO:colcon.colcon_core.shell:Creating environment descriptor '/home/group_c/tas2-software/install/csm/share/csm/hook/cmake_prefix_path.dsv'
[2.695s] INFO:colcon.colcon_core.shell:Creating environment hook '/home/group_c/tas2-software/install/csm/share/csm/hook/cmake_prefix_path.sh'
[2.696s] Level 1:colcon.colcon_core.environment:checking '/home/group_c/tas2-software/install/csm/lib'
[2.697s] Level 1:colcon.colcon_core.shell:create_environment_hook('csm', 'ld_library_path_lib')
[2.720s] INFO:colcon.colcon_core.shell:Creating environment hook '/home/group_c/tas2-software/install/csm/share/csm/hook/ld_library_path_lib.ps1'
[2.721s] INFO:colcon.colcon_core.shell:Creating environment descriptor '/home/group_c/tas2-software/install/csm/share/csm/hook/ld_library_path_lib.dsv'
[2.721s] INFO:colcon.colcon_core.shell:Creating environment hook '/home/group_c/tas2-software/install/csm/share/csm/hook/ld_library_path_lib.sh'
[2.722s] Level 1:colcon.colcon_core.environment:checking '/home/group_c/tas2-software/install/csm/bin'
[2.722s] Level 1:colcon.colcon_core.environment:checking '/home/group_c/tas2-software/install/csm/lib/pkgconfig/csm.pc'
[2.722s] Level 1:colcon.colcon_core.environment:checking '/home/group_c/tas2-software/install/csm/lib/python3.10/site-packages'
[2.723s] Level 1:colcon.colcon_core.environment:checking '/home/group_c/tas2-software/install/csm/bin'
[2.741s] INFO:colcon.colcon_core.shell:Creating package script '/home/group_c/tas2-software/install/csm/share/csm/package.ps1'
[2.741s] INFO:colcon.colcon_core.shell:Creating package descriptor '/home/group_c/tas2-software/install/csm/share/csm/package.dsv'
[2.742s] INFO:colcon.colcon_core.shell:Creating package script '/home/group_c/tas2-software/install/csm/share/csm/package.sh'
[2.743s] INFO:colcon.colcon_core.shell:Creating package script '/home/group_c/tas2-software/install/csm/share/csm/package.bash'
[2.743s] INFO:colcon.colcon_core.shell:Creating package script '/home/group_c/tas2-software/install/csm/share/csm/package.zsh'
[2.743s] Level 1:colcon.colcon_core.environment:create_file_with_runtime_dependencies(/home/group_c/tas2-software/install/csm/share/colcon-core/packages/csm)
[2.781s] Level 1:colcon.colcon_core.environment:create_environment_scripts_only(tas2)
[2.815s] Level 1:colcon.colcon_core.environment:checking '/home/group_c/tas2-software/install/tas2' for CMake module files
[2.816s] Level 1:colcon.colcon_core.environment:checking '/home/group_c/tas2-software/install/tas2' for CMake config files
[2.817s] Level 1:colcon.colcon_core.shell:create_environment_hook('tas2', 'cmake_prefix_path')
[2.852s] INFO:colcon.colcon_core.shell:Creating environment hook '/home/group_c/tas2-software/install/tas2/share/tas2/hook/cmake_prefix_path.ps1'
[2.853s] INFO:colcon.colcon_core.shell:Creating environment descriptor '/home/group_c/tas2-software/install/tas2/share/tas2/hook/cmake_prefix_path.dsv'
[2.853s] INFO:colcon.colcon_core.shell:Creating environment hook '/home/group_c/tas2-software/install/tas2/share/tas2/hook/cmake_prefix_path.sh'
[2.854s] Level 1:colcon.colcon_core.environment:checking '/home/group_c/tas2-software/install/tas2/bin'
[2.854s] Level 1:colcon.colcon_core.environment:checking '/home/group_c/tas2-software/install/tas2/lib/pkgconfig/tas2.pc'
[2.855s] Level 1:colcon.colcon_core.environment:checking '/home/group_c/tas2-software/install/tas2/lib/python3.10/site-packages'
[2.855s] Level 1:colcon.colcon_core.environment:checking '/home/group_c/tas2-software/install/tas2/bin'
[2.878s] INFO:colcon.colcon_core.shell:Creating package script '/home/group_c/tas2-software/install/tas2/share/tas2/package.ps1'
[2.878s] INFO:colcon.colcon_core.shell:Creating package descriptor '/home/group_c/tas2-software/install/tas2/share/tas2/package.dsv'
[2.879s] INFO:colcon.colcon_core.shell:Creating package script '/home/group_c/tas2-software/install/tas2/share/tas2/package.sh'
[2.880s] INFO:colcon.colcon_core.shell:Creating package script '/home/group_c/tas2-software/install/tas2/share/tas2/package.bash'
[2.880s] INFO:colcon.colcon_core.shell:Creating package script '/home/group_c/tas2-software/install/tas2/share/tas2/package.zsh'
[2.881s] Level 1:colcon.colcon_core.environment:create_file_with_runtime_dependencies(/home/group_c/tas2-software/install/tas2/share/colcon-core/packages/tas2)
[2.882s] INFO:colcon.colcon_ros.task.ament_cmake.build:Building ROS package in '/home/group_c/tas2-software/src/urg_node2' with build type 'ament_cmake'
[2.882s] INFO:colcon.colcon_cmake.task.cmake.build:Building CMake package in '/home/group_c/tas2-software/src/urg_node2'
[2.908s] INFO:colcon.colcon_core.shell:Skip shell extension 'powershell' for command environment: Not usable outside of PowerShell
[2.908s] DEBUG:colcon.colcon_core.shell:Skip shell extension 'dsv' for command environment
[3.077s] Level 1:colcon.colcon_core.environment:create_environment_scripts_only(csm)
[3.109s] Level 1:colcon.colcon_core.environment:checking '/home/group_c/tas2-software/install/csm' for CMake module files
[3.110s] Level 1:colcon.colcon_core.environment:checking '/home/group_c/tas2-software/install/csm' for CMake config files
[3.110s] Level 1:colcon.colcon_core.shell:create_environment_hook('csm', 'cmake_prefix_path')
[3.141s] INFO:colcon.colcon_core.shell:Creating environment hook '/home/group_c/tas2-software/install/csm/share/csm/hook/cmake_prefix_path.ps1'
[3.142s] INFO:colcon.colcon_core.shell:Creating environment descriptor '/home/group_c/tas2-software/install/csm/share/csm/hook/cmake_prefix_path.dsv'
[3.142s] INFO:colcon.colcon_core.shell:Creating environment hook '/home/group_c/tas2-software/install/csm/share/csm/hook/cmake_prefix_path.sh'
[3.143s] Level 1:colcon.colcon_core.environment:checking '/home/group_c/tas2-software/install/csm/lib'
[3.143s] Level 1:colcon.colcon_core.shell:create_environment_hook('csm', 'ld_library_path_lib')
[3.185s] INFO:colcon.colcon_core.shell:Creating environment hook '/home/group_c/tas2-software/install/csm/share/csm/hook/ld_library_path_lib.ps1'
[3.186s] INFO:colcon.colcon_core.shell:Creating environment descriptor '/home/group_c/tas2-software/install/csm/share/csm/hook/ld_library_path_lib.dsv'
[3.187s] INFO:colcon.colcon_core.shell:Creating environment hook '/home/group_c/tas2-software/install/csm/share/csm/hook/ld_library_path_lib.sh'
[3.188s] Level 1:colcon.colcon_core.environment:checking '/home/group_c/tas2-software/install/csm/bin'
[3.188s] Level 1:colcon.colcon_core.environment:checking '/home/group_c/tas2-software/install/csm/lib/pkgconfig/csm.pc'
[3.188s] Level 1:colcon.colcon_core.environment:checking '/home/group_c/tas2-software/install/csm/lib/python3.10/site-packages'
[3.188s] Level 1:colcon.colcon_core.environment:checking '/home/group_c/tas2-software/install/csm/bin'
[3.220s] INFO:colcon.colcon_core.shell:Creating package script '/home/group_c/tas2-software/install/csm/share/csm/package.ps1'
[3.221s] INFO:colcon.colcon_core.shell:Creating package descriptor '/home/group_c/tas2-software/install/csm/share/csm/package.dsv'
[3.222s] INFO:colcon.colcon_core.shell:Creating package script '/home/group_c/tas2-software/install/csm/share/csm/package.sh'
[3.223s] INFO:colcon.colcon_core.shell:Creating package script '/home/group_c/tas2-software/install/csm/share/csm/package.bash'
[3.223s] INFO:colcon.colcon_core.shell:Creating package script '/home/group_c/tas2-software/install/csm/share/csm/package.zsh'
[3.224s] Level 1:colcon.colcon_core.environment:create_file_with_runtime_dependencies(/home/group_c/tas2-software/install/csm/share/colcon-core/packages/csm)
[3.226s] INFO:colcon.colcon_ros.task.ament_cmake.build:Building ROS package in '/home/group_c/tas2-software/src/ros2_laser_scan_matcher' with build type 'ament_cmake'
[3.226s] INFO:colcon.colcon_cmake.task.cmake.build:Building CMake package in '/home/group_c/tas2-software/src/ros2_laser_scan_matcher'
[3.275s] INFO:colcon.colcon_core.shell:Skip shell extension 'powershell' for command environment: Not usable outside of PowerShell
[3.275s] DEBUG:colcon.colcon_core.shell:Skip shell extension 'dsv' for command environment
[3.404s] DEBUG:colcon.colcon_core.event_handler.log_command:Invoking command in '/home/group_c/tas2-software/build/urg_node2': CMAKE_PREFIX_PATH=${CMAKE_PREFIX_PATH}:/home/group_c/tas2-software/install/tas_hardware:/home/group_c/tas2-software/install/object_tracker:/opt/ros/humble /usr/bin/cmake --build /home/group_c/tas2-software/build/urg_node2 -- -j4 -l4
[3.456s] DEBUG:colcon.colcon_core.event_handler.log_command:Invoking command in '/home/group_c/tas2-software/build/ros2_laser_scan_matcher': CMAKE_PREFIX_PATH=/home/group_c/tas2-software/install/csm:/home/group_c/tas2-software/install/urg_node2:/home/group_c/tas2-software/install/tas2:/home/group_c/tas2-software/install/ros2_laser_scan_matcher:/home/group_c/tas2-software/install/tas_hardware:/home/group_c/tas2-software/install/object_tracker:/opt/ros/humble LD_LIBRARY_PATH=/home/group_c/tas2-software/install/csm/lib:/home/group_c/tas2-software/install/urg_node2/lib:/usr/lib/x86_64-linux-gnu/gazebo-11/plugins:/opt/ros/humble/opt/rviz_ogre_vendor/lib:/opt/ros/humble/lib/x86_64-linux-gnu:/opt/ros/humble/lib:/usr/lib/x86_64-linux-gnu/gazebo-11/plugins /usr/bin/cmake --build /home/group_c/tas2-software/build/ros2_laser_scan_matcher -- -j4 -l4
[3.573s] DEBUG:colcon.colcon_core.event_handler.log_command:Invoking command in '/home/group_c/tas2-software/src/tas_hardware': PYTHONPATH=/home/group_c/tas2-software/build/tas_hardware/prefix_override:/home/group_c/tas2-software/install/tas_hardware/lib/python3.10/site-packages:${PYTHONPATH} /usr/bin/python3 setup.py egg_info --egg-base ../../build/tas_hardware build --build-base /home/group_c/tas2-software/build/tas_hardware/build install --record /home/group_c/tas2-software/build/tas_hardware/install.log --single-version-externally-managed
[3.602s] DEBUG:colcon.colcon_core.event_handler.log_command:Invoking command in '/home/group_c/tas2-software/src/object_tracker': PYTHONPATH=/home/group_c/tas2-software/build/object_tracker/prefix_override:/home/group_c/tas2-software/install/object_tracker/lib/python3.10/site-packages:${PYTHONPATH} /usr/bin/python3 setup.py egg_info --egg-base ../../build/object_tracker build --build-base /home/group_c/tas2-software/build/object_tracker/build install --record /home/group_c/tas2-software/build/object_tracker/install.log --single-version-externally-managed
[3.775s] DEBUG:colcon.colcon_core.event_handler.log_command:Invoked command in '/home/group_c/tas2-software/build/ros2_laser_scan_matcher' returned '0': CMAKE_PREFIX_PATH=/home/group_c/tas2-software/install/csm:/home/group_c/tas2-software/install/urg_node2:/home/group_c/tas2-software/install/tas2:/home/group_c/tas2-software/install/ros2_laser_scan_matcher:/home/group_c/tas2-software/install/tas_hardware:/home/group_c/tas2-software/install/object_tracker:/opt/ros/humble LD_LIBRARY_PATH=/home/group_c/tas2-software/install/csm/lib:/home/group_c/tas2-software/install/urg_node2/lib:/usr/lib/x86_64-linux-gnu/gazebo-11/plugins:/opt/ros/humble/opt/rviz_ogre_vendor/lib:/opt/ros/humble/lib/x86_64-linux-gnu:/opt/ros/humble/lib:/usr/lib/x86_64-linux-gnu/gazebo-11/plugins /usr/bin/cmake --build /home/group_c/tas2-software/build/ros2_laser_scan_matcher -- -j4 -l4
[3.865s] DEBUG:colcon.colcon_core.event_handler.log_command:Invoked command in '/home/group_c/tas2-software/build/urg_node2' returned '0': CMAKE_PREFIX_PATH=${CMAKE_PREFIX_PATH}:/home/group_c/tas2-software/install/tas_hardware:/home/group_c/tas2-software/install/object_tracker:/opt/ros/humble /usr/bin/cmake --build /home/group_c/tas2-software/build/urg_node2 -- -j4 -l4
[3.895s] DEBUG:colcon.colcon_core.event_handler.log_command:Invoking command in '/home/group_c/tas2-software/build/ros2_laser_scan_matcher': CMAKE_PREFIX_PATH=/home/group_c/tas2-software/install/csm:/home/group_c/tas2-software/install/urg_node2:/home/group_c/tas2-software/install/tas2:/home/group_c/tas2-software/install/ros2_laser_scan_matcher:/home/group_c/tas2-software/install/tas_hardware:/home/group_c/tas2-software/install/object_tracker:/opt/ros/humble LD_LIBRARY_PATH=/home/group_c/tas2-software/install/csm/lib:/home/group_c/tas2-software/install/urg_node2/lib:/usr/lib/x86_64-linux-gnu/gazebo-11/plugins:/opt/ros/humble/opt/rviz_ogre_vendor/lib:/opt/ros/humble/lib/x86_64-linux-gnu:/opt/ros/humble/lib:/usr/lib/x86_64-linux-gnu/gazebo-11/plugins /usr/bin/cmake --install /home/group_c/tas2-software/build/ros2_laser_scan_matcher
[3.929s] Level 1:colcon.colcon_core.environment:create_environment_scripts_only(ros2_laser_scan_matcher)
[3.939s] DEBUG:colcon.colcon_core.event_handler.log_command:Invoked command in '/home/group_c/tas2-software/build/ros2_laser_scan_matcher' returned '0': CMAKE_PREFIX_PATH=/home/group_c/tas2-software/install/csm:/home/group_c/tas2-software/install/urg_node2:/home/group_c/tas2-software/install/tas2:/home/group_c/tas2-software/install/ros2_laser_scan_matcher:/home/group_c/tas2-software/install/tas_hardware:/home/group_c/tas2-software/install/object_tracker:/opt/ros/humble LD_LIBRARY_PATH=/home/group_c/tas2-software/install/csm/lib:/home/group_c/tas2-software/install/urg_node2/lib:/usr/lib/x86_64-linux-gnu/gazebo-11/plugins:/opt/ros/humble/opt/rviz_ogre_vendor/lib:/opt/ros/humble/lib/x86_64-linux-gnu:/opt/ros/humble/lib:/usr/lib/x86_64-linux-gnu/gazebo-11/plugins /usr/bin/cmake --install /home/group_c/tas2-software/build/ros2_laser_scan_matcher
[3.979s] Level 1:colcon.colcon_core.environment:checking '/home/group_c/tas2-software/install/ros2_laser_scan_matcher' for CMake module files
[3.980s] Level 1:colcon.colcon_core.environment:checking '/home/group_c/tas2-software/install/ros2_laser_scan_matcher' for CMake config files
[3.980s] Level 1:colcon.colcon_core.shell:create_environment_hook('ros2_laser_scan_matcher', 'cmake_prefix_path')
[4.037s] INFO:colcon.colcon_core.shell:Creating environment hook '/home/group_c/tas2-software/install/ros2_laser_scan_matcher/share/ros2_laser_scan_matcher/hook/cmake_prefix_path.ps1'
[4.038s] INFO:colcon.colcon_core.shell:Creating environment descriptor '/home/group_c/tas2-software/install/ros2_laser_scan_matcher/share/ros2_laser_scan_matcher/hook/cmake_prefix_path.dsv'
[4.038s] INFO:colcon.colcon_core.shell:Creating environment hook '/home/group_c/tas2-software/install/ros2_laser_scan_matcher/share/ros2_laser_scan_matcher/hook/cmake_prefix_path.sh'
[4.039s] Level 1:colcon.colcon_core.environment:checking '/home/group_c/tas2-software/install/ros2_laser_scan_matcher/lib'
[4.039s] Level 1:colcon.colcon_core.environment:checking '/home/group_c/tas2-software/install/ros2_laser_scan_matcher/bin'
[4.039s] Level 1:colcon.colcon_core.environment:checking '/home/group_c/tas2-software/install/ros2_laser_scan_matcher/lib/pkgconfig/ros2_laser_scan_matcher.pc'
[4.040s] Level 1:colcon.colcon_core.environment:checking '/home/group_c/tas2-software/install/ros2_laser_scan_matcher/lib/python3.10/site-packages'
[4.040s] Level 1:colcon.colcon_core.environment:checking '/home/group_c/tas2-software/install/ros2_laser_scan_matcher/bin'
[4.082s] INFO:colcon.colcon_core.shell:Creating package script '/home/group_c/tas2-software/install/ros2_laser_scan_matcher/share/ros2_laser_scan_matcher/package.ps1'
[4.083s] INFO:colcon.colcon_core.shell:Creating package descriptor '/home/group_c/tas2-software/install/ros2_laser_scan_matcher/share/ros2_laser_scan_matcher/package.dsv'
[4.084s] INFO:colcon.colcon_core.shell:Creating package script '/home/group_c/tas2-software/install/ros2_laser_scan_matcher/share/ros2_laser_scan_matcher/package.sh'
[4.084s] INFO:colcon.colcon_core.shell:Creating package script '/home/group_c/tas2-software/install/ros2_laser_scan_matcher/share/ros2_laser_scan_matcher/package.bash'
[4.085s] INFO:colcon.colcon_core.shell:Creating package script '/home/group_c/tas2-software/install/ros2_laser_scan_matcher/share/ros2_laser_scan_matcher/package.zsh'
[4.085s] Level 1:colcon.colcon_core.environment:create_file_with_runtime_dependencies(/home/group_c/tas2-software/install/ros2_laser_scan_matcher/share/colcon-core/packages/ros2_laser_scan_matcher)
[4.179s] Level 1:colcon.colcon_core.environment:create_environment_scripts_only(ros2_laser_scan_matcher)
[4.219s] Level 1:colcon.colcon_core.environment:checking '/home/group_c/tas2-software/install/ros2_laser_scan_matcher' for CMake module files
[4.221s] Level 1:colcon.colcon_core.environment:checking '/home/group_c/tas2-software/install/ros2_laser_scan_matcher' for CMake config files
[4.221s] Level 1:colcon.colcon_core.shell:create_environment_hook('ros2_laser_scan_matcher', 'cmake_prefix_path')
[4.258s] INFO:colcon.colcon_core.shell:Creating environment hook '/home/group_c/tas2-software/install/ros2_laser_scan_matcher/share/ros2_laser_scan_matcher/hook/cmake_prefix_path.ps1'
[4.259s] INFO:colcon.colcon_core.shell:Creating environment descriptor '/home/group_c/tas2-software/install/ros2_laser_scan_matcher/share/ros2_laser_scan_matcher/hook/cmake_prefix_path.dsv'
[4.260s] INFO:colcon.colcon_core.shell:Creating environment hook '/home/group_c/tas2-software/install/ros2_laser_scan_matcher/share/ros2_laser_scan_matcher/hook/cmake_prefix_path.sh'
[4.261s] Level 1:colcon.colcon_core.environment:checking '/home/group_c/tas2-software/install/ros2_laser_scan_matcher/lib'
[4.261s] Level 1:colcon.colcon_core.environment:checking '/home/group_c/tas2-software/install/ros2_laser_scan_matcher/bin'
[4.261s] Level 1:colcon.colcon_core.environment:checking '/home/group_c/tas2-software/install/ros2_laser_scan_matcher/lib/pkgconfig/ros2_laser_scan_matcher.pc'
[4.261s] Level 1:colcon.colcon_core.environment:checking '/home/group_c/tas2-software/install/ros2_laser_scan_matcher/lib/python3.10/site-packages'
[4.262s] Level 1:colcon.colcon_core.environment:checking '/home/group_c/tas2-software/install/ros2_laser_scan_matcher/bin'
[4.296s] INFO:colcon.colcon_core.shell:Creating package script '/home/group_c/tas2-software/install/ros2_laser_scan_matcher/share/ros2_laser_scan_matcher/package.ps1'
[4.298s] INFO:colcon.colcon_core.shell:Creating package descriptor '/home/group_c/tas2-software/install/ros2_laser_scan_matcher/share/ros2_laser_scan_matcher/package.dsv'
[4.299s] INFO:colcon.colcon_core.shell:Creating package script '/home/group_c/tas2-software/install/ros2_laser_scan_matcher/share/ros2_laser_scan_matcher/package.sh'
[4.300s] INFO:colcon.colcon_core.shell:Creating package script '/home/group_c/tas2-software/install/ros2_laser_scan_matcher/share/ros2_laser_scan_matcher/package.bash'
[4.302s] INFO:colcon.colcon_core.shell:Creating package script '/home/group_c/tas2-software/install/ros2_laser_scan_matcher/share/ros2_laser_scan_matcher/package.zsh'
[4.310s] Level 1:colcon.colcon_core.environment:create_file_with_runtime_dependencies(/home/group_c/tas2-software/install/ros2_laser_scan_matcher/share/colcon-core/packages/ros2_laser_scan_matcher)
[4.348s] DEBUG:colcon.colcon_core.event_handler.log_command:Invoking command in '/home/group_c/tas2-software/build/urg_node2': CMAKE_PREFIX_PATH=${CMAKE_PREFIX_PATH}:/home/group_c/tas2-software/install/tas_hardware:/home/group_c/tas2-software/install/object_tracker:/opt/ros/humble /usr/bin/cmake --install /home/group_c/tas2-software/build/urg_node2
[4.388s] Level 1:colcon.colcon_core.environment:create_environment_scripts_only(urg_node2)
[4.390s] DEBUG:colcon.colcon_core.event_handler.log_command:Invoked command in '/home/group_c/tas2-software/build/urg_node2' returned '0': CMAKE_PREFIX_PATH=${CMAKE_PREFIX_PATH}:/home/group_c/tas2-software/install/tas_hardware:/home/group_c/tas2-software/install/object_tracker:/opt/ros/humble /usr/bin/cmake --install /home/group_c/tas2-software/build/urg_node2
[4.452s] Level 1:colcon.colcon_core.environment:checking '/home/group_c/tas2-software/install/urg_node2' for CMake module files
[4.453s] Level 1:colcon.colcon_core.environment:checking '/home/group_c/tas2-software/install/urg_node2' for CMake config files
[4.453s] Level 1:colcon.colcon_core.shell:create_environment_hook('urg_node2', 'cmake_prefix_path')
[4.489s] INFO:colcon.colcon_core.shell:Creating environment hook '/home/group_c/tas2-software/install/urg_node2/share/urg_node2/hook/cmake_prefix_path.ps1'
[4.489s] INFO:colcon.colcon_core.shell:Creating environment descriptor '/home/group_c/tas2-software/install/urg_node2/share/urg_node2/hook/cmake_prefix_path.dsv'
[4.490s] INFO:colcon.colcon_core.shell:Creating environment hook '/home/group_c/tas2-software/install/urg_node2/share/urg_node2/hook/cmake_prefix_path.sh'
[4.491s] Level 1:colcon.colcon_core.environment:checking '/home/group_c/tas2-software/install/urg_node2/lib'
[4.491s] Level 1:colcon.colcon_core.shell:create_environment_hook('urg_node2', 'ld_library_path_lib')
[4.523s] INFO:colcon.colcon_core.shell:Creating environment hook '/home/group_c/tas2-software/install/urg_node2/share/urg_node2/hook/ld_library_path_lib.ps1'
[4.524s] INFO:colcon.colcon_core.shell:Creating environment descriptor '/home/group_c/tas2-software/install/urg_node2/share/urg_node2/hook/ld_library_path_lib.dsv'
[4.524s] INFO:colcon.colcon_core.shell:Creating environment hook '/home/group_c/tas2-software/install/urg_node2/share/urg_node2/hook/ld_library_path_lib.sh'
[4.525s] Level 1:colcon.colcon_core.environment:checking '/home/group_c/tas2-software/install/urg_node2/bin'
[4.525s] Level 1:colcon.colcon_core.environment:checking '/home/group_c/tas2-software/install/urg_node2/lib/pkgconfig/urg_node2.pc'
[4.526s] Level 1:colcon.colcon_core.environment:checking '/home/group_c/tas2-software/install/urg_node2/lib/python3.10/site-packages'
[4.526s] Level 1:colcon.colcon_core.environment:checking '/home/group_c/tas2-software/install/urg_node2/bin'
[4.557s] INFO:colcon.colcon_core.shell:Creating package script '/home/group_c/tas2-software/install/urg_node2/share/urg_node2/package.ps1'
[4.558s] INFO:colcon.colcon_core.shell:Creating package descriptor '/home/group_c/tas2-software/install/urg_node2/share/urg_node2/package.dsv'
[4.559s] INFO:colcon.colcon_core.shell:Creating package script '/home/group_c/tas2-software/install/urg_node2/share/urg_node2/package.sh'
[4.559s] INFO:colcon.colcon_core.shell:Creating package script '/home/group_c/tas2-software/install/urg_node2/share/urg_node2/package.bash'
[4.560s] INFO:colcon.colcon_core.shell:Creating package script '/home/group_c/tas2-software/install/urg_node2/share/urg_node2/package.zsh'
[4.560s] Level 1:colcon.colcon_core.environment:create_file_with_runtime_dependencies(/home/group_c/tas2-software/install/urg_node2/share/colcon-core/packages/urg_node2)
[4.703s] DEBUG:colcon.colcon_core.event_handler.log_command:Invoked command in '/home/group_c/tas2-software/src/tas_hardware' returned '0': PYTHONPATH=/home/group_c/tas2-software/build/tas_hardware/prefix_override:/home/group_c/tas2-software/install/tas_hardware/lib/python3.10/site-packages:${PYTHONPATH} /usr/bin/python3 setup.py egg_info --egg-base ../../build/tas_hardware build --build-base /home/group_c/tas2-software/build/tas_hardware/build install --record /home/group_c/tas2-software/build/tas_hardware/install.log --single-version-externally-managed
[4.730s] Level 1:colcon.colcon_core.environment:checking '/home/group_c/tas2-software/install/tas_hardware' for CMake module files
[4.731s] Level 1:colcon.colcon_core.environment:checking '/home/group_c/tas2-software/install/tas_hardware' for CMake config files
[4.732s] Level 1:colcon.colcon_core.environment:checking '/home/group_c/tas2-software/install/tas_hardware/lib'
[4.732s] Level 1:colcon.colcon_core.environment:checking '/home/group_c/tas2-software/install/tas_hardware/bin'
[4.732s] Level 1:colcon.colcon_core.environment:checking '/home/group_c/tas2-software/install/tas_hardware/lib/pkgconfig/tas_hardware.pc'
[4.732s] Level 1:colcon.colcon_core.environment:checking '/home/group_c/tas2-software/install/tas_hardware/lib/python3.10/site-packages'
[4.733s] Level 1:colcon.colcon_core.shell:create_environment_hook('tas_hardware', 'pythonpath')
[4.762s] INFO:colcon.colcon_core.shell:Creating environment hook '/home/group_c/tas2-software/install/tas_hardware/share/tas_hardware/hook/pythonpath.ps1'
[4.762s] INFO:colcon.colcon_core.shell:Creating environment descriptor '/home/group_c/tas2-software/install/tas_hardware/share/tas_hardware/hook/pythonpath.dsv'
[4.763s] INFO:colcon.colcon_core.shell:Creating environment hook '/home/group_c/tas2-software/install/tas_hardware/share/tas_hardware/hook/pythonpath.sh'
[4.764s] Level 1:colcon.colcon_core.environment:checking '/home/group_c/tas2-software/install/tas_hardware/bin'
[4.764s] Level 1:colcon.colcon_core.environment:create_environment_scripts_only(tas_hardware)
[4.792s] INFO:colcon.colcon_core.shell:Creating package script '/home/group_c/tas2-software/install/tas_hardware/share/tas_hardware/package.ps1'
[4.793s] INFO:colcon.colcon_core.shell:Creating package descriptor '/home/group_c/tas2-software/install/tas_hardware/share/tas_hardware/package.dsv'
[4.793s] INFO:colcon.colcon_core.shell:Creating package script '/home/group_c/tas2-software/install/tas_hardware/share/tas_hardware/package.sh'
[4.794s] INFO:colcon.colcon_core.shell:Creating package script '/home/group_c/tas2-software/install/tas_hardware/share/tas_hardware/package.bash'
[4.794s] INFO:colcon.colcon_core.shell:Creating package script '/home/group_c/tas2-software/install/tas_hardware/share/tas_hardware/package.zsh'
[4.795s] Level 1:colcon.colcon_core.environment:create_file_with_runtime_dependencies(/home/group_c/tas2-software/install/tas_hardware/share/colcon-core/packages/tas_hardware)
[4.824s] Level 1:colcon.colcon_core.environment:create_environment_scripts_only(urg_node2)
[4.850s] Level 1:colcon.colcon_core.environment:checking '/home/group_c/tas2-software/install/urg_node2' for CMake module files
[4.851s] Level 1:colcon.colcon_core.environment:checking '/home/group_c/tas2-software/install/urg_node2' for CMake config files
[4.852s] Level 1:colcon.colcon_core.shell:create_environment_hook('urg_node2', 'cmake_prefix_path')
[4.881s] INFO:colcon.colcon_core.shell:Creating environment hook '/home/group_c/tas2-software/install/urg_node2/share/urg_node2/hook/cmake_prefix_path.ps1'
[4.882s] INFO:colcon.colcon_core.shell:Creating environment descriptor '/home/group_c/tas2-software/install/urg_node2/share/urg_node2/hook/cmake_prefix_path.dsv'
[4.883s] INFO:colcon.colcon_core.shell:Creating environment hook '/home/group_c/tas2-software/install/urg_node2/share/urg_node2/hook/cmake_prefix_path.sh'
[4.884s] Level 1:colcon.colcon_core.environment:checking '/home/group_c/tas2-software/install/urg_node2/lib'
[4.884s] Level 1:colcon.colcon_core.shell:create_environment_hook('urg_node2', 'ld_library_path_lib')
[4.913s] INFO:colcon.colcon_core.shell:Creating environment hook '/home/group_c/tas2-software/install/urg_node2/share/urg_node2/hook/ld_library_path_lib.ps1'
[4.914s] INFO:colcon.colcon_core.shell:Creating environment descriptor '/home/group_c/tas2-software/install/urg_node2/share/urg_node2/hook/ld_library_path_lib.dsv'
[4.914s] INFO:colcon.colcon_core.shell:Creating environment hook '/home/group_c/tas2-software/install/urg_node2/share/urg_node2/hook/ld_library_path_lib.sh'
[4.915s] Level 1:colcon.colcon_core.environment:checking '/home/group_c/tas2-software/install/urg_node2/bin'
[4.915s] Level 1:colcon.colcon_core.environment:checking '/home/group_c/tas2-software/install/urg_node2/lib/pkgconfig/urg_node2.pc'
[4.916s] Level 1:colcon.colcon_core.environment:checking '/home/group_c/tas2-software/install/urg_node2/lib/python3.10/site-packages'
[4.916s] Level 1:colcon.colcon_core.environment:checking '/home/group_c/tas2-software/install/urg_node2/bin'
[4.945s] INFO:colcon.colcon_core.shell:Creating package script '/home/group_c/tas2-software/install/urg_node2/share/urg_node2/package.ps1'
[4.946s] INFO:colcon.colcon_core.shell:Creating package descriptor '/home/group_c/tas2-software/install/urg_node2/share/urg_node2/package.dsv'
[4.947s] INFO:colcon.colcon_core.shell:Creating package script '/home/group_c/tas2-software/install/urg_node2/share/urg_node2/package.sh'
[4.948s] INFO:colcon.colcon_core.shell:Creating package script '/home/group_c/tas2-software/install/urg_node2/share/urg_node2/package.bash'
[4.949s] INFO:colcon.colcon_core.shell:Creating package script '/home/group_c/tas2-software/install/urg_node2/share/urg_node2/package.zsh'
[4.950s] Level 1:colcon.colcon_core.environment:create_file_with_runtime_dependencies(/home/group_c/tas2-software/install/urg_node2/share/colcon-core/packages/urg_node2)
[4.952s] DEBUG:colcon.colcon_core.event_handler.log_command:Invoked command in '/home/group_c/tas2-software/src/object_tracker' returned '0': PYTHONPATH=/home/group_c/tas2-software/build/object_tracker/prefix_override:/home/group_c/tas2-software/install/object_tracker/lib/python3.10/site-packages:${PYTHONPATH} /usr/bin/python3 setup.py egg_info --egg-base ../../build/object_tracker build --build-base /home/group_c/tas2-software/build/object_tracker/build install --record /home/group_c/tas2-software/build/object_tracker/install.log --single-version-externally-managed
[4.981s] Level 1:colcon.colcon_core.environment:checking '/home/group_c/tas2-software/install/object_tracker' for CMake module files
[4.982s] Level 1:colcon.colcon_core.environment:checking '/home/group_c/tas2-software/install/object_tracker' for CMake config files
[4.984s] Level 1:colcon.colcon_core.environment:checking '/home/group_c/tas2-software/install/object_tracker/lib'
[4.984s] Level 1:colcon.colcon_core.environment:checking '/home/group_c/tas2-software/install/object_tracker/bin'
[4.984s] Level 1:colcon.colcon_core.environment:checking '/home/group_c/tas2-software/install/object_tracker/lib/pkgconfig/object_tracker.pc'
[4.985s] Level 1:colcon.colcon_core.environment:checking '/home/group_c/tas2-software/install/object_tracker/lib/python3.10/site-packages'
[4.985s] Level 1:colcon.colcon_core.shell:create_environment_hook('object_tracker', 'pythonpath')
[5.016s] INFO:colcon.colcon_core.shell:Creating environment hook '/home/group_c/tas2-software/install/object_tracker/share/object_tracker/hook/pythonpath.ps1'
[5.017s] INFO:colcon.colcon_core.shell:Creating environment descriptor '/home/group_c/tas2-software/install/object_tracker/share/object_tracker/hook/pythonpath.dsv'
[5.017s] INFO:colcon.colcon_core.shell:Creating environment hook '/home/group_c/tas2-software/install/object_tracker/share/object_tracker/hook/pythonpath.sh'
[5.018s] Level 1:colcon.colcon_core.environment:checking '/home/group_c/tas2-software/install/object_tracker/bin'
[5.018s] Level 1:colcon.colcon_core.environment:create_environment_scripts_only(object_tracker)
[5.047s] INFO:colcon.colcon_core.shell:Creating package script '/home/group_c/tas2-software/install/object_tracker/share/object_tracker/package.ps1'
[5.048s] INFO:colcon.colcon_core.shell:Creating package descriptor '/home/group_c/tas2-software/install/object_tracker/share/object_tracker/package.dsv'
[5.049s] INFO:colcon.colcon_core.shell:Creating package script '/home/group_c/tas2-software/install/object_tracker/share/object_tracker/package.sh'
[5.050s] INFO:colcon.colcon_core.shell:Creating package script '/home/group_c/tas2-software/install/object_tracker/share/object_tracker/package.bash'
[5.050s] INFO:colcon.colcon_core.shell:Creating package script '/home/group_c/tas2-software/install/object_tracker/share/object_tracker/package.zsh'
[5.051s] Level 1:colcon.colcon_core.environment:create_file_with_runtime_dependencies(/home/group_c/tas2-software/install/object_tracker/share/colcon-core/packages/object_tracker)
[5.051s] DEBUG:colcon.colcon_parallel_executor.executor.parallel:closing loop
[5.053s] DEBUG:colcon.colcon_parallel_executor.executor.parallel:loop closed
[5.053s] DEBUG:colcon.colcon_parallel_executor.executor.parallel:run_until_complete finished with '0'
[5.053s] DEBUG:colcon.colcon_core.event_reactor:joining thread
[5.099s] INFO:colcon.colcon_core.plugin_system:Skipping extension 'colcon_notification.desktop_notification.terminal_notifier': Not used on non-Darwin systems
[5.099s] INFO:colcon.colcon_core.plugin_system:Skipping extension 'colcon_notification.desktop_notification.win32': Not used on non-Windows systems
[5.099s] INFO:colcon.colcon_notification.desktop_notification:Sending desktop notification using 'notify2'
[5.112s] DEBUG:colcon.colcon_core.event_reactor:joined thread
[5.146s] INFO:colcon.colcon_core.shell:Creating prefix script '/home/group_c/tas2-software/install/local_setup.ps1'
[5.147s] INFO:colcon.colcon_core.shell:Creating prefix util module '/home/group_c/tas2-software/install/_local_setup_util_ps1.py'
[5.150s] INFO:colcon.colcon_core.shell:Creating prefix chain script '/home/group_c/tas2-software/install/setup.ps1'
[5.175s] INFO:colcon.colcon_core.shell:Creating prefix script '/home/group_c/tas2-software/install/local_setup.sh'
[5.176s] INFO:colcon.colcon_core.shell:Creating prefix util module '/home/group_c/tas2-software/install/_local_setup_util_sh.py'
[5.176s] INFO:colcon.colcon_core.shell:Creating prefix chain script '/home/group_c/tas2-software/install/setup.sh'
[5.202s] INFO:colcon.colcon_core.shell:Creating prefix script '/home/group_c/tas2-software/install/local_setup.bash'
[5.203s] INFO:colcon.colcon_core.shell:Creating prefix chain script '/home/group_c/tas2-software/install/setup.bash'
[5.225s] INFO:colcon.colcon_core.shell:Creating prefix script '/home/group_c/tas2-software/install/local_setup.zsh'
[5.226s] INFO:colcon.colcon_core.shell:Creating prefix chain script '/home/group_c/tas2-software/install/setup.zsh'
