[0.405s] Invoking command in '/home/group_c/tas2-software/build/urg_node2': CMAKE_PREFIX_PATH=${CMAKE_PREFIX_PATH}:/home/group_c/tas2-software/install/tas_hardware:/home/group_c/tas2-software/install/object_tracker:/opt/ros/humble /usr/bin/cmake --build /home/group_c/tas2-software/build/urg_node2 -- -j4 -l4
[0.579s] [ 45%] Built target urg_c
[0.599s] [ 55%] Built target gtest_main
[0.624s] [ 65%] Built target urg_node2_node
[0.652s] [ 75%] Built target gtest
[0.677s] [ 85%] Built target urg_node2
[0.722s] [100%] Built target urg_node2_test
[0.763s] Invoked command in '/home/group_c/tas2-software/build/urg_node2' returned '0': CMAKE_PREFIX_PATH=${CMAKE_PREFIX_PATH}:/home/group_c/tas2-software/install/tas_hardware:/home/group_c/tas2-software/install/object_tracker:/opt/ros/humble /usr/bin/cmake --build /home/group_c/tas2-software/build/urg_node2 -- -j4 -l4
[1.154s] Invoking command in '/home/group_c/tas2-software/build/urg_node2': CMAKE_PREFIX_PATH=${CMAKE_PREFIX_PATH}:/home/group_c/tas2-software/install/tas_hardware:/home/group_c/tas2-software/install/object_tracker:/opt/ros/humble /usr/bin/cmake --install /home/group_c/tas2-software/build/urg_node2
[1.169s] -- Install configuration: ""
[1.170s] -- Up-to-date: /home/group_c/tas2-software/install/urg_node2/lib/urg_node2/urg_node2_node
[1.170s] -- Up-to-date: /home/group_c/tas2-software/install/urg_node2/lib/liburg_node2.so
[1.171s] -- Up-to-date: /home/group_c/tas2-software/install/urg_node2/lib/liburg_c.so
[1.171s] -- Up-to-date: /home/group_c/tas2-software/install/urg_node2/share/urg_node2/launch
[1.172s] -- Up-to-date: /home/group_c/tas2-software/install/urg_node2/share/urg_node2/launch/urg_node2_component.launch.py
[1.173s] -- Up-to-date: /home/group_c/tas2-software/install/urg_node2/share/urg_node2/launch/urg_node2_2lidar.launch.py
[1.173s] -- Up-to-date: /home/group_c/tas2-software/install/urg_node2/share/urg_node2/launch/urg_node2.launch.py
[1.173s] -- Up-to-date: /home/group_c/tas2-software/install/urg_node2/share/urg_node2/config
[1.173s] -- Up-to-date: /home/group_c/tas2-software/install/urg_node2/share/urg_node2/config/params_serial.yaml
[1.173s] -- Up-to-date: /home/group_c/tas2-software/install/urg_node2/share/urg_node2/config/params_ether.yaml
[1.174s] -- Up-to-date: /home/group_c/tas2-software/install/urg_node2/share/urg_node2/config/params_ether_2nd.yaml
[1.174s] -- Up-to-date: /home/group_c/tas2-software/install/urg_node2/share/ament_index/resource_index/package_run_dependencies/urg_node2
[1.174s] -- Up-to-date: /home/group_c/tas2-software/install/urg_node2/share/ament_index/resource_index/parent_prefix_path/urg_node2
[1.174s] -- Up-to-date: /home/group_c/tas2-software/install/urg_node2/share/urg_node2/environment/ament_prefix_path.sh
[1.190s] -- Up-to-date: /home/group_c/tas2-software/install/urg_node2/share/urg_node2/environment/ament_prefix_path.dsv
[1.190s] -- Up-to-date: /home/group_c/tas2-software/install/urg_node2/share/urg_node2/environment/path.sh
[1.190s] -- Up-to-date: /home/group_c/tas2-software/install/urg_node2/share/urg_node2/environment/path.dsv
[1.190s] -- Up-to-date: /home/group_c/tas2-software/install/urg_node2/share/urg_node2/local_setup.bash
[1.190s] -- Up-to-date: /home/group_c/tas2-software/install/urg_node2/share/urg_node2/local_setup.sh
[1.190s] -- Up-to-date: /home/group_c/tas2-software/install/urg_node2/share/urg_node2/local_setup.zsh
[1.191s] -- Up-to-date: /home/group_c/tas2-software/install/urg_node2/share/urg_node2/local_setup.dsv
[1.191s] -- Installing: /home/group_c/tas2-software/install/urg_node2/share/urg_node2/package.dsv
[1.191s] -- Up-to-date: /home/group_c/tas2-software/install/urg_node2/share/ament_index/resource_index/packages/urg_node2
[1.191s] -- Up-to-date: /home/group_c/tas2-software/install/urg_node2/share/ament_index/resource_index/rclcpp_components/urg_node2
[1.191s] -- Up-to-date: /home/group_c/tas2-software/install/urg_node2/share/urg_node2/cmake/urg_node2Config.cmake
[1.191s] -- Up-to-date: /home/group_c/tas2-software/install/urg_node2/share/urg_node2/cmake/urg_node2Config-version.cmake
[1.191s] -- Up-to-date: /home/group_c/tas2-software/install/urg_node2/share/urg_node2/package.xml
[1.192s] Invoked command in '/home/group_c/tas2-software/build/urg_node2' returned '0': CMAKE_PREFIX_PATH=${CMAKE_PREFIX_PATH}:/home/group_c/tas2-software/install/tas_hardware:/home/group_c/tas2-software/install/object_tracker:/opt/ros/humble /usr/bin/cmake --install /home/group_c/tas2-software/build/urg_node2
