-- Install configuration: ""
-- Up-to-date: /home/group_c/tas2-software/install/tas2/share/tas2/launch
-- Up-to-date: /home/group_c/tas2-software/install/tas2/share/tas2/launch/hardware_computer.launch.py
-- Up-to-date: /home/group_c/tas2-software/install/tas2/share/tas2/launch/slam.launch.py
-- Up-to-date: /home/group_c/tas2-software/install/tas2/share/tas2/launch/obsolet
-- Up-to-date: /home/group_c/tas2-software/install/tas2/share/tas2/launch/obsolet/obs_slam.launch.py
-- Up-to-date: /home/group_c/tas2-software/install/tas2/share/tas2/launch/obsolet/obs_display.launch.py
-- Up-to-date: /home/group_c/tas2-software/install/tas2/share/tas2/launch/obsolet/obs_navigation.launch.py
-- Up-to-date: /home/group_c/tas2-software/install/tas2/share/tas2/launch/obsolet/obs_simulation.launch.py
-- Up-to-date: /home/group_c/tas2-software/install/tas2/share/tas2/launch/obsolet/obs_robot_state_publisher.launch.py
-- Up-to-date: /home/group_c/tas2-software/install/tas2/share/tas2/launch/hardware_nuc.launch.py
-- Up-to-date: /home/group_c/tas2-software/install/tas2/share/tas2/launch/simulation.launch.py
-- Up-to-date: /home/group_c/tas2-software/install/tas2/share/tas2/launch/navigation.launch.py
-- Up-to-date: /home/group_c/tas2-software/install/tas2/share/tas2/launch/hardware_navigation.launch.py
-- Up-to-date: /home/group_c/tas2-software/install/tas2/share/tas2/rviz
-- Up-to-date: /home/group_c/tas2-software/install/tas2/share/tas2/rviz/display.rviz
-- Up-to-date: /home/group_c/tas2-software/install/tas2/share/tas2/rviz/hardware.rviz
-- Up-to-date: /home/group_c/tas2-software/install/tas2/share/tas2/rviz/navigation.rviz
-- Up-to-date: /home/group_c/tas2-software/install/tas2/share/tas2/rviz/simulation.rviz
-- Up-to-date: /home/group_c/tas2-software/install/tas2/share/tas2/config
-- Up-to-date: /home/group_c/tas2-software/install/tas2/share/tas2/config/my_nav_to_pose_bt.xml
-- Up-to-date: /home/group_c/tas2-software/install/tas2/share/tas2/config/slam.yaml
-- Up-to-date: /home/group_c/tas2-software/install/tas2/share/tas2/config/my_nav_through_poses_bt.xml
-- Up-to-date: /home/group_c/tas2-software/install/tas2/share/tas2/config/gazebo_ros2.yaml
-- Up-to-date: /home/group_c/tas2-software/install/tas2/share/tas2/config/ekf.yaml
-- Up-to-date: /home/group_c/tas2-software/install/tas2/share/tas2/config/navigation.yaml
-- Up-to-date: /home/group_c/tas2-software/install/tas2/share/tas2/config/navigation_hardware.yaml
-- Up-to-date: /home/group_c/tas2-software/install/tas2/share/tas2/maps
-- Up-to-date: /home/group_c/tas2-software/install/tas2/share/tas2/maps/LSR_N5_TASlab.yaml
-- Up-to-date: /home/group_c/tas2-software/install/tas2/share/tas2/maps/LSR_N5_basement.yaml
-- Up-to-date: /home/group_c/tas2-software/install/tas2/share/tas2/maps/LSR_N5_TASlab.pgm
-- Up-to-date: /home/group_c/tas2-software/install/tas2/share/tas2/maps/LSR_N5_basement.pgm
-- Up-to-date: /home/group_c/tas2-software/install/tas2/share/tas2/models
-- Up-to-date: /home/group_c/tas2-software/install/tas2/share/tas2/models/tas_car.urdf.xacro
-- Up-to-date: /home/group_c/tas2-software/install/tas2/share/tas2/models/sensor_camera.urdf
-- Up-to-date: /home/group_c/tas2-software/install/tas2/share/tas2/models/sensor_imu.urdf
-- Up-to-date: /home/group_c/tas2-software/install/tas2/share/tas2/models/sensor_lidar_front.urdf
-- Up-to-date: /home/group_c/tas2-software/install/tas2/share/tas2/models/sensor_lidar_back.urdf
-- Up-to-date: /home/group_c/tas2-software/install/tas2/share/tas2/models/meshes
-- Up-to-date: /home/group_c/tas2-software/install/tas2/share/tas2/models/meshes/model_wheel_right_collision.dae
-- Up-to-date: /home/group_c/tas2-software/install/tas2/share/tas2/models/meshes/d435.dae
-- Up-to-date: /home/group_c/tas2-software/install/tas2/share/tas2/models/meshes/model_base_reduced.dae
-- Up-to-date: /home/group_c/tas2-software/install/tas2/share/tas2/models/meshes/hokuyo.dae
-- Up-to-date: /home/group_c/tas2-software/install/tas2/share/tas2/models/meshes/model_wheel_left.dae
-- Up-to-date: /home/group_c/tas2-software/install/tas2/share/tas2/models/meshes/model_wheel_left_collision.dae
-- Up-to-date: /home/group_c/tas2-software/install/tas2/share/tas2/models/meshes/model_wheel_right.dae
-- Up-to-date: /home/group_c/tas2-software/install/tas2/share/tas2/models/tas_car copy.urdf
-- Up-to-date: /home/group_c/tas2-software/install/tas2/share/tas2/models/obsolet
-- Up-to-date: /home/group_c/tas2-software/install/tas2/share/tas2/models/obsolet/gazebo_ackermann.urdf
-- Up-to-date: /home/group_c/tas2-software/install/tas2/share/tas2/models/obsolet/gazebo_diff_drive_2wd.urdf
-- Up-to-date: /home/group_c/tas2-software/install/tas2/share/tas2/models/obsolet/gazebo_diff_drive.urdf
-- Up-to-date: /home/group_c/tas2-software/install/tas2/share/tas2/models/obsolet/gazebo_tricycle.urdf
-- Up-to-date: /home/group_c/tas2-software/install/tas2/share/tas2/models/obsolet/tas_car.sdf
-- Up-to-date: /home/group_c/tas2-software/install/tas2/share/tas2/models/materials.urdf
-- Up-to-date: /home/group_c/tas2-software/install/tas2/share/tas2/models/wheels.urdf
-- Up-to-date: /home/group_c/tas2-software/install/tas2/share/tas2/models/tas_car.urdf
-- Up-to-date: /home/group_c/tas2-software/install/tas2/share/tas2/world
-- Up-to-date: /home/group_c/tas2-software/install/tas2/share/tas2/world/basement_ext.world
-- Up-to-date: /home/group_c/tas2-software/install/tas2/share/tas2/world/gazeboModels
-- Up-to-date: /home/group_c/tas2-software/install/tas2/share/tas2/world/gazeboModels/chair
-- Up-to-date: /home/group_c/tas2-software/install/tas2/share/tas2/world/gazeboModels/chair/meshes
-- Up-to-date: /home/group_c/tas2-software/install/tas2/share/tas2/world/gazeboModels/chair/meshes/M_Office_Chair_baseColor.png
-- Up-to-date: /home/group_c/tas2-software/install/tas2/share/tas2/world/gazeboModels/chair/meshes/chair.dae
-- Up-to-date: /home/group_c/tas2-software/install/tas2/share/tas2/world/gazeboModels/chair/model.config
-- Up-to-date: /home/group_c/tas2-software/install/tas2/share/tas2/world/gazeboModels/chair/model.sdf
-- Up-to-date: /home/group_c/tas2-software/install/tas2/share/tas2/world/gazeboModels/monitor
-- Up-to-date: /home/group_c/tas2-software/install/tas2/share/tas2/world/gazeboModels/monitor/meshes
-- Up-to-date: /home/group_c/tas2-software/install/tas2/share/tas2/world/gazeboModels/monitor/meshes/Monitor_01_Complete_Monitor_01_BaseColor.jpg
-- Up-to-date: /home/group_c/tas2-software/install/tas2/share/tas2/world/gazeboModels/monitor/meshes/monitor.dae
-- Up-to-date: /home/group_c/tas2-software/install/tas2/share/tas2/world/gazeboModels/monitor/meshes/Monitor_01_Complete_Monitor_01_Decals_Base.jpg
-- Up-to-date: /home/group_c/tas2-software/install/tas2/share/tas2/world/gazeboModels/monitor/meshes/Monitor_01_Complete_Monitor_01_BaseColor.jpg.001.jpg
-- Up-to-date: /home/group_c/tas2-software/install/tas2/share/tas2/world/gazeboModels/monitor/meshes/Monitor_01_Complete_Monitor_01_Decals_Base.jpg.001.jpg
-- Up-to-date: /home/group_c/tas2-software/install/tas2/share/tas2/world/gazeboModels/monitor/model.config
-- Up-to-date: /home/group_c/tas2-software/install/tas2/share/tas2/world/gazeboModels/monitor/model.sdf
-- Up-to-date: /home/group_c/tas2-software/install/tas2/share/tas2/world/gazeboModels/doorxl
-- Up-to-date: /home/group_c/tas2-software/install/tas2/share/tas2/world/gazeboModels/doorxl/meshes
-- Up-to-date: /home/group_c/tas2-software/install/tas2/share/tas2/world/gazeboModels/doorxl/meshes/doorxl.dae
-- Up-to-date: /home/group_c/tas2-software/install/tas2/share/tas2/world/gazeboModels/doorxl/model.config
-- Up-to-date: /home/group_c/tas2-software/install/tas2/share/tas2/world/gazeboModels/doorxl/model.sdf
-- Up-to-date: /home/group_c/tas2-software/install/tas2/share/tas2/world/gazeboModels/keyboard
-- Up-to-date: /home/group_c/tas2-software/install/tas2/share/tas2/world/gazeboModels/keyboard/meshes
-- Up-to-date: /home/group_c/tas2-software/install/tas2/share/tas2/world/gazeboModels/keyboard/meshes/keyboard.dae
-- Up-to-date: /home/group_c/tas2-software/install/tas2/share/tas2/world/gazeboModels/keyboard/meshes/Keyboard_1001_AlbedoTransparency.png
-- Up-to-date: /home/group_c/tas2-software/install/tas2/share/tas2/world/gazeboModels/keyboard/model.config
-- Up-to-date: /home/group_c/tas2-software/install/tas2/share/tas2/world/gazeboModels/keyboard/model.sdf
-- Up-to-date: /home/group_c/tas2-software/install/tas2/share/tas2/world/gazeboModels/office_table
-- Up-to-date: /home/group_c/tas2-software/install/tas2/share/tas2/world/gazeboModels/office_table/meshes
-- Up-to-date: /home/group_c/tas2-software/install/tas2/share/tas2/world/gazeboModels/office_table/meshes/office_table.dae
-- Up-to-date: /home/group_c/tas2-software/install/tas2/share/tas2/world/gazeboModels/office_table/meshes/Untitled.png
-- Up-to-date: /home/group_c/tas2-software/install/tas2/share/tas2/world/gazeboModels/office_table/model.config
-- Up-to-date: /home/group_c/tas2-software/install/tas2/share/tas2/world/gazeboModels/office_table/model.sdf
-- Up-to-date: /home/group_c/tas2-software/install/tas2/share/tas2/world/gazeboModels/basement
-- Up-to-date: /home/group_c/tas2-software/install/tas2/share/tas2/world/gazeboModels/basement/model.config
-- Up-to-date: /home/group_c/tas2-software/install/tas2/share/tas2/world/gazeboModels/basement/model.sdf
-- Up-to-date: /home/group_c/tas2-software/install/tas2/share/tas2/world/gazeboModels/stairs
-- Up-to-date: /home/group_c/tas2-software/install/tas2/share/tas2/world/gazeboModels/stairs/meshes
-- Up-to-date: /home/group_c/tas2-software/install/tas2/share/tas2/world/gazeboModels/stairs/meshes/stairs.dae
-- Up-to-date: /home/group_c/tas2-software/install/tas2/share/tas2/world/gazeboModels/stairs/model.config
-- Up-to-date: /home/group_c/tas2-software/install/tas2/share/tas2/world/gazeboModels/stairs/model.sdf
-- Up-to-date: /home/group_c/tas2-software/install/tas2/share/tas2/world/gazeboModels/my_ground_plane
-- Up-to-date: /home/group_c/tas2-software/install/tas2/share/tas2/world/gazeboModels/my_ground_plane/model.config
-- Up-to-date: /home/group_c/tas2-software/install/tas2/share/tas2/world/gazeboModels/my_ground_plane/model.sdf
-- Up-to-date: /home/group_c/tas2-software/install/tas2/share/tas2/world/gazeboModels/my_ground_plane/materials
-- Up-to-date: /home/group_c/tas2-software/install/tas2/share/tas2/world/gazeboModels/my_ground_plane/materials/textures
-- Up-to-date: /home/group_c/tas2-software/install/tas2/share/tas2/world/gazeboModels/my_ground_plane/materials/textures/floor.jpg
-- Up-to-date: /home/group_c/tas2-software/install/tas2/share/tas2/world/gazeboModels/my_ground_plane/materials/scripts
-- Up-to-date: /home/group_c/tas2-software/install/tas2/share/tas2/world/gazeboModels/my_ground_plane/materials/scripts/my_ground_plane.material
-- Up-to-date: /home/group_c/tas2-software/install/tas2/share/tas2/world/gazeboModels/workbench
-- Up-to-date: /home/group_c/tas2-software/install/tas2/share/tas2/world/gazeboModels/workbench/meshes
-- Up-to-date: /home/group_c/tas2-software/install/tas2/share/tas2/world/gazeboModels/workbench/meshes/WorkBench_PBR_SG_baseColor.png.001.png
-- Up-to-date: /home/group_c/tas2-software/install/tas2/share/tas2/world/gazeboModels/workbench/meshes/workbench.dae
-- Up-to-date: /home/group_c/tas2-software/install/tas2/share/tas2/world/gazeboModels/workbench/model.config
-- Up-to-date: /home/group_c/tas2-software/install/tas2/share/tas2/world/gazeboModels/workbench/model.sdf
-- Up-to-date: /home/group_c/tas2-software/install/tas2/share/tas2/world/gazeboModels/person_walking
-- Up-to-date: /home/group_c/tas2-software/install/tas2/share/tas2/world/gazeboModels/person_walking/meshes
-- Up-to-date: /home/group_c/tas2-software/install/tas2/share/tas2/world/gazeboModels/person_walking/meshes/walking.dae
-- Up-to-date: /home/group_c/tas2-software/install/tas2/share/tas2/world/gazeboModels/person_walking/model.config
-- Up-to-date: /home/group_c/tas2-software/install/tas2/share/tas2/world/gazeboModels/person_walking/model.sdf
-- Up-to-date: /home/group_c/tas2-software/install/tas2/share/tas2/world/gazeboModels/person_walking/materials
-- Up-to-date: /home/group_c/tas2-software/install/tas2/share/tas2/world/gazeboModels/person_walking/materials/textures
-- Up-to-date: /home/group_c/tas2-software/install/tas2/share/tas2/world/gazeboModels/person_walking/materials/textures/tshirt02_texture.png
-- Up-to-date: /home/group_c/tas2-software/install/tas2/share/tas2/world/gazeboModels/person_walking/materials/textures/tshirt02_normals.png
-- Up-to-date: /home/group_c/tas2-software/install/tas2/share/tas2/world/gazeboModels/person_walking/materials/textures/male02_diffuse_black-unmodified.png
-- Up-to-date: /home/group_c/tas2-software/install/tas2/share/tas2/world/gazeboModels/person_walking/materials/textures/young_lightskinned_male_diffuse.png
-- Up-to-date: /home/group_c/tas2-software/install/tas2/share/tas2/world/gazeboModels/person_walking/materials/textures/teeth.png
-- Up-to-date: /home/group_c/tas2-software/install/tas2/share/tas2/world/gazeboModels/person_walking/materials/textures/eyebrow001-unmodified.png
-- Up-to-date: /home/group_c/tas2-software/install/tas2/share/tas2/world/gazeboModels/person_walking/materials/textures/jeans01_normals.png
-- Up-to-date: /home/group_c/tas2-software/install/tas2/share/tas2/world/gazeboModels/person_walking/materials/textures/green_eye.png
-- Up-to-date: /home/group_c/tas2-software/install/tas2/share/tas2/world/gazeboModels/person_walking/materials/textures/male02_diffuse_black.png
-- Up-to-date: /home/group_c/tas2-software/install/tas2/share/tas2/world/gazeboModels/person_walking/materials/textures/jeans_basic_diffuse.png
-- Up-to-date: /home/group_c/tas2-software/install/tas2/share/tas2/world/gazeboModels/person_walking/materials/textures/eyebrow001.png
-- Up-to-date: /home/group_c/tas2-software/install/tas2/share/tas2/world/gazeboModels/box
-- Up-to-date: /home/group_c/tas2-software/install/tas2/share/tas2/world/gazeboModels/box/meshes
-- Up-to-date: /home/group_c/tas2-software/install/tas2/share/tas2/world/gazeboModels/box/meshes/crate01.jpg
-- Up-to-date: /home/group_c/tas2-software/install/tas2/share/tas2/world/gazeboModels/box/meshes/box.dae
-- Up-to-date: /home/group_c/tas2-software/install/tas2/share/tas2/world/gazeboModels/box/model.config
-- Up-to-date: /home/group_c/tas2-software/install/tas2/share/tas2/world/gazeboModels/box/model.sdf
-- Up-to-date: /home/group_c/tas2-software/install/tas2/share/tas2/world/gazeboModels/door
-- Up-to-date: /home/group_c/tas2-software/install/tas2/share/tas2/world/gazeboModels/door/meshes
-- Up-to-date: /home/group_c/tas2-software/install/tas2/share/tas2/world/gazeboModels/door/meshes/door.dae
-- Up-to-date: /home/group_c/tas2-software/install/tas2/share/tas2/world/gazeboModels/door/model.config
-- Up-to-date: /home/group_c/tas2-software/install/tas2/share/tas2/world/gazeboModels/door/model.sdf
-- Up-to-date: /home/group_c/tas2-software/install/tas2/share/tas2/world/gazeboModels/cabinet
-- Up-to-date: /home/group_c/tas2-software/install/tas2/share/tas2/world/gazeboModels/cabinet/meshes
-- Up-to-date: /home/group_c/tas2-software/install/tas2/share/tas2/world/gazeboModels/cabinet/meshes/cabinet.dae
-- Up-to-date: /home/group_c/tas2-software/install/tas2/share/tas2/world/gazeboModels/cabinet/model.config
-- Up-to-date: /home/group_c/tas2-software/install/tas2/share/tas2/world/gazeboModels/cabinet/model.sdf
-- Up-to-date: /home/group_c/tas2-software/install/tas2/share/tas2/world/gazeboModels/pc
-- Up-to-date: /home/group_c/tas2-software/install/tas2/share/tas2/world/gazeboModels/pc/meshes
-- Up-to-date: /home/group_c/tas2-software/install/tas2/share/tas2/world/gazeboModels/pc/meshes/Material.001_baseColor.png
-- Up-to-date: /home/group_c/tas2-software/install/tas2/share/tas2/world/gazeboModels/pc/meshes/pc.dae
-- Up-to-date: /home/group_c/tas2-software/install/tas2/share/tas2/world/gazeboModels/pc/model.config
-- Up-to-date: /home/group_c/tas2-software/install/tas2/share/tas2/world/gazeboModels/pc/model.sdf
-- Up-to-date: /home/group_c/tas2-software/install/tas2/share/tas2/world/basement.world
-- Up-to-date: /home/group_c/tas2-software/install/tas2/share/ament_index/resource_index/package_run_dependencies/tas2
-- Up-to-date: /home/group_c/tas2-software/install/tas2/share/ament_index/resource_index/parent_prefix_path/tas2
-- Up-to-date: /home/group_c/tas2-software/install/tas2/share/tas2/environment/ament_prefix_path.sh
-- Up-to-date: /home/group_c/tas2-software/install/tas2/share/tas2/environment/ament_prefix_path.dsv
-- Up-to-date: /home/group_c/tas2-software/install/tas2/share/tas2/environment/path.sh
-- Up-to-date: /home/group_c/tas2-software/install/tas2/share/tas2/environment/path.dsv
-- Up-to-date: /home/group_c/tas2-software/install/tas2/share/tas2/local_setup.bash
-- Up-to-date: /home/group_c/tas2-software/install/tas2/share/tas2/local_setup.sh
-- Up-to-date: /home/group_c/tas2-software/install/tas2/share/tas2/local_setup.zsh
-- Up-to-date: /home/group_c/tas2-software/install/tas2/share/tas2/local_setup.dsv
-- Installing: /home/group_c/tas2-software/install/tas2/share/tas2/package.dsv
-- Up-to-date: /home/group_c/tas2-software/install/tas2/share/ament_index/resource_index/packages/tas2
-- Up-to-date: /home/group_c/tas2-software/install/tas2/share/tas2/cmake/tas2Config.cmake
-- Up-to-date: /home/group_c/tas2-software/install/tas2/share/tas2/cmake/tas2Config-version.cmake
-- Up-to-date: /home/group_c/tas2-software/install/tas2/share/tas2/package.xml
