[0.586s] Invoking command in '/home/group_c/tas2-software/build/tas2': CMAKE_PREFIX_PATH=${CMAKE_PREFIX_PATH}:/home/group_c/tas2-software/install/tas_hardware:/home/group_c/tas2-software/install/object_tracker:/opt/ros/humble /usr/bin/cmake --build /home/group_c/tas2-software/build/tas2 -- -j4 -l4
[0.951s] Invoked command in '/home/group_c/tas2-software/build/tas2' returned '0': CMAKE_PREFIX_PATH=${CMAKE_PREFIX_PATH}:/home/group_c/tas2-software/install/tas_hardware:/home/group_c/tas2-software/install/object_tracker:/opt/ros/humble /usr/bin/cmake --build /home/group_c/tas2-software/build/tas2 -- -j4 -l4
[1.024s] Invoking command in '/home/group_c/tas2-software/build/tas2': CMAKE_PREFIX_PATH=${CMAKE_PREFIX_PATH}:/home/group_c/tas2-software/install/tas_hardware:/home/group_c/tas2-software/install/object_tracker:/opt/ros/humble /usr/bin/cmake --install /home/group_c/tas2-software/build/tas2
[1.040s] -- Install configuration: ""
[1.040s] -- Up-to-date: /home/group_c/tas2-software/install/tas2/share/tas2/launch
[1.040s] -- Up-to-date: /home/group_c/tas2-software/install/tas2/share/tas2/launch/hardware_computer.launch.py
[1.041s] -- Up-to-date: /home/group_c/tas2-software/install/tas2/share/tas2/launch/slam.launch.py
[1.041s] -- Up-to-date: /home/group_c/tas2-software/install/tas2/share/tas2/launch/obsolet
[1.041s] -- Up-to-date: /home/group_c/tas2-software/install/tas2/share/tas2/launch/obsolet/obs_slam.launch.py
[1.041s] -- Up-to-date: /home/group_c/tas2-software/install/tas2/share/tas2/launch/obsolet/obs_display.launch.py
[1.041s] -- Up-to-date: /home/group_c/tas2-software/install/tas2/share/tas2/launch/obsolet/obs_navigation.launch.py
[1.041s] -- Up-to-date: /home/group_c/tas2-software/install/tas2/share/tas2/launch/obsolet/obs_simulation.launch.py
[1.041s] -- Up-to-date: /home/group_c/tas2-software/install/tas2/share/tas2/launch/obsolet/obs_robot_state_publisher.launch.py
[1.042s] -- Up-to-date: /home/group_c/tas2-software/install/tas2/share/tas2/launch/hardware_nuc.launch.py
[1.042s] -- Up-to-date: /home/group_c/tas2-software/install/tas2/share/tas2/launch/simulation.launch.py
[1.042s] -- Up-to-date: /home/group_c/tas2-software/install/tas2/share/tas2/launch/navigation.launch.py
[1.042s] -- Up-to-date: /home/group_c/tas2-software/install/tas2/share/tas2/launch/hardware_navigation.launch.py
[1.043s] -- Up-to-date: /home/group_c/tas2-software/install/tas2/share/tas2/rviz
[1.043s] -- Up-to-date: /home/group_c/tas2-software/install/tas2/share/tas2/rviz/display.rviz
[1.044s] -- Up-to-date: /home/group_c/tas2-software/install/tas2/share/tas2/rviz/hardware.rviz
[1.044s] -- Up-to-date: /home/group_c/tas2-software/install/tas2/share/tas2/rviz/navigation.rviz
[1.046s] -- Up-to-date: /home/group_c/tas2-software/install/tas2/share/tas2/rviz/simulation.rviz
[1.047s] -- Up-to-date: /home/group_c/tas2-software/install/tas2/share/tas2/config
[1.047s] -- Up-to-date: /home/group_c/tas2-software/install/tas2/share/tas2/config/my_nav_to_pose_bt.xml
[1.047s] -- Up-to-date: /home/group_c/tas2-software/install/tas2/share/tas2/config/slam.yaml
[1.048s] -- Up-to-date: /home/group_c/tas2-software/install/tas2/share/tas2/config/my_nav_through_poses_bt.xml
[1.048s] -- Up-to-date: /home/group_c/tas2-software/install/tas2/share/tas2/config/gazebo_ros2.yaml
[1.049s] -- Up-to-date: /home/group_c/tas2-software/install/tas2/share/tas2/config/ekf.yaml
[1.050s] -- Up-to-date: /home/group_c/tas2-software/install/tas2/share/tas2/config/navigation.yaml
[1.050s] -- Up-to-date: /home/group_c/tas2-software/install/tas2/share/tas2/config/navigation_hardware.yaml
[1.050s] -- Up-to-date: /home/group_c/tas2-software/install/tas2/share/tas2/maps
[1.051s] -- Up-to-date: /home/group_c/tas2-software/install/tas2/share/tas2/maps/LSR_N5_TASlab.yaml
[1.051s] -- Up-to-date: /home/group_c/tas2-software/install/tas2/share/tas2/maps/LSR_N5_basement.yaml
[1.052s] -- Up-to-date: /home/group_c/tas2-software/install/tas2/share/tas2/maps/LSR_N5_TASlab.pgm
[1.053s] -- Up-to-date: /home/group_c/tas2-software/install/tas2/share/tas2/maps/LSR_N5_basement.pgm
[1.053s] -- Up-to-date: /home/group_c/tas2-software/install/tas2/share/tas2/models
[1.053s] -- Up-to-date: /home/group_c/tas2-software/install/tas2/share/tas2/models/tas_car.urdf.xacro
[1.054s] -- Up-to-date: /home/group_c/tas2-software/install/tas2/share/tas2/models/sensor_camera.urdf
[1.054s] -- Up-to-date: /home/group_c/tas2-software/install/tas2/share/tas2/models/sensor_imu.urdf
[1.055s] -- Up-to-date: /home/group_c/tas2-software/install/tas2/share/tas2/models/sensor_lidar_front.urdf
[1.057s] -- Up-to-date: /home/group_c/tas2-software/install/tas2/share/tas2/models/sensor_lidar_back.urdf
[1.057s] -- Up-to-date: /home/group_c/tas2-software/install/tas2/share/tas2/models/meshes
[1.057s] -- Up-to-date: /home/group_c/tas2-software/install/tas2/share/tas2/models/meshes/model_wheel_right_collision.dae
[1.057s] -- Up-to-date: /home/group_c/tas2-software/install/tas2/share/tas2/models/meshes/d435.dae
[1.058s] -- Up-to-date: /home/group_c/tas2-software/install/tas2/share/tas2/models/meshes/model_base_reduced.dae
[1.058s] -- Up-to-date: /home/group_c/tas2-software/install/tas2/share/tas2/models/meshes/hokuyo.dae
[1.058s] -- Up-to-date: /home/group_c/tas2-software/install/tas2/share/tas2/models/meshes/model_wheel_left.dae
[1.058s] -- Up-to-date: /home/group_c/tas2-software/install/tas2/share/tas2/models/meshes/model_wheel_left_collision.dae
[1.059s] -- Up-to-date: /home/group_c/tas2-software/install/tas2/share/tas2/models/meshes/model_wheel_right.dae
[1.059s] -- Up-to-date: /home/group_c/tas2-software/install/tas2/share/tas2/models/tas_car copy.urdf
[1.059s] -- Up-to-date: /home/group_c/tas2-software/install/tas2/share/tas2/models/obsolet
[1.059s] -- Up-to-date: /home/group_c/tas2-software/install/tas2/share/tas2/models/obsolet/gazebo_ackermann.urdf
[1.060s] -- Up-to-date: /home/group_c/tas2-software/install/tas2/share/tas2/models/obsolet/gazebo_diff_drive_2wd.urdf
[1.060s] -- Up-to-date: /home/group_c/tas2-software/install/tas2/share/tas2/models/obsolet/gazebo_diff_drive.urdf
[1.060s] -- Up-to-date: /home/group_c/tas2-software/install/tas2/share/tas2/models/obsolet/gazebo_tricycle.urdf
[1.060s] -- Up-to-date: /home/group_c/tas2-software/install/tas2/share/tas2/models/obsolet/tas_car.sdf
[1.061s] -- Up-to-date: /home/group_c/tas2-software/install/tas2/share/tas2/models/materials.urdf
[1.063s] -- Up-to-date: /home/group_c/tas2-software/install/tas2/share/tas2/models/wheels.urdf
[1.063s] -- Up-to-date: /home/group_c/tas2-software/install/tas2/share/tas2/models/tas_car.urdf
[1.063s] -- Up-to-date: /home/group_c/tas2-software/install/tas2/share/tas2/world
[1.064s] -- Up-to-date: /home/group_c/tas2-software/install/tas2/share/tas2/world/basement_ext.world
[1.064s] -- Up-to-date: /home/group_c/tas2-software/install/tas2/share/tas2/world/gazeboModels
[1.064s] -- Up-to-date: /home/group_c/tas2-software/install/tas2/share/tas2/world/gazeboModels/chair
[1.064s] -- Up-to-date: /home/group_c/tas2-software/install/tas2/share/tas2/world/gazeboModels/chair/meshes
[1.068s] -- Up-to-date: /home/group_c/tas2-software/install/tas2/share/tas2/world/gazeboModels/chair/meshes/M_Office_Chair_baseColor.png
[1.069s] -- Up-to-date: /home/group_c/tas2-software/install/tas2/share/tas2/world/gazeboModels/chair/meshes/chair.dae
[1.069s] -- Up-to-date: /home/group_c/tas2-software/install/tas2/share/tas2/world/gazeboModels/chair/model.config
[1.070s] -- Up-to-date: /home/group_c/tas2-software/install/tas2/share/tas2/world/gazeboModels/chair/model.sdf
[1.074s] -- Up-to-date: /home/group_c/tas2-software/install/tas2/share/tas2/world/gazeboModels/monitor
[1.075s] -- Up-to-date: /home/group_c/tas2-software/install/tas2/share/tas2/world/gazeboModels/monitor/meshes
[1.076s] -- Up-to-date: /home/group_c/tas2-software/install/tas2/share/tas2/world/gazeboModels/monitor/meshes/Monitor_01_Complete_Monitor_01_BaseColor.jpg
[1.076s] -- Up-to-date: /home/group_c/tas2-software/install/tas2/share/tas2/world/gazeboModels/monitor/meshes/monitor.dae
[1.076s] -- Up-to-date: /home/group_c/tas2-software/install/tas2/share/tas2/world/gazeboModels/monitor/meshes/Monitor_01_Complete_Monitor_01_Decals_Base.jpg
[1.076s] -- Up-to-date: /home/group_c/tas2-software/install/tas2/share/tas2/world/gazeboModels/monitor/meshes/Monitor_01_Complete_Monitor_01_BaseColor.jpg.001.jpg
[1.079s] -- Up-to-date: /home/group_c/tas2-software/install/tas2/share/tas2/world/gazeboModels/monitor/meshes/Monitor_01_Complete_Monitor_01_Decals_Base.jpg.001.jpg
[1.080s] -- Up-to-date: /home/group_c/tas2-software/install/tas2/share/tas2/world/gazeboModels/monitor/model.config
[1.080s] -- Up-to-date: /home/group_c/tas2-software/install/tas2/share/tas2/world/gazeboModels/monitor/model.sdf
[1.080s] -- Up-to-date: /home/group_c/tas2-software/install/tas2/share/tas2/world/gazeboModels/doorxl
[1.080s] -- Up-to-date: /home/group_c/tas2-software/install/tas2/share/tas2/world/gazeboModels/doorxl/meshes
[1.080s] -- Up-to-date: /home/group_c/tas2-software/install/tas2/share/tas2/world/gazeboModels/doorxl/meshes/doorxl.dae
[1.080s] -- Up-to-date: /home/group_c/tas2-software/install/tas2/share/tas2/world/gazeboModels/doorxl/model.config
[1.080s] -- Up-to-date: /home/group_c/tas2-software/install/tas2/share/tas2/world/gazeboModels/doorxl/model.sdf
[1.080s] -- Up-to-date: /home/group_c/tas2-software/install/tas2/share/tas2/world/gazeboModels/keyboard
[1.081s] -- Up-to-date: /home/group_c/tas2-software/install/tas2/share/tas2/world/gazeboModels/keyboard/meshes
[1.081s] -- Up-to-date: /home/group_c/tas2-software/install/tas2/share/tas2/world/gazeboModels/keyboard/meshes/keyboard.dae
[1.081s] -- Up-to-date: /home/group_c/tas2-software/install/tas2/share/tas2/world/gazeboModels/keyboard/meshes/Keyboard_1001_AlbedoTransparency.png
[1.081s] -- Up-to-date: /home/group_c/tas2-software/install/tas2/share/tas2/world/gazeboModels/keyboard/model.config
[1.081s] -- Up-to-date: /home/group_c/tas2-software/install/tas2/share/tas2/world/gazeboModels/keyboard/model.sdf
[1.081s] -- Up-to-date: /home/group_c/tas2-software/install/tas2/share/tas2/world/gazeboModels/office_table
[1.081s] -- Up-to-date: /home/group_c/tas2-software/install/tas2/share/tas2/world/gazeboModels/office_table/meshes
[1.081s] -- Up-to-date: /home/group_c/tas2-software/install/tas2/share/tas2/world/gazeboModels/office_table/meshes/office_table.dae
[1.081s] -- Up-to-date: /home/group_c/tas2-software/install/tas2/share/tas2/world/gazeboModels/office_table/meshes/Untitled.png
[1.082s] -- Up-to-date: /home/group_c/tas2-software/install/tas2/share/tas2/world/gazeboModels/office_table/model.config
[1.082s] -- Up-to-date: /home/group_c/tas2-software/install/tas2/share/tas2/world/gazeboModels/office_table/model.sdf
[1.082s] -- Up-to-date: /home/group_c/tas2-software/install/tas2/share/tas2/world/gazeboModels/basement
[1.082s] -- Up-to-date: /home/group_c/tas2-software/install/tas2/share/tas2/world/gazeboModels/basement/model.config
[1.082s] -- Up-to-date: /home/group_c/tas2-software/install/tas2/share/tas2/world/gazeboModels/basement/model.sdf
[1.082s] -- Up-to-date: /home/group_c/tas2-software/install/tas2/share/tas2/world/gazeboModels/stairs
[1.082s] -- Up-to-date: /home/group_c/tas2-software/install/tas2/share/tas2/world/gazeboModels/stairs/meshes
[1.082s] -- Up-to-date: /home/group_c/tas2-software/install/tas2/share/tas2/world/gazeboModels/stairs/meshes/stairs.dae
[1.082s] -- Up-to-date: /home/group_c/tas2-software/install/tas2/share/tas2/world/gazeboModels/stairs/model.config
[1.089s] -- Up-to-date: /home/group_c/tas2-software/install/tas2/share/tas2/world/gazeboModels/stairs/model.sdf
[1.089s] -- Up-to-date: /home/group_c/tas2-software/install/tas2/share/tas2/world/gazeboModels/my_ground_plane
[1.092s] -- Up-to-date: /home/group_c/tas2-software/install/tas2/share/tas2/world/gazeboModels/my_ground_plane/model.config
[1.093s] -- Up-to-date: /home/group_c/tas2-software/install/tas2/share/tas2/world/gazeboModels/my_ground_plane/model.sdf
[1.093s] -- Up-to-date: /home/group_c/tas2-software/install/tas2/share/tas2/world/gazeboModels/my_ground_plane/materials
[1.093s] -- Up-to-date: /home/group_c/tas2-software/install/tas2/share/tas2/world/gazeboModels/my_ground_plane/materials/textures
[1.093s] -- Up-to-date: /home/group_c/tas2-software/install/tas2/share/tas2/world/gazeboModels/my_ground_plane/materials/textures/floor.jpg
[1.093s] -- Up-to-date: /home/group_c/tas2-software/install/tas2/share/tas2/world/gazeboModels/my_ground_plane/materials/scripts
[1.094s] -- Up-to-date: /home/group_c/tas2-software/install/tas2/share/tas2/world/gazeboModels/my_ground_plane/materials/scripts/my_ground_plane.material
[1.094s] -- Up-to-date: /home/group_c/tas2-software/install/tas2/share/tas2/world/gazeboModels/workbench
[1.094s] -- Up-to-date: /home/group_c/tas2-software/install/tas2/share/tas2/world/gazeboModels/workbench/meshes
[1.095s] -- Up-to-date: /home/group_c/tas2-software/install/tas2/share/tas2/world/gazeboModels/workbench/meshes/WorkBench_PBR_SG_baseColor.png.001.png
[1.095s] -- Up-to-date: /home/group_c/tas2-software/install/tas2/share/tas2/world/gazeboModels/workbench/meshes/workbench.dae
[1.095s] -- Up-to-date: /home/group_c/tas2-software/install/tas2/share/tas2/world/gazeboModels/workbench/model.config
[1.095s] -- Up-to-date: /home/group_c/tas2-software/install/tas2/share/tas2/world/gazeboModels/workbench/model.sdf
[1.095s] -- Up-to-date: /home/group_c/tas2-software/install/tas2/share/tas2/world/gazeboModels/person_walking
[1.095s] -- Up-to-date: /home/group_c/tas2-software/install/tas2/share/tas2/world/gazeboModels/person_walking/meshes
[1.095s] -- Up-to-date: /home/group_c/tas2-software/install/tas2/share/tas2/world/gazeboModels/person_walking/meshes/walking.dae
[1.096s] -- Up-to-date: /home/group_c/tas2-software/install/tas2/share/tas2/world/gazeboModels/person_walking/model.config
[1.096s] -- Up-to-date: /home/group_c/tas2-software/install/tas2/share/tas2/world/gazeboModels/person_walking/model.sdf
[1.113s] -- Up-to-date: /home/group_c/tas2-software/install/tas2/share/tas2/world/gazeboModels/person_walking/materials
[1.113s] -- Up-to-date: /home/group_c/tas2-software/install/tas2/share/tas2/world/gazeboModels/person_walking/materials/textures
[1.113s] -- Up-to-date: /home/group_c/tas2-software/install/tas2/share/tas2/world/gazeboModels/person_walking/materials/textures/tshirt02_texture.png
[1.114s] -- Up-to-date: /home/group_c/tas2-software/install/tas2/share/tas2/world/gazeboModels/person_walking/materials/textures/tshirt02_normals.png
[1.114s] -- Up-to-date: /home/group_c/tas2-software/install/tas2/share/tas2/world/gazeboModels/person_walking/materials/textures/male02_diffuse_black-unmodified.png
[1.114s] -- Up-to-date: /home/group_c/tas2-software/install/tas2/share/tas2/world/gazeboModels/person_walking/materials/textures/young_lightskinned_male_diffuse.png
[1.114s] -- Up-to-date: /home/group_c/tas2-software/install/tas2/share/tas2/world/gazeboModels/person_walking/materials/textures/teeth.png
[1.114s] -- Up-to-date: /home/group_c/tas2-software/install/tas2/share/tas2/world/gazeboModels/person_walking/materials/textures/eyebrow001-unmodified.png
[1.114s] -- Up-to-date: /home/group_c/tas2-software/install/tas2/share/tas2/world/gazeboModels/person_walking/materials/textures/jeans01_normals.png
[1.114s] -- Up-to-date: /home/group_c/tas2-software/install/tas2/share/tas2/world/gazeboModels/person_walking/materials/textures/green_eye.png
[1.115s] -- Up-to-date: /home/group_c/tas2-software/install/tas2/share/tas2/world/gazeboModels/person_walking/materials/textures/male02_diffuse_black.png
[1.115s] -- Up-to-date: /home/group_c/tas2-software/install/tas2/share/tas2/world/gazeboModels/person_walking/materials/textures/jeans_basic_diffuse.png
[1.116s] -- Up-to-date: /home/group_c/tas2-software/install/tas2/share/tas2/world/gazeboModels/person_walking/materials/textures/eyebrow001.png
[1.116s] -- Up-to-date: /home/group_c/tas2-software/install/tas2/share/tas2/world/gazeboModels/box
[1.116s] -- Up-to-date: /home/group_c/tas2-software/install/tas2/share/tas2/world/gazeboModels/box/meshes
[1.117s] -- Up-to-date: /home/group_c/tas2-software/install/tas2/share/tas2/world/gazeboModels/box/meshes/crate01.jpg
[1.117s] -- Up-to-date: /home/group_c/tas2-software/install/tas2/share/tas2/world/gazeboModels/box/meshes/box.dae
[1.117s] -- Up-to-date: /home/group_c/tas2-software/install/tas2/share/tas2/world/gazeboModels/box/model.config
[1.117s] -- Up-to-date: /home/group_c/tas2-software/install/tas2/share/tas2/world/gazeboModels/box/model.sdf
[1.117s] -- Up-to-date: /home/group_c/tas2-software/install/tas2/share/tas2/world/gazeboModels/door
[1.117s] -- Up-to-date: /home/group_c/tas2-software/install/tas2/share/tas2/world/gazeboModels/door/meshes
[1.117s] -- Up-to-date: /home/group_c/tas2-software/install/tas2/share/tas2/world/gazeboModels/door/meshes/door.dae
[1.117s] -- Up-to-date: /home/group_c/tas2-software/install/tas2/share/tas2/world/gazeboModels/door/model.config
[1.117s] -- Up-to-date: /home/group_c/tas2-software/install/tas2/share/tas2/world/gazeboModels/door/model.sdf
[1.118s] -- Up-to-date: /home/group_c/tas2-software/install/tas2/share/tas2/world/gazeboModels/cabinet
[1.118s] -- Up-to-date: /home/group_c/tas2-software/install/tas2/share/tas2/world/gazeboModels/cabinet/meshes
[1.118s] -- Up-to-date: /home/group_c/tas2-software/install/tas2/share/tas2/world/gazeboModels/cabinet/meshes/cabinet.dae
[1.118s] -- Up-to-date: /home/group_c/tas2-software/install/tas2/share/tas2/world/gazeboModels/cabinet/model.config
[1.118s] -- Up-to-date: /home/group_c/tas2-software/install/tas2/share/tas2/world/gazeboModels/cabinet/model.sdf
[1.118s] -- Up-to-date: /home/group_c/tas2-software/install/tas2/share/tas2/world/gazeboModels/pc
[1.118s] -- Up-to-date: /home/group_c/tas2-software/install/tas2/share/tas2/world/gazeboModels/pc/meshes
[1.118s] -- Up-to-date: /home/group_c/tas2-software/install/tas2/share/tas2/world/gazeboModels/pc/meshes/Material.001_baseColor.png
[1.118s] -- Up-to-date: /home/group_c/tas2-software/install/tas2/share/tas2/world/gazeboModels/pc/meshes/pc.dae
[1.118s] -- Up-to-date: /home/group_c/tas2-software/install/tas2/share/tas2/world/gazeboModels/pc/model.config
[1.119s] -- Up-to-date: /home/group_c/tas2-software/install/tas2/share/tas2/world/gazeboModels/pc/model.sdf
[1.119s] -- Up-to-date: /home/group_c/tas2-software/install/tas2/share/tas2/world/basement.world
[1.119s] -- Up-to-date: /home/group_c/tas2-software/install/tas2/share/ament_index/resource_index/package_run_dependencies/tas2
[1.119s] -- Up-to-date: /home/group_c/tas2-software/install/tas2/share/ament_index/resource_index/parent_prefix_path/tas2
[1.119s] -- Up-to-date: /home/group_c/tas2-software/install/tas2/share/tas2/environment/ament_prefix_path.sh
[1.119s] -- Up-to-date: /home/group_c/tas2-software/install/tas2/share/tas2/environment/ament_prefix_path.dsv
[1.119s] -- Up-to-date: /home/group_c/tas2-software/install/tas2/share/tas2/environment/path.sh
[1.119s] -- Up-to-date: /home/group_c/tas2-software/install/tas2/share/tas2/environment/path.dsv
[1.122s] -- Up-to-date: /home/group_c/tas2-software/install/tas2/share/tas2/local_setup.bash
[1.127s] -- Up-to-date: /home/group_c/tas2-software/install/tas2/share/tas2/local_setup.sh
[1.127s] -- Up-to-date: /home/group_c/tas2-software/install/tas2/share/tas2/local_setup.zsh
[1.127s] -- Up-to-date: /home/group_c/tas2-software/install/tas2/share/tas2/local_setup.dsv
[1.127s] -- Installing: /home/group_c/tas2-software/install/tas2/share/tas2/package.dsv
[1.127s] -- Up-to-date: /home/group_c/tas2-software/install/tas2/share/ament_index/resource_index/packages/tas2
[1.127s] -- Up-to-date: /home/group_c/tas2-software/install/tas2/share/tas2/cmake/tas2Config.cmake
[1.127s] -- Up-to-date: /home/group_c/tas2-software/install/tas2/share/tas2/cmake/tas2Config-version.cmake
[1.128s] -- Up-to-date: /home/group_c/tas2-software/install/tas2/share/tas2/package.xml
[1.128s] Invoked command in '/home/group_c/tas2-software/build/tas2' returned '0': CMAKE_PREFIX_PATH=${CMAKE_PREFIX_PATH}:/home/group_c/tas2-software/install/tas_hardware:/home/group_c/tas2-software/install/object_tracker:/opt/ros/humble /usr/bin/cmake --install /home/group_c/tas2-software/build/tas2
