[1.327s] DEBUG:colcon:Command line arguments: ['/usr/bin/colcon', 'build']
[1.327s] DEBUG:colcon:Parsed command line arguments: Namespace(log_base=None, log_level=None, verb_name='build', build_base='build', install_base='install', merge_install=False, symlink_install=False, test_result_base=None, continue_on_error=False, executor='parallel', parallel_workers=4, event_handlers=None, ignore_user_meta=False, metas=['./colcon.meta'], base_paths=['.'], packages_ignore=None, packages_ignore_regex=None, paths=None, packages_up_to=None, packages_up_to_regex=None, packages_above=None, packages_above_and_dependencies=None, packages_above_depth=None, packages_select_by_dep=None, packages_skip_by_dep=None, packages_skip_up_to=None, packages_select_build_failed=False, packages_skip_build_finished=False, packages_select_test_failures=False, packages_skip_test_passed=False, packages_select=None, packages_skip=None, packages_select_regex=None, packages_skip_regex=None, packages_start=None, packages_end=None, allow_overriding=[], cmake_args=None, cmake_target=None, cmake_target_skip_unavailable=False, cmake_clean_cache=False, cmake_clean_first=False, cmake_force_configure=False, ament_cmake_args=None, catkin_cmake_args=None, catkin_skip_building_tests=False, verb_parser=<colcon_defaults.argument_parser.defaults.DefaultArgumentsDecorator object at 0x7f2d96e2dfc0>, verb_extension=<colcon_core.verb.build.BuildVerb object at 0x7f2d972dfac0>, main=<bound method BuildVerb.main of <colcon_core.verb.build.BuildVerb object at 0x7f2d972dfac0>>)
[1.397s] Level 1:colcon.colcon_core.package_discovery:discover_packages(colcon_meta) check parameters
[1.397s] Level 1:colcon.colcon_core.package_discovery:discover_packages(recursive) check parameters
[1.397s] Level 1:colcon.colcon_core.package_discovery:discover_packages(ignore) check parameters
[1.397s] Level 1:colcon.colcon_core.package_discovery:discover_packages(path) check parameters
[1.397s] Level 1:colcon.colcon_core.package_discovery:discover_packages(colcon_meta) discover
[1.397s] Level 1:colcon.colcon_core.package_discovery:discover_packages(recursive) discover
[1.397s] INFO:colcon.colcon_core.package_discovery:Crawling recursively for packages in '/home/group_c/tas2-software'
[1.398s] Level 1:colcon.colcon_core.package_identification:_identify(.) by extensions ['ignore', 'ignore_ament_install']
[1.398s] Level 1:colcon.colcon_core.package_identification:_identify(.) by extension 'ignore'
[1.398s] Level 1:colcon.colcon_core.package_identification:_identify(.) by extension 'ignore_ament_install'
[1.398s] Level 1:colcon.colcon_core.package_identification:_identify(.) by extensions ['colcon_pkg']
[1.398s] Level 1:colcon.colcon_core.package_identification:_identify(.) by extension 'colcon_pkg'
[1.398s] Level 1:colcon.colcon_core.package_identification:_identify(.) by extensions ['colcon_meta']
[1.398s] Level 1:colcon.colcon_core.package_identification:_identify(.) by extension 'colcon_meta'
[1.398s] Level 1:colcon.colcon_core.package_identification:_identify(.) by extensions ['ros']
[1.398s] Level 1:colcon.colcon_core.package_identification:_identify(.) by extension 'ros'
[1.417s] Level 1:colcon.colcon_core.package_identification:_identify(.) by extensions ['cmake', 'python']
[1.418s] Level 1:colcon.colcon_core.package_identification:_identify(.) by extension 'cmake'
[1.418s] Level 1:colcon.colcon_core.package_identification:_identify(.) by extension 'python'
[1.418s] Level 1:colcon.colcon_core.package_identification:_identify(.) by extensions ['python_setup_py']
[1.418s] Level 1:colcon.colcon_core.package_identification:_identify(.) by extension 'python_setup_py'
[1.418s] Level 1:colcon.colcon_core.package_identification:_identify(build) by extensions ['ignore', 'ignore_ament_install']
[1.418s] Level 1:colcon.colcon_core.package_identification:_identify(build) by extension 'ignore'
[1.419s] Level 1:colcon.colcon_core.package_identification:_identify(build) ignored
[1.419s] Level 1:colcon.colcon_core.package_identification:_identify(hardware) by extensions ['ignore', 'ignore_ament_install']
[1.419s] Level 1:colcon.colcon_core.package_identification:_identify(hardware) by extension 'ignore'
[1.419s] Level 1:colcon.colcon_core.package_identification:_identify(hardware) by extension 'ignore_ament_install'
[1.419s] Level 1:colcon.colcon_core.package_identification:_identify(hardware) by extensions ['colcon_pkg']
[1.419s] Level 1:colcon.colcon_core.package_identification:_identify(hardware) by extension 'colcon_pkg'
[1.419s] Level 1:colcon.colcon_core.package_identification:_identify(hardware) by extensions ['colcon_meta']
[1.419s] Level 1:colcon.colcon_core.package_identification:_identify(hardware) by extension 'colcon_meta'
[1.420s] Level 1:colcon.colcon_core.package_identification:_identify(hardware) by extensions ['ros']
[1.420s] Level 1:colcon.colcon_core.package_identification:_identify(hardware) by extension 'ros'
[1.420s] Level 1:colcon.colcon_core.package_identification:_identify(hardware) by extensions ['cmake', 'python']
[1.420s] Level 1:colcon.colcon_core.package_identification:_identify(hardware) by extension 'cmake'
[1.420s] Level 1:colcon.colcon_core.package_identification:_identify(hardware) by extension 'python'
[1.420s] Level 1:colcon.colcon_core.package_identification:_identify(hardware) by extensions ['python_setup_py']
[1.420s] Level 1:colcon.colcon_core.package_identification:_identify(hardware) by extension 'python_setup_py'
[1.420s] Level 1:colcon.colcon_core.package_identification:_identify(hardware/Aruino_TestHardware) by extensions ['ignore', 'ignore_ament_install']
[1.420s] Level 1:colcon.colcon_core.package_identification:_identify(hardware/Aruino_TestHardware) by extension 'ignore'
[1.421s] Level 1:colcon.colcon_core.package_identification:_identify(hardware/Aruino_TestHardware) by extension 'ignore_ament_install'
[1.421s] Level 1:colcon.colcon_core.package_identification:_identify(hardware/Aruino_TestHardware) by extensions ['colcon_pkg']
[1.421s] Level 1:colcon.colcon_core.package_identification:_identify(hardware/Aruino_TestHardware) by extension 'colcon_pkg'
[1.421s] Level 1:colcon.colcon_core.package_identification:_identify(hardware/Aruino_TestHardware) by extensions ['colcon_meta']
[1.421s] Level 1:colcon.colcon_core.package_identification:_identify(hardware/Aruino_TestHardware) by extension 'colcon_meta'
[1.421s] Level 1:colcon.colcon_core.package_identification:_identify(hardware/Aruino_TestHardware) by extensions ['ros']
[1.421s] Level 1:colcon.colcon_core.package_identification:_identify(hardware/Aruino_TestHardware) by extension 'ros'
[1.421s] Level 1:colcon.colcon_core.package_identification:_identify(hardware/Aruino_TestHardware) by extensions ['cmake', 'python']
[1.421s] Level 1:colcon.colcon_core.package_identification:_identify(hardware/Aruino_TestHardware) by extension 'cmake'
[1.421s] Level 1:colcon.colcon_core.package_identification:_identify(hardware/Aruino_TestHardware) by extension 'python'
[1.421s] Level 1:colcon.colcon_core.package_identification:_identify(hardware/Aruino_TestHardware) by extensions ['python_setup_py']
[1.421s] Level 1:colcon.colcon_core.package_identification:_identify(hardware/Aruino_TestHardware) by extension 'python_setup_py'
[1.422s] Level 1:colcon.colcon_core.package_identification:_identify(hardware/ESP_TASCar) by extensions ['ignore', 'ignore_ament_install']
[1.422s] Level 1:colcon.colcon_core.package_identification:_identify(hardware/ESP_TASCar) by extension 'ignore'
[1.422s] Level 1:colcon.colcon_core.package_identification:_identify(hardware/ESP_TASCar) by extension 'ignore_ament_install'
[1.422s] Level 1:colcon.colcon_core.package_identification:_identify(hardware/ESP_TASCar) by extensions ['colcon_pkg']
[1.422s] Level 1:colcon.colcon_core.package_identification:_identify(hardware/ESP_TASCar) by extension 'colcon_pkg'
[1.422s] Level 1:colcon.colcon_core.package_identification:_identify(hardware/ESP_TASCar) by extensions ['colcon_meta']
[1.422s] Level 1:colcon.colcon_core.package_identification:_identify(hardware/ESP_TASCar) by extension 'colcon_meta'
[1.422s] Level 1:colcon.colcon_core.package_identification:_identify(hardware/ESP_TASCar) by extensions ['ros']
[1.422s] Level 1:colcon.colcon_core.package_identification:_identify(hardware/ESP_TASCar) by extension 'ros'
[1.422s] Level 1:colcon.colcon_core.package_identification:_identify(hardware/ESP_TASCar) by extensions ['cmake', 'python']
[1.423s] Level 1:colcon.colcon_core.package_identification:_identify(hardware/ESP_TASCar) by extension 'cmake'
[1.423s] Level 1:colcon.colcon_core.package_identification:_identify(hardware/ESP_TASCar) by extension 'python'
[1.423s] Level 1:colcon.colcon_core.package_identification:_identify(hardware/ESP_TASCar) by extensions ['python_setup_py']
[1.423s] Level 1:colcon.colcon_core.package_identification:_identify(hardware/ESP_TASCar) by extension 'python_setup_py'
[1.423s] Level 1:colcon.colcon_core.package_identification:_identify(img) by extensions ['ignore', 'ignore_ament_install']
[1.423s] Level 1:colcon.colcon_core.package_identification:_identify(img) by extension 'ignore'
[1.423s] Level 1:colcon.colcon_core.package_identification:_identify(img) by extension 'ignore_ament_install'
[1.423s] Level 1:colcon.colcon_core.package_identification:_identify(img) by extensions ['colcon_pkg']
[1.423s] Level 1:colcon.colcon_core.package_identification:_identify(img) by extension 'colcon_pkg'
[1.423s] Level 1:colcon.colcon_core.package_identification:_identify(img) by extensions ['colcon_meta']
[1.423s] Level 1:colcon.colcon_core.package_identification:_identify(img) by extension 'colcon_meta'
[1.423s] Level 1:colcon.colcon_core.package_identification:_identify(img) by extensions ['ros']
[1.423s] Level 1:colcon.colcon_core.package_identification:_identify(img) by extension 'ros'
[1.424s] Level 1:colcon.colcon_core.package_identification:_identify(img) by extensions ['cmake', 'python']
[1.424s] Level 1:colcon.colcon_core.package_identification:_identify(img) by extension 'cmake'
[1.424s] Level 1:colcon.colcon_core.package_identification:_identify(img) by extension 'python'
[1.424s] Level 1:colcon.colcon_core.package_identification:_identify(img) by extensions ['python_setup_py']
[1.424s] Level 1:colcon.colcon_core.package_identification:_identify(img) by extension 'python_setup_py'
[1.424s] Level 1:colcon.colcon_core.package_identification:_identify(install) by extensions ['ignore', 'ignore_ament_install']
[1.424s] Level 1:colcon.colcon_core.package_identification:_identify(install) by extension 'ignore'
[1.424s] Level 1:colcon.colcon_core.package_identification:_identify(install) ignored
[1.424s] Level 1:colcon.colcon_core.package_identification:_identify(log) by extensions ['ignore', 'ignore_ament_install']
[1.424s] Level 1:colcon.colcon_core.package_identification:_identify(log) by extension 'ignore'
[1.424s] Level 1:colcon.colcon_core.package_identification:_identify(log) ignored
[1.424s] Level 1:colcon.colcon_core.package_identification:_identify(src) by extensions ['ignore', 'ignore_ament_install']
[1.425s] Level 1:colcon.colcon_core.package_identification:_identify(src) by extension 'ignore'
[1.425s] Level 1:colcon.colcon_core.package_identification:_identify(src) by extension 'ignore_ament_install'
[1.425s] Level 1:colcon.colcon_core.package_identification:_identify(src) by extensions ['colcon_pkg']
[1.425s] Level 1:colcon.colcon_core.package_identification:_identify(src) by extension 'colcon_pkg'
[1.425s] Level 1:colcon.colcon_core.package_identification:_identify(src) by extensions ['colcon_meta']
[1.425s] Level 1:colcon.colcon_core.package_identification:_identify(src) by extension 'colcon_meta'
[1.425s] Level 1:colcon.colcon_core.package_identification:_identify(src) by extensions ['ros']
[1.425s] Level 1:colcon.colcon_core.package_identification:_identify(src) by extension 'ros'
[1.425s] Level 1:colcon.colcon_core.package_identification:_identify(src) by extensions ['cmake', 'python']
[1.425s] Level 1:colcon.colcon_core.package_identification:_identify(src) by extension 'cmake'
[1.425s] Level 1:colcon.colcon_core.package_identification:_identify(src) by extension 'python'
[1.425s] Level 1:colcon.colcon_core.package_identification:_identify(src) by extensions ['python_setup_py']
[1.425s] Level 1:colcon.colcon_core.package_identification:_identify(src) by extension 'python_setup_py'
[1.425s] Level 1:colcon.colcon_core.package_identification:_identify(src/csm) by extensions ['ignore', 'ignore_ament_install']
[1.426s] Level 1:colcon.colcon_core.package_identification:_identify(src/csm) by extension 'ignore'
[1.426s] Level 1:colcon.colcon_core.package_identification:_identify(src/csm) by extension 'ignore_ament_install'
[1.426s] Level 1:colcon.colcon_core.package_identification:_identify(src/csm) by extensions ['colcon_pkg']
[1.426s] Level 1:colcon.colcon_core.package_identification:_identify(src/csm) by extension 'colcon_pkg'
[1.426s] Level 1:colcon.colcon_core.package_identification:_identify(src/csm) by extensions ['colcon_meta']
[1.426s] Level 1:colcon.colcon_core.package_identification:_identify(src/csm) by extension 'colcon_meta'
[1.426s] Level 1:colcon.colcon_core.package_identification:_identify(src/csm) by extensions ['ros']
[1.426s] Level 1:colcon.colcon_core.package_identification:_identify(src/csm) by extension 'ros'
[1.429s] DEBUG:colcon.colcon_core.package_identification:Package 'src/csm' with type 'ros.ament_cmake' and name 'csm'
[1.429s] Level 1:colcon.colcon_core.package_identification:_identify(src/object_tracker) by extensions ['ignore', 'ignore_ament_install']
[1.429s] Level 1:colcon.colcon_core.package_identification:_identify(src/object_tracker) by extension 'ignore'
[1.430s] Level 1:colcon.colcon_core.package_identification:_identify(src/object_tracker) by extension 'ignore_ament_install'
[1.430s] Level 1:colcon.colcon_core.package_identification:_identify(src/object_tracker) by extensions ['colcon_pkg']
[1.430s] Level 1:colcon.colcon_core.package_identification:_identify(src/object_tracker) by extension 'colcon_pkg'
[1.430s] Level 1:colcon.colcon_core.package_identification:_identify(src/object_tracker) by extensions ['colcon_meta']
[1.430s] Level 1:colcon.colcon_core.package_identification:_identify(src/object_tracker) by extension 'colcon_meta'
[1.430s] Level 1:colcon.colcon_core.package_identification:_identify(src/object_tracker) by extensions ['ros']
[1.430s] Level 1:colcon.colcon_core.package_identification:_identify(src/object_tracker) by extension 'ros'
[1.431s] DEBUG:colcon.colcon_core.package_identification:Package 'src/object_tracker' with type 'ros.ament_python' and name 'object_tracker'
[1.431s] Level 1:colcon.colcon_core.package_identification:_identify(src/ros2_laser_scan_matcher) by extensions ['ignore', 'ignore_ament_install']
[1.431s] Level 1:colcon.colcon_core.package_identification:_identify(src/ros2_laser_scan_matcher) by extension 'ignore'
[1.431s] Level 1:colcon.colcon_core.package_identification:_identify(src/ros2_laser_scan_matcher) by extension 'ignore_ament_install'
[1.431s] Level 1:colcon.colcon_core.package_identification:_identify(src/ros2_laser_scan_matcher) by extensions ['colcon_pkg']
[1.431s] Level 1:colcon.colcon_core.package_identification:_identify(src/ros2_laser_scan_matcher) by extension 'colcon_pkg'
[1.431s] Level 1:colcon.colcon_core.package_identification:_identify(src/ros2_laser_scan_matcher) by extensions ['colcon_meta']
[1.431s] Level 1:colcon.colcon_core.package_identification:_identify(src/ros2_laser_scan_matcher) by extension 'colcon_meta'
[1.431s] Level 1:colcon.colcon_core.package_identification:_identify(src/ros2_laser_scan_matcher) by extensions ['ros']
[1.431s] Level 1:colcon.colcon_core.package_identification:_identify(src/ros2_laser_scan_matcher) by extension 'ros'
[1.432s] DEBUG:colcon.colcon_core.package_identification:Package 'src/ros2_laser_scan_matcher' with type 'ros.ament_cmake' and name 'ros2_laser_scan_matcher'
[1.433s] Level 1:colcon.colcon_core.package_identification:_identify(src/tas2) by extensions ['ignore', 'ignore_ament_install']
[1.433s] Level 1:colcon.colcon_core.package_identification:_identify(src/tas2) by extension 'ignore'
[1.433s] Level 1:colcon.colcon_core.package_identification:_identify(src/tas2) by extension 'ignore_ament_install'
[1.433s] Level 1:colcon.colcon_core.package_identification:_identify(src/tas2) by extensions ['colcon_pkg']
[1.433s] Level 1:colcon.colcon_core.package_identification:_identify(src/tas2) by extension 'colcon_pkg'
[1.433s] Level 1:colcon.colcon_core.package_identification:_identify(src/tas2) by extensions ['colcon_meta']
[1.433s] Level 1:colcon.colcon_core.package_identification:_identify(src/tas2) by extension 'colcon_meta'
[1.433s] Level 1:colcon.colcon_core.package_identification:_identify(src/tas2) by extensions ['ros']
[1.433s] Level 1:colcon.colcon_core.package_identification:_identify(src/tas2) by extension 'ros'
[1.434s] DEBUG:colcon.colcon_core.package_identification:Package 'src/tas2' with type 'ros.ament_cmake' and name 'tas2'
[1.434s] Level 1:colcon.colcon_core.package_identification:_identify(src/tas_hardware) by extensions ['ignore', 'ignore_ament_install']
[1.434s] Level 1:colcon.colcon_core.package_identification:_identify(src/tas_hardware) by extension 'ignore'
[1.434s] Level 1:colcon.colcon_core.package_identification:_identify(src/tas_hardware) by extension 'ignore_ament_install'
[1.434s] Level 1:colcon.colcon_core.package_identification:_identify(src/tas_hardware) by extensions ['colcon_pkg']
[1.434s] Level 1:colcon.colcon_core.package_identification:_identify(src/tas_hardware) by extension 'colcon_pkg'
[1.434s] Level 1:colcon.colcon_core.package_identification:_identify(src/tas_hardware) by extensions ['colcon_meta']
[1.434s] Level 1:colcon.colcon_core.package_identification:_identify(src/tas_hardware) by extension 'colcon_meta'
[1.434s] Level 1:colcon.colcon_core.package_identification:_identify(src/tas_hardware) by extensions ['ros']
[1.434s] Level 1:colcon.colcon_core.package_identification:_identify(src/tas_hardware) by extension 'ros'
[1.435s] DEBUG:colcon.colcon_core.package_identification:Package 'src/tas_hardware' with type 'ros.ament_python' and name 'tas_hardware'
[1.435s] Level 1:colcon.colcon_core.package_identification:_identify(src/urg_node2) by extensions ['ignore', 'ignore_ament_install']
[1.435s] Level 1:colcon.colcon_core.package_identification:_identify(src/urg_node2) by extension 'ignore'
[1.435s] Level 1:colcon.colcon_core.package_identification:_identify(src/urg_node2) by extension 'ignore_ament_install'
[1.435s] Level 1:colcon.colcon_core.package_identification:_identify(src/urg_node2) by extensions ['colcon_pkg']
[1.435s] Level 1:colcon.colcon_core.package_identification:_identify(src/urg_node2) by extension 'colcon_pkg'
[1.435s] Level 1:colcon.colcon_core.package_identification:_identify(src/urg_node2) by extensions ['colcon_meta']
[1.435s] Level 1:colcon.colcon_core.package_identification:_identify(src/urg_node2) by extension 'colcon_meta'
[1.435s] Level 1:colcon.colcon_core.package_identification:_identify(src/urg_node2) by extensions ['ros']
[1.436s] Level 1:colcon.colcon_core.package_identification:_identify(src/urg_node2) by extension 'ros'
[1.437s] DEBUG:colcon.colcon_core.package_identification:Package 'src/urg_node2' with type 'ros.ament_cmake' and name 'urg_node2'
[1.438s] Level 1:colcon.colcon_core.package_discovery:discover_packages(recursive) using defaults
[1.438s] Level 1:colcon.colcon_core.package_discovery:discover_packages(ignore) discover
[1.438s] Level 1:colcon.colcon_core.package_discovery:discover_packages(ignore) using defaults
[1.438s] Level 1:colcon.colcon_core.package_discovery:discover_packages(path) discover
[1.438s] Level 1:colcon.colcon_core.package_discovery:discover_packages(path) using defaults
[1.558s] Level 1:colcon.colcon_core.package_discovery:discover_packages(prefix_path) check parameters
[1.558s] Level 1:colcon.colcon_core.package_discovery:discover_packages(prefix_path) discover
[1.596s] DEBUG:colcon.colcon_installed_package_information.package_discovery:Found 6 installed packages in /home/group_c/tas2-software/install
[1.616s] DEBUG:colcon.colcon_installed_package_information.package_discovery:Found 379 installed packages in /opt/ros/humble
[1.618s] Level 1:colcon.colcon_core.package_discovery:discover_packages(prefix_path) using defaults
[1.734s] Level 5:colcon.colcon_core.verb:set package 'csm' build argument 'cmake_args' from command line to 'None'
[1.735s] Level 5:colcon.colcon_core.verb:set package 'csm' build argument 'cmake_target' from command line to 'None'
[1.735s] Level 5:colcon.colcon_core.verb:set package 'csm' build argument 'cmake_target_skip_unavailable' from command line to 'False'
[1.735s] Level 5:colcon.colcon_core.verb:set package 'csm' build argument 'cmake_clean_cache' from command line to 'False'
[1.735s] Level 5:colcon.colcon_core.verb:set package 'csm' build argument 'cmake_clean_first' from command line to 'False'
[1.735s] Level 5:colcon.colcon_core.verb:set package 'csm' build argument 'cmake_force_configure' from command line to 'False'
[1.735s] Level 5:colcon.colcon_core.verb:set package 'csm' build argument 'ament_cmake_args' from command line to 'None'
[1.735s] Level 5:colcon.colcon_core.verb:set package 'csm' build argument 'catkin_cmake_args' from command line to 'None'
[1.735s] Level 5:colcon.colcon_core.verb:set package 'csm' build argument 'catkin_skip_building_tests' from command line to 'False'
[1.735s] DEBUG:colcon.colcon_core.verb:Building package 'csm' with the following arguments: {'ament_cmake_args': None, 'build_base': '/home/group_c/tas2-software/build/csm', 'catkin_cmake_args': None, 'catkin_skip_building_tests': False, 'cmake_args': None, 'cmake_clean_cache': False, 'cmake_clean_first': False, 'cmake_force_configure': False, 'cmake_target': None, 'cmake_target_skip_unavailable': False, 'install_base': '/home/group_c/tas2-software/install/csm', 'merge_install': False, 'path': '/home/group_c/tas2-software/src/csm', 'symlink_install': False, 'test_result_base': None}
[1.758s] Level 5:colcon.colcon_core.verb:set package 'object_tracker' build argument 'cmake_args' from command line to 'None'
[1.758s] Level 5:colcon.colcon_core.verb:set package 'object_tracker' build argument 'cmake_target' from command line to 'None'
[1.758s] Level 5:colcon.colcon_core.verb:set package 'object_tracker' build argument 'cmake_target_skip_unavailable' from command line to 'False'
[1.758s] Level 5:colcon.colcon_core.verb:set package 'object_tracker' build argument 'cmake_clean_cache' from command line to 'False'
[1.758s] Level 5:colcon.colcon_core.verb:set package 'object_tracker' build argument 'cmake_clean_first' from command line to 'False'
[1.758s] Level 5:colcon.colcon_core.verb:set package 'object_tracker' build argument 'cmake_force_configure' from command line to 'False'
[1.758s] Level 5:colcon.colcon_core.verb:set package 'object_tracker' build argument 'ament_cmake_args' from command line to 'None'
[1.758s] Level 5:colcon.colcon_core.verb:set package 'object_tracker' build argument 'catkin_cmake_args' from command line to 'None'
[1.758s] Level 5:colcon.colcon_core.verb:set package 'object_tracker' build argument 'catkin_skip_building_tests' from command line to 'False'
[1.758s] DEBUG:colcon.colcon_core.verb:Building package 'object_tracker' with the following arguments: {'ament_cmake_args': None, 'build_base': '/home/group_c/tas2-software/build/object_tracker', 'catkin_cmake_args': None, 'catkin_skip_building_tests': False, 'cmake_args': None, 'cmake_clean_cache': False, 'cmake_clean_first': False, 'cmake_force_configure': False, 'cmake_target': None, 'cmake_target_skip_unavailable': False, 'install_base': '/home/group_c/tas2-software/install/object_tracker', 'merge_install': False, 'path': '/home/group_c/tas2-software/src/object_tracker', 'symlink_install': False, 'test_result_base': None}
[1.777s] Level 5:colcon.colcon_core.verb:set package 'tas2' build argument 'cmake_args' from command line to 'None'
[1.777s] Level 5:colcon.colcon_core.verb:set package 'tas2' build argument 'cmake_target' from command line to 'None'
[1.777s] Level 5:colcon.colcon_core.verb:set package 'tas2' build argument 'cmake_target_skip_unavailable' from command line to 'False'
[1.777s] Level 5:colcon.colcon_core.verb:set package 'tas2' build argument 'cmake_clean_cache' from command line to 'False'
[1.778s] Level 5:colcon.colcon_core.verb:set package 'tas2' build argument 'cmake_clean_first' from command line to 'False'
[1.778s] Level 5:colcon.colcon_core.verb:set package 'tas2' build argument 'cmake_force_configure' from command line to 'False'
[1.778s] Level 5:colcon.colcon_core.verb:set package 'tas2' build argument 'ament_cmake_args' from command line to 'None'
[1.778s] Level 5:colcon.colcon_core.verb:set package 'tas2' build argument 'catkin_cmake_args' from command line to 'None'
[1.778s] Level 5:colcon.colcon_core.verb:set package 'tas2' build argument 'catkin_skip_building_tests' from command line to 'False'
[1.778s] DEBUG:colcon.colcon_core.verb:Building package 'tas2' with the following arguments: {'ament_cmake_args': None, 'build_base': '/home/group_c/tas2-software/build/tas2', 'catkin_cmake_args': None, 'catkin_skip_building_tests': False, 'cmake_args': None, 'cmake_clean_cache': False, 'cmake_clean_first': False, 'cmake_force_configure': False, 'cmake_target': None, 'cmake_target_skip_unavailable': False, 'install_base': '/home/group_c/tas2-software/install/tas2', 'merge_install': False, 'path': '/home/group_c/tas2-software/src/tas2', 'symlink_install': False, 'test_result_base': None}
[1.795s] Level 5:colcon.colcon_core.verb:set package 'tas_hardware' build argument 'cmake_args' from command line to 'None'
[1.795s] Level 5:colcon.colcon_core.verb:set package 'tas_hardware' build argument 'cmake_target' from command line to 'None'
[1.796s] Level 5:colcon.colcon_core.verb:set package 'tas_hardware' build argument 'cmake_target_skip_unavailable' from command line to 'False'
[1.796s] Level 5:colcon.colcon_core.verb:set package 'tas_hardware' build argument 'cmake_clean_cache' from command line to 'False'
[1.796s] Level 5:colcon.colcon_core.verb:set package 'tas_hardware' build argument 'cmake_clean_first' from command line to 'False'
[1.796s] Level 5:colcon.colcon_core.verb:set package 'tas_hardware' build argument 'cmake_force_configure' from command line to 'False'
[1.796s] Level 5:colcon.colcon_core.verb:set package 'tas_hardware' build argument 'ament_cmake_args' from command line to 'None'
[1.796s] Level 5:colcon.colcon_core.verb:set package 'tas_hardware' build argument 'catkin_cmake_args' from command line to 'None'
[1.796s] Level 5:colcon.colcon_core.verb:set package 'tas_hardware' build argument 'catkin_skip_building_tests' from command line to 'False'
[1.796s] DEBUG:colcon.colcon_core.verb:Building package 'tas_hardware' with the following arguments: {'ament_cmake_args': None, 'build_base': '/home/group_c/tas2-software/build/tas_hardware', 'catkin_cmake_args': None, 'catkin_skip_building_tests': False, 'cmake_args': None, 'cmake_clean_cache': False, 'cmake_clean_first': False, 'cmake_force_configure': False, 'cmake_target': None, 'cmake_target_skip_unavailable': False, 'install_base': '/home/group_c/tas2-software/install/tas_hardware', 'merge_install': False, 'path': '/home/group_c/tas2-software/src/tas_hardware', 'symlink_install': False, 'test_result_base': None}
[1.814s] Level 5:colcon.colcon_core.verb:set package 'urg_node2' build argument 'cmake_args' from command line to 'None'
[1.814s] Level 5:colcon.colcon_core.verb:set package 'urg_node2' build argument 'cmake_target' from command line to 'None'
[1.814s] Level 5:colcon.colcon_core.verb:set package 'urg_node2' build argument 'cmake_target_skip_unavailable' from command line to 'False'
[1.814s] Level 5:colcon.colcon_core.verb:set package 'urg_node2' build argument 'cmake_clean_cache' from command line to 'False'
[1.814s] Level 5:colcon.colcon_core.verb:set package 'urg_node2' build argument 'cmake_clean_first' from command line to 'False'
[1.814s] Level 5:colcon.colcon_core.verb:set package 'urg_node2' build argument 'cmake_force_configure' from command line to 'False'
[1.815s] Level 5:colcon.colcon_core.verb:set package 'urg_node2' build argument 'ament_cmake_args' from command line to 'None'
[1.815s] Level 5:colcon.colcon_core.verb:set package 'urg_node2' build argument 'catkin_cmake_args' from command line to 'None'
[1.815s] Level 5:colcon.colcon_core.verb:set package 'urg_node2' build argument 'catkin_skip_building_tests' from command line to 'False'
[1.815s] DEBUG:colcon.colcon_core.verb:Building package 'urg_node2' with the following arguments: {'ament_cmake_args': None, 'build_base': '/home/group_c/tas2-software/build/urg_node2', 'catkin_cmake_args': None, 'catkin_skip_building_tests': False, 'cmake_args': None, 'cmake_clean_cache': False, 'cmake_clean_first': False, 'cmake_force_configure': False, 'cmake_target': None, 'cmake_target_skip_unavailable': False, 'install_base': '/home/group_c/tas2-software/install/urg_node2', 'merge_install': False, 'path': '/home/group_c/tas2-software/src/urg_node2', 'symlink_install': False, 'test_result_base': None}
[1.834s] Level 5:colcon.colcon_core.verb:set package 'ros2_laser_scan_matcher' build argument 'cmake_args' from command line to 'None'
[1.834s] Level 5:colcon.colcon_core.verb:set package 'ros2_laser_scan_matcher' build argument 'cmake_target' from command line to 'None'
[1.834s] Level 5:colcon.colcon_core.verb:set package 'ros2_laser_scan_matcher' build argument 'cmake_target_skip_unavailable' from command line to 'False'
[1.834s] Level 5:colcon.colcon_core.verb:set package 'ros2_laser_scan_matcher' build argument 'cmake_clean_cache' from command line to 'False'
[1.834s] Level 5:colcon.colcon_core.verb:set package 'ros2_laser_scan_matcher' build argument 'cmake_clean_first' from command line to 'False'
[1.834s] Level 5:colcon.colcon_core.verb:set package 'ros2_laser_scan_matcher' build argument 'cmake_force_configure' from command line to 'False'
[1.834s] Level 5:colcon.colcon_core.verb:set package 'ros2_laser_scan_matcher' build argument 'ament_cmake_args' from command line to 'None'
[1.834s] Level 5:colcon.colcon_core.verb:set package 'ros2_laser_scan_matcher' build argument 'catkin_cmake_args' from command line to 'None'
[1.834s] Level 5:colcon.colcon_core.verb:set package 'ros2_laser_scan_matcher' build argument 'catkin_skip_building_tests' from command line to 'False'
[1.835s] DEBUG:colcon.colcon_core.verb:Building package 'ros2_laser_scan_matcher' with the following arguments: {'ament_cmake_args': None, 'build_base': '/home/group_c/tas2-software/build/ros2_laser_scan_matcher', 'catkin_cmake_args': None, 'catkin_skip_building_tests': False, 'cmake_args': None, 'cmake_clean_cache': False, 'cmake_clean_first': False, 'cmake_force_configure': False, 'cmake_target': None, 'cmake_target_skip_unavailable': False, 'install_base': '/home/group_c/tas2-software/install/ros2_laser_scan_matcher', 'merge_install': False, 'path': '/home/group_c/tas2-software/src/ros2_laser_scan_matcher', 'symlink_install': False, 'test_result_base': None}
[1.854s] INFO:colcon.colcon_core.executor:Executing jobs using 'parallel' executor
[1.875s] DEBUG:colcon.colcon_parallel_executor.executor.parallel:run_until_complete
[1.875s] INFO:colcon.colcon_ros.task.ament_cmake.build:Building ROS package in '/home/group_c/tas2-software/src/csm' with build type 'ament_cmake'
[1.875s] INFO:colcon.colcon_cmake.task.cmake.build:Building CMake package in '/home/group_c/tas2-software/src/csm'
[1.904s] INFO:colcon.colcon_core.plugin_system:Skipping extension 'colcon_core.shell.bat': Not used on non-Windows systems
[1.905s] INFO:colcon.colcon_core.shell:Skip shell extension 'powershell' for command environment: Not usable outside of PowerShell
[1.905s] DEBUG:colcon.colcon_core.shell:Skip shell extension 'dsv' for command environment
[2.000s] INFO:colcon.colcon_ros.task.ament_python.build:Building ROS package in '/home/group_c/tas2-software/src/object_tracker' with build type 'ament_python'
[2.001s] Level 1:colcon.colcon_core.shell:create_environment_hook('object_tracker', 'ament_prefix_path')
[2.031s] INFO:colcon.colcon_core.shell:Creating environment hook '/home/group_c/tas2-software/install/object_tracker/share/object_tracker/hook/ament_prefix_path.ps1'
[2.032s] INFO:colcon.colcon_core.shell:Creating environment descriptor '/home/group_c/tas2-software/install/object_tracker/share/object_tracker/hook/ament_prefix_path.dsv'
[2.033s] INFO:colcon.colcon_core.shell:Creating environment hook '/home/group_c/tas2-software/install/object_tracker/share/object_tracker/hook/ament_prefix_path.sh'
[2.066s] INFO:colcon.colcon_core.shell:Skip shell extension 'powershell' for command environment: Not usable outside of PowerShell
[2.066s] DEBUG:colcon.colcon_core.shell:Skip shell extension 'dsv' for command environment
[2.138s] INFO:colcon.colcon_ros.task.ament_cmake.build:Building ROS package in '/home/group_c/tas2-software/src/tas2' with build type 'ament_cmake'
[2.139s] INFO:colcon.colcon_cmake.task.cmake.build:Building CMake package in '/home/group_c/tas2-software/src/tas2'
[2.162s] INFO:colcon.colcon_core.shell:Skip shell extension 'powershell' for command environment: Not usable outside of PowerShell
[2.162s] DEBUG:colcon.colcon_core.shell:Skip shell extension 'dsv' for command environment
[2.229s] INFO:colcon.colcon_ros.task.ament_python.build:Building ROS package in '/home/group_c/tas2-software/src/tas_hardware' with build type 'ament_python'
[2.229s] Level 1:colcon.colcon_core.shell:create_environment_hook('tas_hardware', 'ament_prefix_path')
[2.251s] INFO:colcon.colcon_core.shell:Creating environment hook '/home/group_c/tas2-software/install/tas_hardware/share/tas_hardware/hook/ament_prefix_path.ps1'
[2.251s] INFO:colcon.colcon_core.shell:Creating environment descriptor '/home/group_c/tas2-software/install/tas_hardware/share/tas_hardware/hook/ament_prefix_path.dsv'
[2.252s] INFO:colcon.colcon_core.shell:Creating environment hook '/home/group_c/tas2-software/install/tas_hardware/share/tas_hardware/hook/ament_prefix_path.sh'
[2.273s] INFO:colcon.colcon_core.shell:Skip shell extension 'powershell' for command environment: Not usable outside of PowerShell
[2.273s] DEBUG:colcon.colcon_core.shell:Skip shell extension 'dsv' for command environment
[2.353s] DEBUG:colcon.colcon_core.event_handler.log_command:Invoking command in '/home/group_c/tas2-software/build/csm': CMAKE_PREFIX_PATH=${CMAKE_PREFIX_PATH}:/home/group_c/tas2-software/install/tas_hardware:/home/group_c/tas2-software/install/object_tracker:/opt/ros/humble /usr/bin/cmake --build /home/group_c/tas2-software/build/csm -- -j4 -l4
[2.639s] INFO:colcon.colcon_core.task.python.build:Building Python package in '/home/group_c/tas2-software/src/object_tracker'
[2.657s] INFO:colcon.colcon_core.shell:Skip shell extension 'powershell' for command environment: Not usable outside of PowerShell
[2.657s] DEBUG:colcon.colcon_core.shell:Skip shell extension 'dsv' for command environment
[2.725s] DEBUG:colcon.colcon_core.event_handler.log_command:Invoking command in '/home/group_c/tas2-software/build/tas2': CMAKE_PREFIX_PATH=${CMAKE_PREFIX_PATH}:/home/group_c/tas2-software/install/tas_hardware:/home/group_c/tas2-software/install/object_tracker:/opt/ros/humble /usr/bin/cmake --build /home/group_c/tas2-software/build/tas2 -- -j4 -l4
[2.986s] INFO:colcon.colcon_core.task.python.build:Building Python package in '/home/group_c/tas2-software/src/tas_hardware'
[3.008s] INFO:colcon.colcon_core.shell:Skip shell extension 'powershell' for command environment: Not usable outside of PowerShell
[3.008s] DEBUG:colcon.colcon_core.shell:Skip shell extension 'dsv' for command environment
[3.077s] DEBUG:colcon.colcon_core.event_handler.log_command:Invoked command in '/home/group_c/tas2-software/build/csm' returned '0': CMAKE_PREFIX_PATH=${CMAKE_PREFIX_PATH}:/home/group_c/tas2-software/install/tas_hardware:/home/group_c/tas2-software/install/object_tracker:/opt/ros/humble /usr/bin/cmake --build /home/group_c/tas2-software/build/csm -- -j4 -l4
[3.091s] DEBUG:colcon.colcon_core.event_handler.log_command:Invoked command in '/home/group_c/tas2-software/build/tas2' returned '0': CMAKE_PREFIX_PATH=${CMAKE_PREFIX_PATH}:/home/group_c/tas2-software/install/tas_hardware:/home/group_c/tas2-software/install/object_tracker:/opt/ros/humble /usr/bin/cmake --build /home/group_c/tas2-software/build/tas2 -- -j4 -l4
[3.163s] DEBUG:colcon.colcon_core.event_handler.log_command:Invoking command in '/home/group_c/tas2-software/build/tas2': CMAKE_PREFIX_PATH=${CMAKE_PREFIX_PATH}:/home/group_c/tas2-software/install/tas_hardware:/home/group_c/tas2-software/install/object_tracker:/opt/ros/humble /usr/bin/cmake --install /home/group_c/tas2-software/build/tas2
[3.236s] Level 1:colcon.colcon_core.environment:create_environment_scripts_only(tas2)
[3.266s] DEBUG:colcon.colcon_core.event_handler.log_command:Invoked command in '/home/group_c/tas2-software/build/tas2' returned '0': CMAKE_PREFIX_PATH=${CMAKE_PREFIX_PATH}:/home/group_c/tas2-software/install/tas_hardware:/home/group_c/tas2-software/install/object_tracker:/opt/ros/humble /usr/bin/cmake --install /home/group_c/tas2-software/build/tas2
[3.340s] Level 1:colcon.colcon_core.environment:checking '/home/group_c/tas2-software/install/tas2' for CMake module files
[3.341s] Level 1:colcon.colcon_core.environment:checking '/home/group_c/tas2-software/install/tas2' for CMake config files
[3.341s] Level 1:colcon.colcon_core.shell:create_environment_hook('tas2', 'cmake_prefix_path')
[3.379s] INFO:colcon.colcon_core.shell:Creating environment hook '/home/group_c/tas2-software/install/tas2/share/tas2/hook/cmake_prefix_path.ps1'
[3.380s] INFO:colcon.colcon_core.shell:Creating environment descriptor '/home/group_c/tas2-software/install/tas2/share/tas2/hook/cmake_prefix_path.dsv'
[3.381s] INFO:colcon.colcon_core.shell:Creating environment hook '/home/group_c/tas2-software/install/tas2/share/tas2/hook/cmake_prefix_path.sh'
[3.383s] Level 1:colcon.colcon_core.environment:checking '/home/group_c/tas2-software/install/tas2/bin'
[3.384s] Level 1:colcon.colcon_core.environment:checking '/home/group_c/tas2-software/install/tas2/lib/pkgconfig/tas2.pc'
[3.384s] Level 1:colcon.colcon_core.environment:checking '/home/group_c/tas2-software/install/tas2/lib/python3.10/site-packages'
[3.384s] Level 1:colcon.colcon_core.environment:checking '/home/group_c/tas2-software/install/tas2/bin'
[3.421s] INFO:colcon.colcon_core.shell:Creating package script '/home/group_c/tas2-software/install/tas2/share/tas2/package.ps1'
[3.422s] INFO:colcon.colcon_core.shell:Creating package descriptor '/home/group_c/tas2-software/install/tas2/share/tas2/package.dsv'
[3.424s] INFO:colcon.colcon_core.shell:Creating package script '/home/group_c/tas2-software/install/tas2/share/tas2/package.sh'
[3.425s] INFO:colcon.colcon_core.shell:Creating package script '/home/group_c/tas2-software/install/tas2/share/tas2/package.bash'
[3.428s] INFO:colcon.colcon_core.shell:Creating package script '/home/group_c/tas2-software/install/tas2/share/tas2/package.zsh'
[3.431s] Level 1:colcon.colcon_core.environment:create_file_with_runtime_dependencies(/home/group_c/tas2-software/install/tas2/share/colcon-core/packages/tas2)
[3.441s] DEBUG:colcon.colcon_core.event_handler.log_command:Invoking command in '/home/group_c/tas2-software/build/csm': CMAKE_PREFIX_PATH=${CMAKE_PREFIX_PATH}:/home/group_c/tas2-software/install/tas_hardware:/home/group_c/tas2-software/install/object_tracker:/opt/ros/humble /usr/bin/cmake --install /home/group_c/tas2-software/build/csm
[3.473s] Level 1:colcon.colcon_core.environment:create_environment_scripts_only(csm)
[3.483s] DEBUG:colcon.colcon_core.event_handler.log_command:Invoked command in '/home/group_c/tas2-software/build/csm' returned '0': CMAKE_PREFIX_PATH=${CMAKE_PREFIX_PATH}:/home/group_c/tas2-software/install/tas_hardware:/home/group_c/tas2-software/install/object_tracker:/opt/ros/humble /usr/bin/cmake --install /home/group_c/tas2-software/build/csm
[3.517s] Level 1:colcon.colcon_core.environment:checking '/home/group_c/tas2-software/install/csm' for CMake module files
[3.518s] Level 1:colcon.colcon_core.environment:checking '/home/group_c/tas2-software/install/csm' for CMake config files
[3.518s] Level 1:colcon.colcon_core.shell:create_environment_hook('csm', 'cmake_prefix_path')
[3.550s] INFO:colcon.colcon_core.shell:Creating environment hook '/home/group_c/tas2-software/install/csm/share/csm/hook/cmake_prefix_path.ps1'
[3.552s] INFO:colcon.colcon_core.shell:Creating environment descriptor '/home/group_c/tas2-software/install/csm/share/csm/hook/cmake_prefix_path.dsv'
[3.553s] INFO:colcon.colcon_core.shell:Creating environment hook '/home/group_c/tas2-software/install/csm/share/csm/hook/cmake_prefix_path.sh'
[3.554s] Level 1:colcon.colcon_core.environment:checking '/home/group_c/tas2-software/install/csm/lib'
[3.555s] Level 1:colcon.colcon_core.shell:create_environment_hook('csm', 'ld_library_path_lib')
[3.617s] INFO:colcon.colcon_core.shell:Creating environment hook '/home/group_c/tas2-software/install/csm/share/csm/hook/ld_library_path_lib.ps1'
[3.618s] INFO:colcon.colcon_core.shell:Creating environment descriptor '/home/group_c/tas2-software/install/csm/share/csm/hook/ld_library_path_lib.dsv'
[3.619s] INFO:colcon.colcon_core.shell:Creating environment hook '/home/group_c/tas2-software/install/csm/share/csm/hook/ld_library_path_lib.sh'
[3.619s] Level 1:colcon.colcon_core.environment:checking '/home/group_c/tas2-software/install/csm/bin'
[3.625s] Level 1:colcon.colcon_core.environment:checking '/home/group_c/tas2-software/install/csm/lib/pkgconfig/csm.pc'
[3.626s] Level 1:colcon.colcon_core.environment:checking '/home/group_c/tas2-software/install/csm/lib/python3.10/site-packages'
[3.626s] Level 1:colcon.colcon_core.environment:checking '/home/group_c/tas2-software/install/csm/bin'
[3.683s] INFO:colcon.colcon_core.shell:Creating package script '/home/group_c/tas2-software/install/csm/share/csm/package.ps1'
[3.696s] INFO:colcon.colcon_core.shell:Creating package descriptor '/home/group_c/tas2-software/install/csm/share/csm/package.dsv'
[3.700s] INFO:colcon.colcon_core.shell:Creating package script '/home/group_c/tas2-software/install/csm/share/csm/package.sh'
[3.701s] INFO:colcon.colcon_core.shell:Creating package script '/home/group_c/tas2-software/install/csm/share/csm/package.bash'
[3.702s] INFO:colcon.colcon_core.shell:Creating package script '/home/group_c/tas2-software/install/csm/share/csm/package.zsh'
[3.704s] Level 1:colcon.colcon_core.environment:create_file_with_runtime_dependencies(/home/group_c/tas2-software/install/csm/share/colcon-core/packages/csm)
[3.792s] Level 1:colcon.colcon_core.environment:create_environment_scripts_only(tas2)
[3.896s] Level 1:colcon.colcon_core.environment:checking '/home/group_c/tas2-software/install/tas2' for CMake module files
[3.897s] Level 1:colcon.colcon_core.environment:checking '/home/group_c/tas2-software/install/tas2' for CMake config files
[3.901s] Level 1:colcon.colcon_core.shell:create_environment_hook('tas2', 'cmake_prefix_path')
[3.993s] INFO:colcon.colcon_core.shell:Creating environment hook '/home/group_c/tas2-software/install/tas2/share/tas2/hook/cmake_prefix_path.ps1'
[3.996s] INFO:colcon.colcon_core.shell:Creating environment descriptor '/home/group_c/tas2-software/install/tas2/share/tas2/hook/cmake_prefix_path.dsv'
[3.996s] INFO:colcon.colcon_core.shell:Creating environment hook '/home/group_c/tas2-software/install/tas2/share/tas2/hook/cmake_prefix_path.sh'
[3.997s] Level 1:colcon.colcon_core.environment:checking '/home/group_c/tas2-software/install/tas2/bin'
[3.997s] Level 1:colcon.colcon_core.environment:checking '/home/group_c/tas2-software/install/tas2/lib/pkgconfig/tas2.pc'
[3.998s] Level 1:colcon.colcon_core.environment:checking '/home/group_c/tas2-software/install/tas2/lib/python3.10/site-packages'
[3.998s] Level 1:colcon.colcon_core.environment:checking '/home/group_c/tas2-software/install/tas2/bin'
[4.054s] INFO:colcon.colcon_core.shell:Creating package script '/home/group_c/tas2-software/install/tas2/share/tas2/package.ps1'
[4.055s] INFO:colcon.colcon_core.shell:Creating package descriptor '/home/group_c/tas2-software/install/tas2/share/tas2/package.dsv'
[4.055s] INFO:colcon.colcon_core.shell:Creating package script '/home/group_c/tas2-software/install/tas2/share/tas2/package.sh'
[4.056s] INFO:colcon.colcon_core.shell:Creating package script '/home/group_c/tas2-software/install/tas2/share/tas2/package.bash'
[4.057s] INFO:colcon.colcon_core.shell:Creating package script '/home/group_c/tas2-software/install/tas2/share/tas2/package.zsh'
[4.059s] Level 1:colcon.colcon_core.environment:create_file_with_runtime_dependencies(/home/group_c/tas2-software/install/tas2/share/colcon-core/packages/tas2)
[4.060s] INFO:colcon.colcon_ros.task.ament_cmake.build:Building ROS package in '/home/group_c/tas2-software/src/urg_node2' with build type 'ament_cmake'
[4.069s] INFO:colcon.colcon_cmake.task.cmake.build:Building CMake package in '/home/group_c/tas2-software/src/urg_node2'
[4.148s] INFO:colcon.colcon_core.shell:Skip shell extension 'powershell' for command environment: Not usable outside of PowerShell
[4.148s] DEBUG:colcon.colcon_core.shell:Skip shell extension 'dsv' for command environment
[4.376s] Level 1:colcon.colcon_core.environment:create_environment_scripts_only(csm)
[4.439s] Level 1:colcon.colcon_core.environment:checking '/home/group_c/tas2-software/install/csm' for CMake module files
[4.439s] Level 1:colcon.colcon_core.environment:checking '/home/group_c/tas2-software/install/csm' for CMake config files
[4.440s] Level 1:colcon.colcon_core.shell:create_environment_hook('csm', 'cmake_prefix_path')
[4.502s] INFO:colcon.colcon_core.shell:Creating environment hook '/home/group_c/tas2-software/install/csm/share/csm/hook/cmake_prefix_path.ps1'
[4.504s] INFO:colcon.colcon_core.shell:Creating environment descriptor '/home/group_c/tas2-software/install/csm/share/csm/hook/cmake_prefix_path.dsv'
[4.505s] INFO:colcon.colcon_core.shell:Creating environment hook '/home/group_c/tas2-software/install/csm/share/csm/hook/cmake_prefix_path.sh'
[4.506s] Level 1:colcon.colcon_core.environment:checking '/home/group_c/tas2-software/install/csm/lib'
[4.506s] Level 1:colcon.colcon_core.shell:create_environment_hook('csm', 'ld_library_path_lib')
[4.551s] INFO:colcon.colcon_core.shell:Creating environment hook '/home/group_c/tas2-software/install/csm/share/csm/hook/ld_library_path_lib.ps1'
[4.555s] INFO:colcon.colcon_core.shell:Creating environment descriptor '/home/group_c/tas2-software/install/csm/share/csm/hook/ld_library_path_lib.dsv'
[4.556s] INFO:colcon.colcon_core.shell:Creating environment hook '/home/group_c/tas2-software/install/csm/share/csm/hook/ld_library_path_lib.sh'
[4.556s] Level 1:colcon.colcon_core.environment:checking '/home/group_c/tas2-software/install/csm/bin'
[4.557s] Level 1:colcon.colcon_core.environment:checking '/home/group_c/tas2-software/install/csm/lib/pkgconfig/csm.pc'
[4.557s] Level 1:colcon.colcon_core.environment:checking '/home/group_c/tas2-software/install/csm/lib/python3.10/site-packages'
[4.560s] Level 1:colcon.colcon_core.environment:checking '/home/group_c/tas2-software/install/csm/bin'
[4.597s] INFO:colcon.colcon_core.shell:Creating package script '/home/group_c/tas2-software/install/csm/share/csm/package.ps1'
[4.598s] INFO:colcon.colcon_core.shell:Creating package descriptor '/home/group_c/tas2-software/install/csm/share/csm/package.dsv'
[4.599s] INFO:colcon.colcon_core.shell:Creating package script '/home/group_c/tas2-software/install/csm/share/csm/package.sh'
[4.600s] INFO:colcon.colcon_core.shell:Creating package script '/home/group_c/tas2-software/install/csm/share/csm/package.bash'
[4.601s] INFO:colcon.colcon_core.shell:Creating package script '/home/group_c/tas2-software/install/csm/share/csm/package.zsh'
[4.602s] Level 1:colcon.colcon_core.environment:create_file_with_runtime_dependencies(/home/group_c/tas2-software/install/csm/share/colcon-core/packages/csm)
[4.604s] INFO:colcon.colcon_ros.task.ament_cmake.build:Building ROS package in '/home/group_c/tas2-software/src/ros2_laser_scan_matcher' with build type 'ament_cmake'
[4.604s] INFO:colcon.colcon_cmake.task.cmake.build:Building CMake package in '/home/group_c/tas2-software/src/ros2_laser_scan_matcher'
[4.645s] INFO:colcon.colcon_core.shell:Skip shell extension 'powershell' for command environment: Not usable outside of PowerShell
[4.646s] DEBUG:colcon.colcon_core.shell:Skip shell extension 'dsv' for command environment
[4.814s] DEBUG:colcon.colcon_core.event_handler.log_command:Invoking command in '/home/group_c/tas2-software/build/urg_node2': CMAKE_PREFIX_PATH=${CMAKE_PREFIX_PATH}:/home/group_c/tas2-software/install/tas_hardware:/home/group_c/tas2-software/install/object_tracker:/opt/ros/humble /usr/bin/cmake --build /home/group_c/tas2-software/build/urg_node2 -- -j4 -l4
[4.822s] DEBUG:colcon.colcon_core.event_handler.log_command:Invoking command in '/home/group_c/tas2-software/src/tas_hardware': PYTHONPATH=/home/group_c/tas2-software/build/tas_hardware/prefix_override:/home/group_c/tas2-software/install/tas_hardware/lib/python3.10/site-packages:${PYTHONPATH} /usr/bin/python3 setup.py egg_info --egg-base ../../build/tas_hardware build --build-base /home/group_c/tas2-software/build/tas_hardware/build install --record /home/group_c/tas2-software/build/tas_hardware/install.log --single-version-externally-managed
[4.838s] DEBUG:colcon.colcon_core.event_handler.log_command:Invoking command in '/home/group_c/tas2-software/build/ros2_laser_scan_matcher': CMAKE_PREFIX_PATH=/home/group_c/tas2-software/install/csm:/home/group_c/tas2-software/install/urg_node2:/home/group_c/tas2-software/install/tas2:/home/group_c/tas2-software/install/ros2_laser_scan_matcher:/home/group_c/tas2-software/install/tas_hardware:/home/group_c/tas2-software/install/object_tracker:/opt/ros/humble LD_LIBRARY_PATH=/home/group_c/tas2-software/install/csm/lib:/home/group_c/tas2-software/install/urg_node2/lib:/usr/lib/x86_64-linux-gnu/gazebo-11/plugins:/opt/ros/humble/opt/rviz_ogre_vendor/lib:/opt/ros/humble/lib/x86_64-linux-gnu:/opt/ros/humble/lib:/usr/lib/x86_64-linux-gnu/gazebo-11/plugins /usr/bin/cmake --build /home/group_c/tas2-software/build/ros2_laser_scan_matcher -- -j4 -l4
[4.876s] DEBUG:colcon.colcon_core.event_handler.log_command:Invoking command in '/home/group_c/tas2-software/src/object_tracker': PYTHONPATH=/home/group_c/tas2-software/build/object_tracker/prefix_override:/home/group_c/tas2-software/install/object_tracker/lib/python3.10/site-packages:${PYTHONPATH} /usr/bin/python3 setup.py egg_info --egg-base ../../build/object_tracker build --build-base /home/group_c/tas2-software/build/object_tracker/build install --record /home/group_c/tas2-software/build/object_tracker/install.log --single-version-externally-managed
[5.212s] DEBUG:colcon.colcon_core.event_handler.log_command:Invoked command in '/home/group_c/tas2-software/build/ros2_laser_scan_matcher' returned '0': CMAKE_PREFIX_PATH=/home/group_c/tas2-software/install/csm:/home/group_c/tas2-software/install/urg_node2:/home/group_c/tas2-software/install/tas2:/home/group_c/tas2-software/install/ros2_laser_scan_matcher:/home/group_c/tas2-software/install/tas_hardware:/home/group_c/tas2-software/install/object_tracker:/opt/ros/humble LD_LIBRARY_PATH=/home/group_c/tas2-software/install/csm/lib:/home/group_c/tas2-software/install/urg_node2/lib:/usr/lib/x86_64-linux-gnu/gazebo-11/plugins:/opt/ros/humble/opt/rviz_ogre_vendor/lib:/opt/ros/humble/lib/x86_64-linux-gnu:/opt/ros/humble/lib:/usr/lib/x86_64-linux-gnu/gazebo-11/plugins /usr/bin/cmake --build /home/group_c/tas2-software/build/ros2_laser_scan_matcher -- -j4 -l4
[5.287s] DEBUG:colcon.colcon_core.event_handler.log_command:Invoked command in '/home/group_c/tas2-software/build/urg_node2' returned '0': CMAKE_PREFIX_PATH=${CMAKE_PREFIX_PATH}:/home/group_c/tas2-software/install/tas_hardware:/home/group_c/tas2-software/install/object_tracker:/opt/ros/humble /usr/bin/cmake --build /home/group_c/tas2-software/build/urg_node2 -- -j4 -l4
[5.396s] DEBUG:colcon.colcon_core.event_handler.log_command:Invoking command in '/home/group_c/tas2-software/build/ros2_laser_scan_matcher': CMAKE_PREFIX_PATH=/home/group_c/tas2-software/install/csm:/home/group_c/tas2-software/install/urg_node2:/home/group_c/tas2-software/install/tas2:/home/group_c/tas2-software/install/ros2_laser_scan_matcher:/home/group_c/tas2-software/install/tas_hardware:/home/group_c/tas2-software/install/object_tracker:/opt/ros/humble LD_LIBRARY_PATH=/home/group_c/tas2-software/install/csm/lib:/home/group_c/tas2-software/install/urg_node2/lib:/usr/lib/x86_64-linux-gnu/gazebo-11/plugins:/opt/ros/humble/opt/rviz_ogre_vendor/lib:/opt/ros/humble/lib/x86_64-linux-gnu:/opt/ros/humble/lib:/usr/lib/x86_64-linux-gnu/gazebo-11/plugins /usr/bin/cmake --install /home/group_c/tas2-software/build/ros2_laser_scan_matcher
[5.433s] Level 1:colcon.colcon_core.environment:create_environment_scripts_only(ros2_laser_scan_matcher)
[5.438s] DEBUG:colcon.colcon_core.event_handler.log_command:Invoked command in '/home/group_c/tas2-software/build/ros2_laser_scan_matcher' returned '0': CMAKE_PREFIX_PATH=/home/group_c/tas2-software/install/csm:/home/group_c/tas2-software/install/urg_node2:/home/group_c/tas2-software/install/tas2:/home/group_c/tas2-software/install/ros2_laser_scan_matcher:/home/group_c/tas2-software/install/tas_hardware:/home/group_c/tas2-software/install/object_tracker:/opt/ros/humble LD_LIBRARY_PATH=/home/group_c/tas2-software/install/csm/lib:/home/group_c/tas2-software/install/urg_node2/lib:/usr/lib/x86_64-linux-gnu/gazebo-11/plugins:/opt/ros/humble/opt/rviz_ogre_vendor/lib:/opt/ros/humble/lib/x86_64-linux-gnu:/opt/ros/humble/lib:/usr/lib/x86_64-linux-gnu/gazebo-11/plugins /usr/bin/cmake --install /home/group_c/tas2-software/build/ros2_laser_scan_matcher
[5.506s] Level 1:colcon.colcon_core.environment:checking '/home/group_c/tas2-software/install/ros2_laser_scan_matcher' for CMake module files
[5.507s] Level 1:colcon.colcon_core.environment:checking '/home/group_c/tas2-software/install/ros2_laser_scan_matcher' for CMake config files
[5.507s] Level 1:colcon.colcon_core.shell:create_environment_hook('ros2_laser_scan_matcher', 'cmake_prefix_path')
[5.566s] INFO:colcon.colcon_core.shell:Creating environment hook '/home/group_c/tas2-software/install/ros2_laser_scan_matcher/share/ros2_laser_scan_matcher/hook/cmake_prefix_path.ps1'
[5.567s] INFO:colcon.colcon_core.shell:Creating environment descriptor '/home/group_c/tas2-software/install/ros2_laser_scan_matcher/share/ros2_laser_scan_matcher/hook/cmake_prefix_path.dsv'
[5.567s] INFO:colcon.colcon_core.shell:Creating environment hook '/home/group_c/tas2-software/install/ros2_laser_scan_matcher/share/ros2_laser_scan_matcher/hook/cmake_prefix_path.sh'
[5.568s] Level 1:colcon.colcon_core.environment:checking '/home/group_c/tas2-software/install/ros2_laser_scan_matcher/lib'
[5.568s] Level 1:colcon.colcon_core.environment:checking '/home/group_c/tas2-software/install/ros2_laser_scan_matcher/bin'
[5.568s] Level 1:colcon.colcon_core.environment:checking '/home/group_c/tas2-software/install/ros2_laser_scan_matcher/lib/pkgconfig/ros2_laser_scan_matcher.pc'
[5.568s] Level 1:colcon.colcon_core.environment:checking '/home/group_c/tas2-software/install/ros2_laser_scan_matcher/lib/python3.10/site-packages'
[5.569s] Level 1:colcon.colcon_core.environment:checking '/home/group_c/tas2-software/install/ros2_laser_scan_matcher/bin'
[5.620s] INFO:colcon.colcon_core.shell:Creating package script '/home/group_c/tas2-software/install/ros2_laser_scan_matcher/share/ros2_laser_scan_matcher/package.ps1'
[5.630s] INFO:colcon.colcon_core.shell:Creating package descriptor '/home/group_c/tas2-software/install/ros2_laser_scan_matcher/share/ros2_laser_scan_matcher/package.dsv'
[5.633s] INFO:colcon.colcon_core.shell:Creating package script '/home/group_c/tas2-software/install/ros2_laser_scan_matcher/share/ros2_laser_scan_matcher/package.sh'
[5.636s] INFO:colcon.colcon_core.shell:Creating package script '/home/group_c/tas2-software/install/ros2_laser_scan_matcher/share/ros2_laser_scan_matcher/package.bash'
[5.638s] INFO:colcon.colcon_core.shell:Creating package script '/home/group_c/tas2-software/install/ros2_laser_scan_matcher/share/ros2_laser_scan_matcher/package.zsh'
[5.640s] Level 1:colcon.colcon_core.environment:create_file_with_runtime_dependencies(/home/group_c/tas2-software/install/ros2_laser_scan_matcher/share/colcon-core/packages/ros2_laser_scan_matcher)
[5.680s] DEBUG:colcon.colcon_core.event_handler.log_command:Invoking command in '/home/group_c/tas2-software/build/urg_node2': CMAKE_PREFIX_PATH=${CMAKE_PREFIX_PATH}:/home/group_c/tas2-software/install/tas_hardware:/home/group_c/tas2-software/install/object_tracker:/opt/ros/humble /usr/bin/cmake --install /home/group_c/tas2-software/build/urg_node2
[5.722s] Level 1:colcon.colcon_core.environment:create_environment_scripts_only(urg_node2)
[5.749s] DEBUG:colcon.colcon_core.event_handler.log_command:Invoked command in '/home/group_c/tas2-software/build/urg_node2' returned '0': CMAKE_PREFIX_PATH=${CMAKE_PREFIX_PATH}:/home/group_c/tas2-software/install/tas_hardware:/home/group_c/tas2-software/install/object_tracker:/opt/ros/humble /usr/bin/cmake --install /home/group_c/tas2-software/build/urg_node2
[5.796s] Level 1:colcon.colcon_core.environment:checking '/home/group_c/tas2-software/install/urg_node2' for CMake module files
[5.797s] Level 1:colcon.colcon_core.environment:checking '/home/group_c/tas2-software/install/urg_node2' for CMake config files
[5.799s] Level 1:colcon.colcon_core.shell:create_environment_hook('urg_node2', 'cmake_prefix_path')
[5.882s] INFO:colcon.colcon_core.shell:Creating environment hook '/home/group_c/tas2-software/install/urg_node2/share/urg_node2/hook/cmake_prefix_path.ps1'
[5.886s] INFO:colcon.colcon_core.shell:Creating environment descriptor '/home/group_c/tas2-software/install/urg_node2/share/urg_node2/hook/cmake_prefix_path.dsv'
[5.887s] INFO:colcon.colcon_core.shell:Creating environment hook '/home/group_c/tas2-software/install/urg_node2/share/urg_node2/hook/cmake_prefix_path.sh'
[5.891s] Level 1:colcon.colcon_core.environment:checking '/home/group_c/tas2-software/install/urg_node2/lib'
[5.891s] Level 1:colcon.colcon_core.shell:create_environment_hook('urg_node2', 'ld_library_path_lib')
[5.928s] INFO:colcon.colcon_core.shell:Creating environment hook '/home/group_c/tas2-software/install/urg_node2/share/urg_node2/hook/ld_library_path_lib.ps1'
[5.929s] INFO:colcon.colcon_core.shell:Creating environment descriptor '/home/group_c/tas2-software/install/urg_node2/share/urg_node2/hook/ld_library_path_lib.dsv'
[5.930s] INFO:colcon.colcon_core.shell:Creating environment hook '/home/group_c/tas2-software/install/urg_node2/share/urg_node2/hook/ld_library_path_lib.sh'
[5.932s] Level 1:colcon.colcon_core.environment:checking '/home/group_c/tas2-software/install/urg_node2/bin'
[5.932s] Level 1:colcon.colcon_core.environment:checking '/home/group_c/tas2-software/install/urg_node2/lib/pkgconfig/urg_node2.pc'
[5.933s] Level 1:colcon.colcon_core.environment:checking '/home/group_c/tas2-software/install/urg_node2/lib/python3.10/site-packages'
[5.934s] Level 1:colcon.colcon_core.environment:checking '/home/group_c/tas2-software/install/urg_node2/bin'
[5.973s] INFO:colcon.colcon_core.shell:Creating package script '/home/group_c/tas2-software/install/urg_node2/share/urg_node2/package.ps1'
[5.974s] INFO:colcon.colcon_core.shell:Creating package descriptor '/home/group_c/tas2-software/install/urg_node2/share/urg_node2/package.dsv'
[5.975s] INFO:colcon.colcon_core.shell:Creating package script '/home/group_c/tas2-software/install/urg_node2/share/urg_node2/package.sh'
[5.976s] INFO:colcon.colcon_core.shell:Creating package script '/home/group_c/tas2-software/install/urg_node2/share/urg_node2/package.bash'
[5.977s] INFO:colcon.colcon_core.shell:Creating package script '/home/group_c/tas2-software/install/urg_node2/share/urg_node2/package.zsh'
[5.978s] Level 1:colcon.colcon_core.environment:create_file_with_runtime_dependencies(/home/group_c/tas2-software/install/urg_node2/share/colcon-core/packages/urg_node2)
[6.064s] Level 1:colcon.colcon_core.environment:create_environment_scripts_only(ros2_laser_scan_matcher)
[6.169s] Level 1:colcon.colcon_core.environment:checking '/home/group_c/tas2-software/install/ros2_laser_scan_matcher' for CMake module files
[6.170s] Level 1:colcon.colcon_core.environment:checking '/home/group_c/tas2-software/install/ros2_laser_scan_matcher' for CMake config files
[6.170s] Level 1:colcon.colcon_core.shell:create_environment_hook('ros2_laser_scan_matcher', 'cmake_prefix_path')
[6.251s] INFO:colcon.colcon_core.shell:Creating environment hook '/home/group_c/tas2-software/install/ros2_laser_scan_matcher/share/ros2_laser_scan_matcher/hook/cmake_prefix_path.ps1'
[6.254s] INFO:colcon.colcon_core.shell:Creating environment descriptor '/home/group_c/tas2-software/install/ros2_laser_scan_matcher/share/ros2_laser_scan_matcher/hook/cmake_prefix_path.dsv'
[6.258s] INFO:colcon.colcon_core.shell:Creating environment hook '/home/group_c/tas2-software/install/ros2_laser_scan_matcher/share/ros2_laser_scan_matcher/hook/cmake_prefix_path.sh'
[6.259s] Level 1:colcon.colcon_core.environment:checking '/home/group_c/tas2-software/install/ros2_laser_scan_matcher/lib'
[6.259s] Level 1:colcon.colcon_core.environment:checking '/home/group_c/tas2-software/install/ros2_laser_scan_matcher/bin'
[6.260s] Level 1:colcon.colcon_core.environment:checking '/home/group_c/tas2-software/install/ros2_laser_scan_matcher/lib/pkgconfig/ros2_laser_scan_matcher.pc'
[6.260s] Level 1:colcon.colcon_core.environment:checking '/home/group_c/tas2-software/install/ros2_laser_scan_matcher/lib/python3.10/site-packages'
[6.261s] Level 1:colcon.colcon_core.environment:checking '/home/group_c/tas2-software/install/ros2_laser_scan_matcher/bin'
[6.353s] INFO:colcon.colcon_core.shell:Creating package script '/home/group_c/tas2-software/install/ros2_laser_scan_matcher/share/ros2_laser_scan_matcher/package.ps1'
[6.354s] INFO:colcon.colcon_core.shell:Creating package descriptor '/home/group_c/tas2-software/install/ros2_laser_scan_matcher/share/ros2_laser_scan_matcher/package.dsv'
[6.355s] INFO:colcon.colcon_core.shell:Creating package script '/home/group_c/tas2-software/install/ros2_laser_scan_matcher/share/ros2_laser_scan_matcher/package.sh'
[6.357s] INFO:colcon.colcon_core.shell:Creating package script '/home/group_c/tas2-software/install/ros2_laser_scan_matcher/share/ros2_laser_scan_matcher/package.bash'
[6.360s] INFO:colcon.colcon_core.shell:Creating package script '/home/group_c/tas2-software/install/ros2_laser_scan_matcher/share/ros2_laser_scan_matcher/package.zsh'
[6.364s] Level 1:colcon.colcon_core.environment:create_file_with_runtime_dependencies(/home/group_c/tas2-software/install/ros2_laser_scan_matcher/share/colcon-core/packages/ros2_laser_scan_matcher)
[6.465s] DEBUG:colcon.colcon_core.event_handler.log_command:Invoked command in '/home/group_c/tas2-software/src/tas_hardware' returned '0': PYTHONPATH=/home/group_c/tas2-software/build/tas_hardware/prefix_override:/home/group_c/tas2-software/install/tas_hardware/lib/python3.10/site-packages:${PYTHONPATH} /usr/bin/python3 setup.py egg_info --egg-base ../../build/tas_hardware build --build-base /home/group_c/tas2-software/build/tas_hardware/build install --record /home/group_c/tas2-software/build/tas_hardware/install.log --single-version-externally-managed
[6.505s] Level 1:colcon.colcon_core.environment:checking '/home/group_c/tas2-software/install/tas_hardware' for CMake module files
[6.505s] Level 1:colcon.colcon_core.environment:checking '/home/group_c/tas2-software/install/tas_hardware' for CMake config files
[6.506s] Level 1:colcon.colcon_core.environment:checking '/home/group_c/tas2-software/install/tas_hardware/lib'
[6.507s] Level 1:colcon.colcon_core.environment:checking '/home/group_c/tas2-software/install/tas_hardware/bin'
[6.507s] Level 1:colcon.colcon_core.environment:checking '/home/group_c/tas2-software/install/tas_hardware/lib/pkgconfig/tas_hardware.pc'
[6.507s] Level 1:colcon.colcon_core.environment:checking '/home/group_c/tas2-software/install/tas_hardware/lib/python3.10/site-packages'
[6.508s] Level 1:colcon.colcon_core.shell:create_environment_hook('tas_hardware', 'pythonpath')
[6.550s] INFO:colcon.colcon_core.shell:Creating environment hook '/home/group_c/tas2-software/install/tas_hardware/share/tas_hardware/hook/pythonpath.ps1'
[6.550s] INFO:colcon.colcon_core.shell:Creating environment descriptor '/home/group_c/tas2-software/install/tas_hardware/share/tas_hardware/hook/pythonpath.dsv'
[6.551s] INFO:colcon.colcon_core.shell:Creating environment hook '/home/group_c/tas2-software/install/tas_hardware/share/tas_hardware/hook/pythonpath.sh'
[6.552s] Level 1:colcon.colcon_core.environment:checking '/home/group_c/tas2-software/install/tas_hardware/bin'
[6.552s] Level 1:colcon.colcon_core.environment:create_environment_scripts_only(tas_hardware)
[6.588s] INFO:colcon.colcon_core.shell:Creating package script '/home/group_c/tas2-software/install/tas_hardware/share/tas_hardware/package.ps1'
[6.591s] INFO:colcon.colcon_core.shell:Creating package descriptor '/home/group_c/tas2-software/install/tas_hardware/share/tas_hardware/package.dsv'
[6.592s] INFO:colcon.colcon_core.shell:Creating package script '/home/group_c/tas2-software/install/tas_hardware/share/tas_hardware/package.sh'
[6.593s] INFO:colcon.colcon_core.shell:Creating package script '/home/group_c/tas2-software/install/tas_hardware/share/tas_hardware/package.bash'
[6.594s] INFO:colcon.colcon_core.shell:Creating package script '/home/group_c/tas2-software/install/tas_hardware/share/tas_hardware/package.zsh'
[6.595s] Level 1:colcon.colcon_core.environment:create_file_with_runtime_dependencies(/home/group_c/tas2-software/install/tas_hardware/share/colcon-core/packages/tas_hardware)
[6.626s] Level 1:colcon.colcon_core.environment:create_environment_scripts_only(urg_node2)
[6.658s] Level 1:colcon.colcon_core.environment:checking '/home/group_c/tas2-software/install/urg_node2' for CMake module files
[6.659s] Level 1:colcon.colcon_core.environment:checking '/home/group_c/tas2-software/install/urg_node2' for CMake config files
[6.659s] Level 1:colcon.colcon_core.shell:create_environment_hook('urg_node2', 'cmake_prefix_path')
[6.707s] INFO:colcon.colcon_core.shell:Creating environment hook '/home/group_c/tas2-software/install/urg_node2/share/urg_node2/hook/cmake_prefix_path.ps1'
[6.708s] INFO:colcon.colcon_core.shell:Creating environment descriptor '/home/group_c/tas2-software/install/urg_node2/share/urg_node2/hook/cmake_prefix_path.dsv'
[6.708s] INFO:colcon.colcon_core.shell:Creating environment hook '/home/group_c/tas2-software/install/urg_node2/share/urg_node2/hook/cmake_prefix_path.sh'
[6.709s] Level 1:colcon.colcon_core.environment:checking '/home/group_c/tas2-software/install/urg_node2/lib'
[6.710s] Level 1:colcon.colcon_core.shell:create_environment_hook('urg_node2', 'ld_library_path_lib')
[6.755s] INFO:colcon.colcon_core.shell:Creating environment hook '/home/group_c/tas2-software/install/urg_node2/share/urg_node2/hook/ld_library_path_lib.ps1'
[6.755s] INFO:colcon.colcon_core.shell:Creating environment descriptor '/home/group_c/tas2-software/install/urg_node2/share/urg_node2/hook/ld_library_path_lib.dsv'
[6.756s] INFO:colcon.colcon_core.shell:Creating environment hook '/home/group_c/tas2-software/install/urg_node2/share/urg_node2/hook/ld_library_path_lib.sh'
[6.756s] Level 1:colcon.colcon_core.environment:checking '/home/group_c/tas2-software/install/urg_node2/bin'
[6.757s] Level 1:colcon.colcon_core.environment:checking '/home/group_c/tas2-software/install/urg_node2/lib/pkgconfig/urg_node2.pc'
[6.757s] Level 1:colcon.colcon_core.environment:checking '/home/group_c/tas2-software/install/urg_node2/lib/python3.10/site-packages'
[6.757s] Level 1:colcon.colcon_core.environment:checking '/home/group_c/tas2-software/install/urg_node2/bin'
[6.792s] INFO:colcon.colcon_core.shell:Creating package script '/home/group_c/tas2-software/install/urg_node2/share/urg_node2/package.ps1'
[6.793s] INFO:colcon.colcon_core.shell:Creating package descriptor '/home/group_c/tas2-software/install/urg_node2/share/urg_node2/package.dsv'
[6.794s] INFO:colcon.colcon_core.shell:Creating package script '/home/group_c/tas2-software/install/urg_node2/share/urg_node2/package.sh'
[6.796s] INFO:colcon.colcon_core.shell:Creating package script '/home/group_c/tas2-software/install/urg_node2/share/urg_node2/package.bash'
[6.797s] INFO:colcon.colcon_core.shell:Creating package script '/home/group_c/tas2-software/install/urg_node2/share/urg_node2/package.zsh'
[6.798s] Level 1:colcon.colcon_core.environment:create_file_with_runtime_dependencies(/home/group_c/tas2-software/install/urg_node2/share/colcon-core/packages/urg_node2)
[6.807s] DEBUG:colcon.colcon_core.event_handler.log_command:Invoked command in '/home/group_c/tas2-software/src/object_tracker' returned '0': PYTHONPATH=/home/group_c/tas2-software/build/object_tracker/prefix_override:/home/group_c/tas2-software/install/object_tracker/lib/python3.10/site-packages:${PYTHONPATH} /usr/bin/python3 setup.py egg_info --egg-base ../../build/object_tracker build --build-base /home/group_c/tas2-software/build/object_tracker/build install --record /home/group_c/tas2-software/build/object_tracker/install.log --single-version-externally-managed
[6.837s] Level 1:colcon.colcon_core.environment:checking '/home/group_c/tas2-software/install/object_tracker' for CMake module files
[6.838s] Level 1:colcon.colcon_core.environment:checking '/home/group_c/tas2-software/install/object_tracker' for CMake config files
[6.839s] Level 1:colcon.colcon_core.environment:checking '/home/group_c/tas2-software/install/object_tracker/lib'
[6.839s] Level 1:colcon.colcon_core.environment:checking '/home/group_c/tas2-software/install/object_tracker/bin'
[6.839s] Level 1:colcon.colcon_core.environment:checking '/home/group_c/tas2-software/install/object_tracker/lib/pkgconfig/object_tracker.pc'
[6.839s] Level 1:colcon.colcon_core.environment:checking '/home/group_c/tas2-software/install/object_tracker/lib/python3.10/site-packages'
[6.840s] Level 1:colcon.colcon_core.shell:create_environment_hook('object_tracker', 'pythonpath')
[6.870s] INFO:colcon.colcon_core.shell:Creating environment hook '/home/group_c/tas2-software/install/object_tracker/share/object_tracker/hook/pythonpath.ps1'
[6.871s] INFO:colcon.colcon_core.shell:Creating environment descriptor '/home/group_c/tas2-software/install/object_tracker/share/object_tracker/hook/pythonpath.dsv'
[6.871s] INFO:colcon.colcon_core.shell:Creating environment hook '/home/group_c/tas2-software/install/object_tracker/share/object_tracker/hook/pythonpath.sh'
[6.872s] Level 1:colcon.colcon_core.environment:checking '/home/group_c/tas2-software/install/object_tracker/bin'
[6.872s] Level 1:colcon.colcon_core.environment:create_environment_scripts_only(object_tracker)
[6.899s] INFO:colcon.colcon_core.shell:Creating package script '/home/group_c/tas2-software/install/object_tracker/share/object_tracker/package.ps1'
[6.900s] INFO:colcon.colcon_core.shell:Creating package descriptor '/home/group_c/tas2-software/install/object_tracker/share/object_tracker/package.dsv'
[6.901s] INFO:colcon.colcon_core.shell:Creating package script '/home/group_c/tas2-software/install/object_tracker/share/object_tracker/package.sh'
[6.902s] INFO:colcon.colcon_core.shell:Creating package script '/home/group_c/tas2-software/install/object_tracker/share/object_tracker/package.bash'
[6.903s] INFO:colcon.colcon_core.shell:Creating package script '/home/group_c/tas2-software/install/object_tracker/share/object_tracker/package.zsh'
[6.904s] Level 1:colcon.colcon_core.environment:create_file_with_runtime_dependencies(/home/group_c/tas2-software/install/object_tracker/share/colcon-core/packages/object_tracker)
[6.904s] DEBUG:colcon.colcon_parallel_executor.executor.parallel:closing loop
[6.904s] DEBUG:colcon.colcon_parallel_executor.executor.parallel:loop closed
[6.904s] DEBUG:colcon.colcon_parallel_executor.executor.parallel:run_until_complete finished with '0'
[6.905s] DEBUG:colcon.colcon_core.event_reactor:joining thread
[6.963s] INFO:colcon.colcon_core.plugin_system:Skipping extension 'colcon_notification.desktop_notification.terminal_notifier': Not used on non-Darwin systems
[6.964s] INFO:colcon.colcon_core.plugin_system:Skipping extension 'colcon_notification.desktop_notification.win32': Not used on non-Windows systems
[6.964s] INFO:colcon.colcon_notification.desktop_notification:Sending desktop notification using 'notify2'
[6.985s] DEBUG:colcon.colcon_core.event_reactor:joined thread
[7.029s] INFO:colcon.colcon_core.shell:Creating prefix script '/home/group_c/tas2-software/install/local_setup.ps1'
[7.030s] INFO:colcon.colcon_core.shell:Creating prefix util module '/home/group_c/tas2-software/install/_local_setup_util_ps1.py'
[7.032s] INFO:colcon.colcon_core.shell:Creating prefix chain script '/home/group_c/tas2-software/install/setup.ps1'
[7.074s] INFO:colcon.colcon_core.shell:Creating prefix script '/home/group_c/tas2-software/install/local_setup.sh'
[7.075s] INFO:colcon.colcon_core.shell:Creating prefix util module '/home/group_c/tas2-software/install/_local_setup_util_sh.py'
[7.075s] INFO:colcon.colcon_core.shell:Creating prefix chain script '/home/group_c/tas2-software/install/setup.sh'
[7.111s] INFO:colcon.colcon_core.shell:Creating prefix script '/home/group_c/tas2-software/install/local_setup.bash'
[7.112s] INFO:colcon.colcon_core.shell:Creating prefix chain script '/home/group_c/tas2-software/install/setup.bash'
[7.150s] INFO:colcon.colcon_core.shell:Creating prefix script '/home/group_c/tas2-software/install/local_setup.zsh'
[7.151s] INFO:colcon.colcon_core.shell:Creating prefix chain script '/home/group_c/tas2-software/install/setup.zsh'
