[2.593s] Invoking command in '/home/group_c/tas2-software/src/tas_hardware': PYTHONPATH=/home/group_c/tas2-software/build/tas_hardware/prefix_override:/home/group_c/tas2-software/install/tas_hardware/lib/python3.10/site-packages:${PYTHONPATH} /usr/bin/python3 setup.py egg_info --egg-base ../../build/tas_hardware build --build-base /home/group_c/tas2-software/build/tas_hardware/build install --record /home/group_c/tas2-software/build/tas_hardware/install.log --single-version-externally-managed
[3.362s] running egg_info
[3.399s] writing ../../build/tas_hardware/tas_hardware.egg-info/PKG-INFO
[3.399s] writing dependency_links to ../../build/tas_hardware/tas_hardware.egg-info/dependency_links.txt
[3.400s] writing entry points to ../../build/tas_hardware/tas_hardware.egg-info/entry_points.txt
[3.400s] writing requirements to ../../build/tas_hardware/tas_hardware.egg-info/requires.txt
[3.401s] writing top-level names to ../../build/tas_hardware/tas_hardware.egg-info/top_level.txt
[3.477s] reading manifest file '../../build/tas_hardware/tas_hardware.egg-info/SOURCES.txt'
[3.479s] writing manifest file '../../build/tas_hardware/tas_hardware.egg-info/SOURCES.txt'
[3.479s] running build
[3.483s] running build_py
[3.485s] running install
[3.490s] /home/group_c/.local/lib/python3.10/site-packages/setuptools/_distutils/cmd.py:66: SetuptoolsDeprecationWarning: setup.py install is deprecated.
[3.490s] !!
[3.490s] 
[3.490s]         ********************************************************************************
[3.491s]         Please avoid running ``setup.py`` directly.
[3.491s]         Instead, use pypa/build, pypa/installer or other
[3.492s]         standards-based tools.
[3.492s] 
[3.492s]         See https://blog.ganssle.io/articles/2021/10/setup-py-deprecated.html for details.
[3.492s]         ********************************************************************************
[3.492s] 
[3.492s] !!
[3.492s]   self.initialize_options()
[3.515s] running install_lib
[3.551s] running install_data
[3.583s] running install_egg_info
[3.627s] removing '/home/group_c/tas2-software/install/tas_hardware/lib/python3.10/site-packages/tas_hardware-0.0.0-py3.10.egg-info' (and everything under it)
[3.627s] Copying ../../build/tas_hardware/tas_hardware.egg-info to /home/group_c/tas2-software/install/tas_hardware/lib/python3.10/site-packages/tas_hardware-0.0.0-py3.10.egg-info
[3.627s] running install_scripts
[4.137s] Installing tas_hardware script to /home/group_c/tas2-software/install/tas_hardware/lib/tas_hardware
[4.137s] Installing tas_simulation script to /home/group_c/tas2-software/install/tas_hardware/lib/tas_hardware
[4.138s] writing list of installed files to '/home/group_c/tas2-software/build/tas_hardware/install.log'
[4.236s] Invoked command in '/home/group_c/tas2-software/src/tas_hardware' returned '0': PYTHONPATH=/home/group_c/tas2-software/build/tas_hardware/prefix_override:/home/group_c/tas2-software/install/tas_hardware/lib/python3.10/site-packages:${PYTHONPATH} /usr/bin/python3 setup.py egg_info --egg-base ../../build/tas_hardware build --build-base /home/group_c/tas2-software/build/tas_hardware/build install --record /home/group_c/tas2-software/build/tas_hardware/install.log --single-version-externally-managed
