[0.467s] Invoking command in '/home/group_c/tas2-software/build/tas2': CMAKE_PREFIX_PATH=${CMAKE_PREFIX_PATH}:/home/group_c/tas2-software/install/tas_hardware:/home/group_c/tas2-software/install/object_tracker:/opt/ros/humble /usr/bin/cmake --build /home/group_c/tas2-software/build/tas2 -- -j4 -l4
[0.778s] Invoked command in '/home/group_c/tas2-software/build/tas2' returned '0': CMAKE_PREFIX_PATH=${CMAKE_PREFIX_PATH}:/home/group_c/tas2-software/install/tas_hardware:/home/group_c/tas2-software/install/object_tracker:/opt/ros/humble /usr/bin/cmake --build /home/group_c/tas2-software/build/tas2 -- -j4 -l4
[0.813s] Invoking command in '/home/group_c/tas2-software/build/tas2': CMAKE_PREFIX_PATH=${CMAKE_PREFIX_PATH}:/home/group_c/tas2-software/install/tas_hardware:/home/group_c/tas2-software/install/object_tracker:/opt/ros/humble /usr/bin/cmake --install /home/group_c/tas2-software/build/tas2
[0.828s] -- Install configuration: ""
[0.828s] -- Up-to-date: /home/group_c/tas2-software/install/tas2/share/tas2/launch
[0.829s] -- Up-to-date: /home/group_c/tas2-software/install/tas2/share/tas2/launch/hardware_computer.launch.py
[0.829s] -- Up-to-date: /home/group_c/tas2-software/install/tas2/share/tas2/launch/slam.launch.py
[0.829s] -- Up-to-date: /home/group_c/tas2-software/install/tas2/share/tas2/launch/obsolet
[0.829s] -- Up-to-date: /home/group_c/tas2-software/install/tas2/share/tas2/launch/obsolet/obs_slam.launch.py
[0.829s] -- Up-to-date: /home/group_c/tas2-software/install/tas2/share/tas2/launch/obsolet/obs_display.launch.py
[0.829s] -- Up-to-date: /home/group_c/tas2-software/install/tas2/share/tas2/launch/obsolet/obs_navigation.launch.py
[0.829s] -- Up-to-date: /home/group_c/tas2-software/install/tas2/share/tas2/launch/obsolet/obs_simulation.launch.py
[0.829s] -- Up-to-date: /home/group_c/tas2-software/install/tas2/share/tas2/launch/obsolet/obs_robot_state_publisher.launch.py
[0.830s] -- Up-to-date: /home/group_c/tas2-software/install/tas2/share/tas2/launch/hardware_nuc.launch.py
[0.830s] -- Up-to-date: /home/group_c/tas2-software/install/tas2/share/tas2/launch/simulation.launch.py
[0.830s] -- Up-to-date: /home/group_c/tas2-software/install/tas2/share/tas2/launch/navigation.launch.py
[0.830s] -- Up-to-date: /home/group_c/tas2-software/install/tas2/share/tas2/launch/hardware_navigation.launch.py
[0.830s] -- Up-to-date: /home/group_c/tas2-software/install/tas2/share/tas2/rviz
[0.830s] -- Up-to-date: /home/group_c/tas2-software/install/tas2/share/tas2/rviz/display.rviz
[0.830s] -- Up-to-date: /home/group_c/tas2-software/install/tas2/share/tas2/rviz/hardware.rviz
[0.830s] -- Up-to-date: /home/group_c/tas2-software/install/tas2/share/tas2/rviz/navigation.rviz
[0.830s] -- Up-to-date: /home/group_c/tas2-software/install/tas2/share/tas2/rviz/simulation.rviz
[0.831s] -- Up-to-date: /home/group_c/tas2-software/install/tas2/share/tas2/config
[0.831s] -- Up-to-date: /home/group_c/tas2-software/install/tas2/share/tas2/config/my_nav_to_pose_bt.xml
[0.831s] -- Up-to-date: /home/group_c/tas2-software/install/tas2/share/tas2/config/slam.yaml
[0.831s] -- Up-to-date: /home/group_c/tas2-software/install/tas2/share/tas2/config/my_nav_through_poses_bt.xml
[0.831s] -- Up-to-date: /home/group_c/tas2-software/install/tas2/share/tas2/config/gazebo_ros2.yaml
[0.831s] -- Up-to-date: /home/group_c/tas2-software/install/tas2/share/tas2/config/ekf.yaml
[0.831s] -- Up-to-date: /home/group_c/tas2-software/install/tas2/share/tas2/config/navigation.yaml
[0.831s] -- Up-to-date: /home/group_c/tas2-software/install/tas2/share/tas2/config/navigation_hardware.yaml
[0.831s] -- Up-to-date: /home/group_c/tas2-software/install/tas2/share/tas2/maps
[0.832s] -- Up-to-date: /home/group_c/tas2-software/install/tas2/share/tas2/maps/LSR_N5_TASlab.yaml
[0.832s] -- Up-to-date: /home/group_c/tas2-software/install/tas2/share/tas2/maps/LSR_N5_basement.yaml
[0.832s] -- Up-to-date: /home/group_c/tas2-software/install/tas2/share/tas2/maps/LSR_N5_TASlab.pgm
[0.832s] -- Up-to-date: /home/group_c/tas2-software/install/tas2/share/tas2/maps/LSR_N5_basement.pgm
[0.833s] -- Up-to-date: /home/group_c/tas2-software/install/tas2/share/tas2/models
[0.833s] -- Up-to-date: /home/group_c/tas2-software/install/tas2/share/tas2/models/tas_car.urdf.xacro
[0.833s] -- Up-to-date: /home/group_c/tas2-software/install/tas2/share/tas2/models/sensor_camera.urdf
[0.834s] -- Up-to-date: /home/group_c/tas2-software/install/tas2/share/tas2/models/sensor_imu.urdf
[0.834s] -- Up-to-date: /home/group_c/tas2-software/install/tas2/share/tas2/models/sensor_lidar_front.urdf
[0.834s] -- Up-to-date: /home/group_c/tas2-software/install/tas2/share/tas2/models/sensor_lidar_back.urdf
[0.834s] -- Up-to-date: /home/group_c/tas2-software/install/tas2/share/tas2/models/meshes
[0.834s] -- Up-to-date: /home/group_c/tas2-software/install/tas2/share/tas2/models/meshes/model_wheel_right_collision.dae
[0.834s] -- Up-to-date: /home/group_c/tas2-software/install/tas2/share/tas2/models/meshes/d435.dae
[0.834s] -- Up-to-date: /home/group_c/tas2-software/install/tas2/share/tas2/models/meshes/model_base_reduced.dae
[0.835s] -- Up-to-date: /home/group_c/tas2-software/install/tas2/share/tas2/models/meshes/hokuyo.dae
[0.835s] -- Up-to-date: /home/group_c/tas2-software/install/tas2/share/tas2/models/meshes/model_wheel_left.dae
[0.835s] -- Up-to-date: /home/group_c/tas2-software/install/tas2/share/tas2/models/meshes/model_wheel_left_collision.dae
[0.835s] -- Up-to-date: /home/group_c/tas2-software/install/tas2/share/tas2/models/meshes/model_wheel_right.dae
[0.835s] -- Up-to-date: /home/group_c/tas2-software/install/tas2/share/tas2/models/tas_car copy.urdf
[0.835s] -- Up-to-date: /home/group_c/tas2-software/install/tas2/share/tas2/models/obsolet
[0.835s] -- Up-to-date: /home/group_c/tas2-software/install/tas2/share/tas2/models/obsolet/gazebo_ackermann.urdf
[0.835s] -- Up-to-date: /home/group_c/tas2-software/install/tas2/share/tas2/models/obsolet/gazebo_diff_drive_2wd.urdf
[0.835s] -- Up-to-date: /home/group_c/tas2-software/install/tas2/share/tas2/models/obsolet/gazebo_diff_drive.urdf
[0.836s] -- Up-to-date: /home/group_c/tas2-software/install/tas2/share/tas2/models/obsolet/gazebo_tricycle.urdf
[0.836s] -- Up-to-date: /home/group_c/tas2-software/install/tas2/share/tas2/models/obsolet/tas_car.sdf
[0.840s] -- Up-to-date: /home/group_c/tas2-software/install/tas2/share/tas2/models/materials.urdf
[0.841s] -- Up-to-date: /home/group_c/tas2-software/install/tas2/share/tas2/models/wheels.urdf
[0.841s] -- Up-to-date: /home/group_c/tas2-software/install/tas2/share/tas2/models/tas_car.urdf
[0.841s] -- Up-to-date: /home/group_c/tas2-software/install/tas2/share/tas2/world
[0.842s] -- Up-to-date: /home/group_c/tas2-software/install/tas2/share/tas2/world/basement_ext.world
[0.842s] -- Up-to-date: /home/group_c/tas2-software/install/tas2/share/tas2/world/gazeboModels
[0.843s] -- Up-to-date: /home/group_c/tas2-software/install/tas2/share/tas2/world/gazeboModels/chair
[0.843s] -- Up-to-date: /home/group_c/tas2-software/install/tas2/share/tas2/world/gazeboModels/chair/meshes
[0.843s] -- Up-to-date: /home/group_c/tas2-software/install/tas2/share/tas2/world/gazeboModels/chair/meshes/M_Office_Chair_baseColor.png
[0.843s] -- Up-to-date: /home/group_c/tas2-software/install/tas2/share/tas2/world/gazeboModels/chair/meshes/chair.dae
[0.844s] -- Up-to-date: /home/group_c/tas2-software/install/tas2/share/tas2/world/gazeboModels/chair/model.config
[0.844s] -- Up-to-date: /home/group_c/tas2-software/install/tas2/share/tas2/world/gazeboModels/chair/model.sdf
[0.844s] -- Up-to-date: /home/group_c/tas2-software/install/tas2/share/tas2/world/gazeboModels/monitor
[0.844s] -- Up-to-date: /home/group_c/tas2-software/install/tas2/share/tas2/world/gazeboModels/monitor/meshes
[0.845s] -- Up-to-date: /home/group_c/tas2-software/install/tas2/share/tas2/world/gazeboModels/monitor/meshes/Monitor_01_Complete_Monitor_01_BaseColor.jpg
[0.845s] -- Up-to-date: /home/group_c/tas2-software/install/tas2/share/tas2/world/gazeboModels/monitor/meshes/monitor.dae
[0.845s] -- Up-to-date: /home/group_c/tas2-software/install/tas2/share/tas2/world/gazeboModels/monitor/meshes/Monitor_01_Complete_Monitor_01_Decals_Base.jpg
[0.845s] -- Up-to-date: /home/group_c/tas2-software/install/tas2/share/tas2/world/gazeboModels/monitor/meshes/Monitor_01_Complete_Monitor_01_BaseColor.jpg.001.jpg
[0.857s] -- Up-to-date: /home/group_c/tas2-software/install/tas2/share/tas2/world/gazeboModels/monitor/meshes/Monitor_01_Complete_Monitor_01_Decals_Base.jpg.001.jpg
[0.857s] -- Up-to-date: /home/group_c/tas2-software/install/tas2/share/tas2/world/gazeboModels/monitor/model.config
[0.857s] -- Up-to-date: /home/group_c/tas2-software/install/tas2/share/tas2/world/gazeboModels/monitor/model.sdf
[0.857s] -- Up-to-date: /home/group_c/tas2-software/install/tas2/share/tas2/world/gazeboModels/doorxl
[0.857s] -- Up-to-date: /home/group_c/tas2-software/install/tas2/share/tas2/world/gazeboModels/doorxl/meshes
[0.857s] -- Up-to-date: /home/group_c/tas2-software/install/tas2/share/tas2/world/gazeboModels/doorxl/meshes/doorxl.dae
[0.857s] -- Up-to-date: /home/group_c/tas2-software/install/tas2/share/tas2/world/gazeboModels/doorxl/model.config
[0.857s] -- Up-to-date: /home/group_c/tas2-software/install/tas2/share/tas2/world/gazeboModels/doorxl/model.sdf
[0.858s] -- Up-to-date: /home/group_c/tas2-software/install/tas2/share/tas2/world/gazeboModels/keyboard
[0.858s] -- Up-to-date: /home/group_c/tas2-software/install/tas2/share/tas2/world/gazeboModels/keyboard/meshes
[0.858s] -- Up-to-date: /home/group_c/tas2-software/install/tas2/share/tas2/world/gazeboModels/keyboard/meshes/keyboard.dae
[0.858s] -- Up-to-date: /home/group_c/tas2-software/install/tas2/share/tas2/world/gazeboModels/keyboard/meshes/Keyboard_1001_AlbedoTransparency.png
[0.858s] -- Up-to-date: /home/group_c/tas2-software/install/tas2/share/tas2/world/gazeboModels/keyboard/model.config
[0.858s] -- Up-to-date: /home/group_c/tas2-software/install/tas2/share/tas2/world/gazeboModels/keyboard/model.sdf
[0.858s] -- Up-to-date: /home/group_c/tas2-software/install/tas2/share/tas2/world/gazeboModels/office_table
[0.858s] -- Up-to-date: /home/group_c/tas2-software/install/tas2/share/tas2/world/gazeboModels/office_table/meshes
[0.858s] -- Up-to-date: /home/group_c/tas2-software/install/tas2/share/tas2/world/gazeboModels/office_table/meshes/office_table.dae
[0.858s] -- Up-to-date: /home/group_c/tas2-software/install/tas2/share/tas2/world/gazeboModels/office_table/meshes/Untitled.png
[0.859s] -- Up-to-date: /home/group_c/tas2-software/install/tas2/share/tas2/world/gazeboModels/office_table/model.config
[0.859s] -- Up-to-date: /home/group_c/tas2-software/install/tas2/share/tas2/world/gazeboModels/office_table/model.sdf
[0.859s] -- Up-to-date: /home/group_c/tas2-software/install/tas2/share/tas2/world/gazeboModels/basement
[0.859s] -- Up-to-date: /home/group_c/tas2-software/install/tas2/share/tas2/world/gazeboModels/basement/model.config
[0.859s] -- Up-to-date: /home/group_c/tas2-software/install/tas2/share/tas2/world/gazeboModels/basement/model.sdf
[0.859s] -- Up-to-date: /home/group_c/tas2-software/install/tas2/share/tas2/world/gazeboModels/stairs
[0.859s] -- Up-to-date: /home/group_c/tas2-software/install/tas2/share/tas2/world/gazeboModels/stairs/meshes
[0.859s] -- Up-to-date: /home/group_c/tas2-software/install/tas2/share/tas2/world/gazeboModels/stairs/meshes/stairs.dae
[0.859s] -- Up-to-date: /home/group_c/tas2-software/install/tas2/share/tas2/world/gazeboModels/stairs/model.config
[0.860s] -- Up-to-date: /home/group_c/tas2-software/install/tas2/share/tas2/world/gazeboModels/stairs/model.sdf
[0.860s] -- Up-to-date: /home/group_c/tas2-software/install/tas2/share/tas2/world/gazeboModels/my_ground_plane
[0.860s] -- Up-to-date: /home/group_c/tas2-software/install/tas2/share/tas2/world/gazeboModels/my_ground_plane/model.config
[0.860s] -- Up-to-date: /home/group_c/tas2-software/install/tas2/share/tas2/world/gazeboModels/my_ground_plane/model.sdf
[0.860s] -- Up-to-date: /home/group_c/tas2-software/install/tas2/share/tas2/world/gazeboModels/my_ground_plane/materials
[0.860s] -- Up-to-date: /home/group_c/tas2-software/install/tas2/share/tas2/world/gazeboModels/my_ground_plane/materials/textures
[0.860s] -- Up-to-date: /home/group_c/tas2-software/install/tas2/share/tas2/world/gazeboModels/my_ground_plane/materials/textures/floor.jpg
[0.860s] -- Up-to-date: /home/group_c/tas2-software/install/tas2/share/tas2/world/gazeboModels/my_ground_plane/materials/scripts
[0.860s] -- Up-to-date: /home/group_c/tas2-software/install/tas2/share/tas2/world/gazeboModels/my_ground_plane/materials/scripts/my_ground_plane.material
[0.860s] -- Up-to-date: /home/group_c/tas2-software/install/tas2/share/tas2/world/gazeboModels/workbench
[0.860s] -- Up-to-date: /home/group_c/tas2-software/install/tas2/share/tas2/world/gazeboModels/workbench/meshes
[0.861s] -- Up-to-date: /home/group_c/tas2-software/install/tas2/share/tas2/world/gazeboModels/workbench/meshes/WorkBench_PBR_SG_baseColor.png.001.png
[0.861s] -- Up-to-date: /home/group_c/tas2-software/install/tas2/share/tas2/world/gazeboModels/workbench/meshes/workbench.dae
[0.861s] -- Up-to-date: /home/group_c/tas2-software/install/tas2/share/tas2/world/gazeboModels/workbench/model.config
[0.861s] -- Up-to-date: /home/group_c/tas2-software/install/tas2/share/tas2/world/gazeboModels/workbench/model.sdf
[0.861s] -- Up-to-date: /home/group_c/tas2-software/install/tas2/share/tas2/world/gazeboModels/person_walking
[0.861s] -- Up-to-date: /home/group_c/tas2-software/install/tas2/share/tas2/world/gazeboModels/person_walking/meshes
[0.861s] -- Up-to-date: /home/group_c/tas2-software/install/tas2/share/tas2/world/gazeboModels/person_walking/meshes/walking.dae
[0.861s] -- Up-to-date: /home/group_c/tas2-software/install/tas2/share/tas2/world/gazeboModels/person_walking/model.config
[0.861s] -- Up-to-date: /home/group_c/tas2-software/install/tas2/share/tas2/world/gazeboModels/person_walking/model.sdf
[0.861s] -- Up-to-date: /home/group_c/tas2-software/install/tas2/share/tas2/world/gazeboModels/person_walking/materials
[0.861s] -- Up-to-date: /home/group_c/tas2-software/install/tas2/share/tas2/world/gazeboModels/person_walking/materials/textures
[0.862s] -- Up-to-date: /home/group_c/tas2-software/install/tas2/share/tas2/world/gazeboModels/person_walking/materials/textures/tshirt02_texture.png
[0.862s] -- Up-to-date: /home/group_c/tas2-software/install/tas2/share/tas2/world/gazeboModels/person_walking/materials/textures/tshirt02_normals.png
[0.862s] -- Up-to-date: /home/group_c/tas2-software/install/tas2/share/tas2/world/gazeboModels/person_walking/materials/textures/male02_diffuse_black-unmodified.png
[0.862s] -- Up-to-date: /home/group_c/tas2-software/install/tas2/share/tas2/world/gazeboModels/person_walking/materials/textures/young_lightskinned_male_diffuse.png
[0.862s] -- Up-to-date: /home/group_c/tas2-software/install/tas2/share/tas2/world/gazeboModels/person_walking/materials/textures/teeth.png
[0.862s] -- Up-to-date: /home/group_c/tas2-software/install/tas2/share/tas2/world/gazeboModels/person_walking/materials/textures/eyebrow001-unmodified.png
[0.862s] -- Up-to-date: /home/group_c/tas2-software/install/tas2/share/tas2/world/gazeboModels/person_walking/materials/textures/jeans01_normals.png
[0.862s] -- Up-to-date: /home/group_c/tas2-software/install/tas2/share/tas2/world/gazeboModels/person_walking/materials/textures/green_eye.png
[0.862s] -- Up-to-date: /home/group_c/tas2-software/install/tas2/share/tas2/world/gazeboModels/person_walking/materials/textures/male02_diffuse_black.png
[0.862s] -- Up-to-date: /home/group_c/tas2-software/install/tas2/share/tas2/world/gazeboModels/person_walking/materials/textures/jeans_basic_diffuse.png
[0.863s] -- Up-to-date: /home/group_c/tas2-software/install/tas2/share/tas2/world/gazeboModels/person_walking/materials/textures/eyebrow001.png
[0.863s] -- Up-to-date: /home/group_c/tas2-software/install/tas2/share/tas2/world/gazeboModels/box
[0.863s] -- Up-to-date: /home/group_c/tas2-software/install/tas2/share/tas2/world/gazeboModels/box/meshes
[0.863s] -- Up-to-date: /home/group_c/tas2-software/install/tas2/share/tas2/world/gazeboModels/box/meshes/crate01.jpg
[0.863s] -- Up-to-date: /home/group_c/tas2-software/install/tas2/share/tas2/world/gazeboModels/box/meshes/box.dae
[0.863s] -- Up-to-date: /home/group_c/tas2-software/install/tas2/share/tas2/world/gazeboModels/box/model.config
[0.863s] -- Up-to-date: /home/group_c/tas2-software/install/tas2/share/tas2/world/gazeboModels/box/model.sdf
[0.863s] -- Up-to-date: /home/group_c/tas2-software/install/tas2/share/tas2/world/gazeboModels/door
[0.863s] -- Up-to-date: /home/group_c/tas2-software/install/tas2/share/tas2/world/gazeboModels/door/meshes
[0.863s] -- Up-to-date: /home/group_c/tas2-software/install/tas2/share/tas2/world/gazeboModels/door/meshes/door.dae
[0.863s] -- Up-to-date: /home/group_c/tas2-software/install/tas2/share/tas2/world/gazeboModels/door/model.config
[0.864s] -- Up-to-date: /home/group_c/tas2-software/install/tas2/share/tas2/world/gazeboModels/door/model.sdf
[0.864s] -- Up-to-date: /home/group_c/tas2-software/install/tas2/share/tas2/world/gazeboModels/cabinet
[0.864s] -- Up-to-date: /home/group_c/tas2-software/install/tas2/share/tas2/world/gazeboModels/cabinet/meshes
[0.864s] -- Up-to-date: /home/group_c/tas2-software/install/tas2/share/tas2/world/gazeboModels/cabinet/meshes/cabinet.dae
[0.864s] -- Up-to-date: /home/group_c/tas2-software/install/tas2/share/tas2/world/gazeboModels/cabinet/model.config
[0.864s] -- Up-to-date: /home/group_c/tas2-software/install/tas2/share/tas2/world/gazeboModels/cabinet/model.sdf
[0.864s] -- Up-to-date: /home/group_c/tas2-software/install/tas2/share/tas2/world/gazeboModels/pc
[0.864s] -- Up-to-date: /home/group_c/tas2-software/install/tas2/share/tas2/world/gazeboModels/pc/meshes
[0.864s] -- Up-to-date: /home/group_c/tas2-software/install/tas2/share/tas2/world/gazeboModels/pc/meshes/Material.001_baseColor.png
[0.864s] -- Up-to-date: /home/group_c/tas2-software/install/tas2/share/tas2/world/gazeboModels/pc/meshes/pc.dae
[0.864s] -- Up-to-date: /home/group_c/tas2-software/install/tas2/share/tas2/world/gazeboModels/pc/model.config
[0.865s] -- Up-to-date: /home/group_c/tas2-software/install/tas2/share/tas2/world/gazeboModels/pc/model.sdf
[0.865s] -- Up-to-date: /home/group_c/tas2-software/install/tas2/share/tas2/world/basement.world
[0.865s] -- Up-to-date: /home/group_c/tas2-software/install/tas2/share/ament_index/resource_index/package_run_dependencies/tas2
[0.865s] -- Up-to-date: /home/group_c/tas2-software/install/tas2/share/ament_index/resource_index/parent_prefix_path/tas2
[0.865s] -- Up-to-date: /home/group_c/tas2-software/install/tas2/share/tas2/environment/ament_prefix_path.sh
[0.865s] -- Up-to-date: /home/group_c/tas2-software/install/tas2/share/tas2/environment/ament_prefix_path.dsv
[0.865s] -- Up-to-date: /home/group_c/tas2-software/install/tas2/share/tas2/environment/path.sh
[0.865s] -- Up-to-date: /home/group_c/tas2-software/install/tas2/share/tas2/environment/path.dsv
[0.866s] -- Up-to-date: /home/group_c/tas2-software/install/tas2/share/tas2/local_setup.bash
[0.866s] -- Up-to-date: /home/group_c/tas2-software/install/tas2/share/tas2/local_setup.sh
[0.866s] -- Up-to-date: /home/group_c/tas2-software/install/tas2/share/tas2/local_setup.zsh
[0.866s] -- Up-to-date: /home/group_c/tas2-software/install/tas2/share/tas2/local_setup.dsv
[0.866s] -- Installing: /home/group_c/tas2-software/install/tas2/share/tas2/package.dsv
[0.866s] -- Up-to-date: /home/group_c/tas2-software/install/tas2/share/ament_index/resource_index/packages/tas2
[0.866s] -- Up-to-date: /home/group_c/tas2-software/install/tas2/share/tas2/cmake/tas2Config.cmake
[0.866s] -- Up-to-date: /home/group_c/tas2-software/install/tas2/share/tas2/cmake/tas2Config-version.cmake
[0.867s] -- Up-to-date: /home/group_c/tas2-software/install/tas2/share/tas2/package.xml
[0.867s] Invoked command in '/home/group_c/tas2-software/build/tas2' returned '0': CMAKE_PREFIX_PATH=${CMAKE_PREFIX_PATH}:/home/group_c/tas2-software/install/tas_hardware:/home/group_c/tas2-software/install/object_tracker:/opt/ros/humble /usr/bin/cmake --install /home/group_c/tas2-software/build/tas2
